#
# A fatal error has been detected by the Java Runtime Environment:
#
#  EXCEPTION_ACCESS_VIOLATION (0xc0000005) at pc=0x00000195ce81687e, pid=8416, tid=5160
#
# JRE version: OpenJDK Runtime Environment Temurin-17.0.1+12 (17.0.1+12) (build 17.0.1+12)
# Java VM: OpenJDK 64-Bit Server VM Temurin-17.0.1+12 (17.0.1+12, mixed mode, sharing, tiered, compressed oops, compressed class ptrs, g1 gc, windows-amd64)
# Problematic frame:
# J 304 c1 java.nio.DirectIntBufferU.get(I)I java.base@17.0.1 (34 bytes) @ 0x00000195ce81687e [0x00000195ce8163c0+0x00000000000004be]
#
# No core dump will be written. Minidumps are not enabled by default on client versions of Windows
#
# If you would like to submit a bug report, please visit:
#   https://github.com/adoptium/adoptium-support/issues
#

---------------  S U M M A R Y ------------

Command Line: -Dfile.encoding=windows-1252 -Duser.country=US -Duser.language=en -Duser.variant FastPrime.Main

Host: 11th Gen Intel(R) Core(TM) i5-1135G7 @ 2.40GHz, 8 cores, 7G,  Windows 10 , 64 bit Build 22000 (10.0.22000.708)
Time: Sun Oct  2 02:04:03 2022 Korea Standard Time elapsed time: 0.443899 seconds (0d 0h 0m 0s)

---------------  T H R E A D  ---------------

Current thread (0x00000195c673fb00):  JavaThread "main" [_thread_in_Java, id=5160, stack(0x0000004f68900000,0x0000004f68a00000)]

Stack: [0x0000004f68900000,0x0000004f68a00000],  sp=0x0000004f689ff5c0,  free space=1021k
Native frames: (J=compiled Java code, j=interpreted, Vv=VM code, C=native code)
C  0x00000195ce81687e


siginfo: EXCEPTION_ACCESS_VIOLATION (0xc0000005), reading address 0x000000000000001c


Register to memory mapping:

RIP=0x00000195ce81687e is at entry_point+1214 in (nmethod*)0x00000195ce816190
RAX=0x000000000000001c is an unknown value
RBX=0x000000000000002d is an unknown value
RCX=0x0000000000000002 is an unknown value
RDX=0x0 is NULL
RSP=0x0000004f689ff5c0 is pointing into the stack for thread: 0x00000195c673fb00
RBP=0x0000004f689ff708 is pointing into the stack for thread: 0x00000195c673fb00
RSI=0x0 is NULL
RDI=0x0000000000000110 is an unknown value
R8 =0x0 is NULL
R9 =0x0000000000000020 is an unknown value
R10=0x00000008000a4f40 is a pointer to class: 
jdk.internal.misc.ScopedMemoryAccess {0x00000008000a4f48}
 - instance size:     2
 - klass size:        252
 - access:            public synchronized 
 - state:             fully_initialized
 - name:              'jdk/internal/misc/ScopedMemoryAccess'
 - super:             'java/lang/Object'
 - sub:               
 - arrays:            NULL
 - methods:           Array<T>(0x000000080066b7b8)
 - method ordering:   Array<T>(0x0000000800676b60)
 - default_methods:   Array<T>(0x0000000000000000)
 - local interfaces:  Array<T>(0x00000008005aed70)
 - trans. interfaces: Array<T>(0x00000008005aed70)
 - constants:         constant pool [1384] {0x000000080065f440} for 'jdk/internal/misc/ScopedMemoryAccess' cache=0x00000008000a6000
 - class loader data:  loader data: 0x00000195c681ed50 of 'bootstrap'
 - source file:       'ScopedMemoryAccess.java'
 - class annotations:       Array<T>(0x0000000000000000)
 - class type annotations:  Array<T>(0x0000000000000000)
 - field annotations:       Array<T>(0x0000000000000000)
 - field type annotations:  Array<T>(0x0000000000000000)
 - inner classes:     Array<T>(0x000000080066b760)
 - nest members:     Array<T>(0x0000000800677160)
 - permitted subclasses:     Array<T>(0x00000008005aed00)
 - java mirror:       a 'java/lang/Class'{0x000000008a522670} = 'jdk/internal/misc/ScopedMemoryAccess'
 - vtable length      193  (start addr: 0x00000008000a5108)
 - itable length      2 (start addr: 0x00000008000a5710)
 - ---- static fields (1 words):
 - private static final 'UNSAFE' 'Ljdk/internal/misc/Unsafe;' @112 
 - private static final 'theScopedMemoryAccess' 'Ljdk/internal/misc/ScopedMemoryAccess;' @116 
 - ---- non-static fields (0 words):
 - non-static oop maps: 
R11=0x00000195ce8163e0 is at entry_point+32 in (nmethod*)0x00000195ce816190
R12=0x0 is NULL
R13=0x0000004f689ff6b0 is pointing into the stack for thread: 0x00000195c673fb00
R14=0x0 is NULL
R15=0x00000195c673fb00 is a thread


Registers:
RAX=0x000000000000001c, RBX=0x000000000000002d, RCX=0x0000000000000002, RDX=0x0000000000000000
RSP=0x0000004f689ff5c0, RBP=0x0000004f689ff708, RSI=0x0000000000000000, RDI=0x0000000000000110
R8 =0x0000000000000000, R9 =0x0000000000000020, R10=0x00000008000a4f40, R11=0x00000195ce8163e0
R12=0x0000000000000000, R13=0x0000004f689ff6b0, R14=0x0000000000000000, R15=0x00000195c673fb00
RIP=0x00000195ce81687e, EFLAGS=0x0000000000010246

Top of Stack: (sp=0x0000004f689ff5c0)
0x0000004f689ff5c0:   0000000000000001 000000000000001c
0x0000004f689ff5d0:   0000000000000000 000000008a37ef40
0x0000004f689ff5e0:   0000004f689ff5e0 00000195e5018bd8
0x0000004f689ff5f0:   0000004f689ff648 00000195e5021ed8
0x0000004f689ff600:   0000000000000000 000000008a49a1d8
0x0000004f689ff610:   00000195e5018c00 0000000000000000
0x0000004f689ff620:   0000004f689ff638 0000004f689ff698
0x0000004f689ff630:   00000195ce219657 0000000000000001
0x0000004f689ff640:   000000000000001c 0000000000000000
0x0000004f689ff650:   0000004f689ff650 000000008a2f1a38
0x0000004f689ff660:   0000004f00000000 0000000000000000
0x0000004f689ff670:   0000000000000000 000000008a3dc380
0x0000004f689ff680:   00000195e50581e8 0000000000000000
0x0000004f689ff690:   0000004f689ff708 00000195ce219612
0x0000004f689ff6a0:   00000195ce219657 00000195ce219612
0x0000004f689ff6b0:   0000000000000000 000000008a2f1a38 

Instructions: (pc=0x00000195ce81687e)
0x00000195ce81677e:   8b 5b 08 49 ba 00 00 00 00 08 00 00 00 49 03 da
0x00000195ce81678e:   48 33 5f 18 48 f7 c3 fc ff ff ff 74 35 48 f7 c3
0x00000195ce81679e:   02 00 00 00 75 2c 48 81 7f 18 00 00 00 00 74 1e
0x00000195ce8167ae:   48 81 7f 18 01 00 00 00 74 14 48 33 5f 18 48 f7
0x00000195ce8167be:   c3 fc ff ff ff 74 0b 48 83 4f 18 02 eb 04 48 89
0x00000195ce8167ce:   5f 18 48 bf e8 d1 ce e4 95 01 00 00 48 83 87 10
0x00000195ce8167de:   01 00 00 01 48 ba c8 d3 ce e4 95 01 00 00 8b ba
0x00000195ce8167ee:   cc 00 00 00 83 c7 02 89 ba cc 00 00 00 81 e7 fe
0x00000195ce8167fe:   ff 1f 00 83 ff 00 0f 84 07 03 00 00 48 83 fe 00
0x00000195ce81680e:   48 ba c8 d3 ce e4 95 01 00 00 48 bf 10 01 00 00
0x00000195ce81681e:   00 00 00 00 0f 84 0a 00 00 00 48 bf 20 01 00 00
0x00000195ce81682e:   00 00 00 00 48 8b 1c 3a 48 8d 5b 01 48 89 1c 3a
0x00000195ce81683e:   0f 84 30 00 00 00 48 89 84 24 b0 00 00 00 48 8b
0x00000195ce81684e:   d6 48 89 b4 24 a8 00 00 00 66 0f 1f 44 00 00 48
0x00000195ce81685e:   b8 ff ff ff ff ff ff ff ff e8 14 72 a4 ff 48 8b
0x00000195ce81686e:   84 24 b0 00 00 00 48 ba 00 00 00 00 00 00 00 00
0x00000195ce81687e:   8b 04 02 48 ba c8 d3 ce e4 95 01 00 00 48 83 82
0x00000195ce81688e:   b8 01 00 00 01 48 ba 68 53 c7 e4 95 01 00 00 8b
0x00000195ce81689e:   b2 cc 00 00 00 83 c6 02 89 b2 cc 00 00 00 81 e6
0x00000195ce8168ae:   fe ff 1f 00 83 fe 00 0f 84 77 02 00 00 48 ba 28
0x00000195ce8168be:   ce ce e4 95 01 00 00 48 83 82 18 02 00 00 01 48
0x00000195ce8168ce:   ba 68 53 c7 e4 95 01 00 00 8b b2 cc 00 00 00 83
0x00000195ce8168de:   c6 02 89 b2 cc 00 00 00 81 e6 fe ff 1f 00 83 fe
0x00000195ce8168ee:   00 0f 84 5e 02 00 00 48 81 c4 d0 00 00 00 5d 49
0x00000195ce8168fe:   3b a7 40 03 00 00 0f 87 6a 02 00 00 c3 49 8b 87
0x00000195ce81690e:   d0 03 00 00 4d 33 d2 4d 89 97 d0 03 00 00 4d 33
0x00000195ce81691e:   d2 4d 89 97 d8 03 00 00 48 ba c8 d3 ce e4 95 01
0x00000195ce81692e:   00 00 48 83 82 c8 01 00 00 01 48 ba 68 53 c7 e4
0x00000195ce81693e:   95 01 00 00 8b b2 cc 00 00 00 83 c6 02 89 b2 cc
0x00000195ce81694e:   00 00 00 81 e6 fe ff 1f 00 83 fe 00 0f 84 2a 02
0x00000195ce81695e:   00 00 48 ba 60 69 81 ce 95 01 00 00 e8 11 30 af
0x00000195ce81696e:   ff 90 49 8b 87 d0 03 00 00 4d 33 d2 4d 89 97 d0 


Stack slot to memory mapping:
stack at sp + 0 slots: 0x0000000000000001 is an unknown value
stack at sp + 1 slots: 0x000000000000001c is an unknown value
stack at sp + 2 slots: 0x0 is NULL
stack at sp + 3 slots: 0x000000008a37ef40 is an oop: java.lang.Class 
{0x000000008a37ef40} - klass: 'java/lang/Class'
 - ---- fields (total size 16 words):
 - private volatile transient 'classRedefinedCount' 'I' @12  0
 - private volatile transient 'cachedConstructor' 'Ljava/lang/reflect/Constructor;' @40  NULL (0)
 - private transient 'name' 'Ljava/lang/String;' @44  NULL (0)
 - private transient 'module' 'Ljava/lang/Module;' @48  a 'java/lang/Module'{0x000000008a564e28} (8a564e28)
 - private final 'classLoader' 'Ljava/lang/ClassLoader;' @52  NULL (0)
 - private transient 'classData' 'Ljava/lang/Object;' @56  NULL (0)
 - private transient 'packageName' 'Ljava/lang/String;' @60  NULL (0)
 - private final 'componentType' 'Ljava/lang/Class;' @64  NULL (0)
 - private volatile transient 'reflectionData' 'Ljava/lang/ref/SoftReference;' @68  a 'java/lang/ref/SoftReference'{0x000000008a20d770} (8a20d770)
 - private volatile transient 'genericInfo' 'Lsun/reflect/generics/repository/ClassRepository;' @72  NULL (0)
 - private volatile transient 'enumConstants' '[Ljava/lang/Object;' @76  NULL (0)
 - private volatile transient 'enumConstantDirectory' 'Ljava/util/Map;' @80  NULL (0)
 - private volatile transient 'annotationData' 'Ljava/lang/Class$AnnotationData;' @84  NULL (0)
 - private volatile transient 'annotationType' 'Lsun/reflect/annotation/AnnotationType;' @88  NULL (0)
 - transient 'classValueMap' 'Ljava/lang/ClassValue$ClassValueMap;' @92  NULL (0)
 - signature: Ljava/nio/DirectIntBufferU;
 - fake entry for mirror: 'java/nio/DirectIntBufferU'
 - fake entry for array: NULL
 - fake entry for oop_size: 16
 - fake entry for static_oop_field_count: 0
 - private static final 'ARRAY_BASE_OFFSET' 'J' @112  16 (10 0)
 - protected static final 'UNALIGNED' 'Z' @120  true
 - static final synthetic '$assertionsDisabled' 'Z' @121  true
stack at sp + 4 slots: 0x0000004f689ff5e0 is pointing into the stack for thread: 0x00000195c673fb00
stack at sp + 5 slots: 0x00000195e5018bd8 is pointing into metadata
stack at sp + 6 slots: 0x0000004f689ff648 is pointing into the stack for thread: 0x00000195c673fb00
stack at sp + 7 slots: 0x00000195e5021ed8 is pointing into metadata

--------------------------------------------------------------------------------
[Constant Pool (empty)]

--------------------------------------------------------------------------------

[MachCode]
  0x00000195ce8163c0: 448b 5208 | 49bb 0000 | 0000 0800 | 0000 4d03 | d34c 3bd0 | 0f85 a66b | a4ff 660f | 1f44 0000 
  0x00000195ce8163e0: 8984 2400 | 90ff ff55 | 4881 ecd0 | 0000 0048 | 8994 2498 | 0000 0048 | be28 cece | e495 0100 
  0x00000195ce816400: 008b becc | 0000 0083 | c702 89be | cc00 0000 | 81e7 fe07 | 0000 83ff | 000f 8477 | 0600 0048 
  0x00000195ce816420: 8bf2 48bf | 28ce cee4 | 9501 0000 | 4883 8710 | 0100 0001 | 48be d058 | c7e4 9501 | 0000 8bbe 
  0x00000195ce816440: cc00 0000 | 83c7 0289 | becc 0000 | 0081 e7fe | ff1f 0083 | ff00 0f84 | 5b06 0000 | 8b72 2448 
  0x00000195ce816460: 83fe 0048 | bfd0 58c7 | e495 0100 | 0048 bb10 | 0100 0000 | 0000 000f | 840a 0000 | 0048 bb20 
  0x00000195ce816480: 0100 0000 | 0000 0048 | 8b04 1f48 | 8d40 0148 | 8904 1f44 | 8984 24a0 | 0000 000f | 84b8 0000 
  0x00000195ce8164a0: 0048 3b06 | 488b fe48 | bbd0 58c7 | e495 0100 | 008b 7f08 | 49ba 0000 | 0000 0800 | 0000 4903 
  0x00000195ce8164c0: fa48 3bbb | 4001 0000 | 750d 4883 | 8348 0100 | 0001 e966 | 0000 0048 | 3bbb 5001 | 0000 750d 
  0x00000195ce8164e0: 4883 8358 | 0100 0001 | e950 0000 | 0048 81bb | 4001 0000 | 0000 0000 | 7517 4889 | bb40 0100 
  0x00000195ce816500: 0048 c783 | 4801 0000 | 0100 0000 | e92c 0000 | 0048 81bb | 5001 0000 | 0000 0000 | 7517 4889 
  0x00000195ce816520: bb50 0100 | 0048 c783 | 5801 0000 | 0100 0000 | e908 0000 | 0048 8383 | 3001 0000 | 0148 8bd6 
  0x00000195ce816540: 0f1f 4400 | 0048 b8ff | ffff ffff | ffff ffe8 | 2c75 a4ff | e90a 0000 | 0048 b800 | 0000 0000 
  0x00000195ce816560: 0000 0048 | 8984 24a8 | 0000 0044 | 8b84 24a0 | 0000 0048 | 8b94 2498 | 0000 0048 | 8bf2 48bf 
  0x00000195ce816580: 28ce cee4 | 9501 0000 | 4883 8748 | 0100 0001 | 443b 421c | 0f83 4d05 | 0000 488b | f248 bf28 
  0x00000195ce8165a0: cece e495 | 0100 0048 | 8387 8001 | 0000 0148 | 8bf2 488b | d666 90e8 | 840d 0000 | 48ba 28ce 
  0x00000195ce8165c0: cee4 9501 | 0000 488d | 92f0 0100 | 0048 8bb4 | 24a8 0000 | 0048 8bfe | 4885 ff75 | 0748 834a 
  0x00000195ce8165e0: 0801 eb52 | 8b7f 0849 | ba00 0000 | 0008 0000 | 0049 03fa | 4833 7a08 | 48f7 c7fc | ffff ff74 
  0x00000195ce816600: 3548 f7c7 | 0200 0000 | 752c 4881 | 7a08 0000 | 0000 741e | 4881 7a08 | 0100 0000 | 7414 4833 
  0x00000195ce816620: 7a08 48f7 | c7fc ffff | ff74 0b48 | 834a 0802 | eb04 4889 | 7a08 48bf | 0000 0000 | 0000 0000 
  0x00000195ce816640: 4885 ff75 | 0748 834a | 1801 eb52 | 8b7f 0849 | ba00 0000 | 0008 0000 | 0049 03fa | 4833 7a18 
  0x00000195ce816660: 48f7 c7fc | ffff ff74 | 3548 f7c7 | 0200 0000 | 752c 4881 | 7a18 0000 | 0000 741e | 4881 7a18 
  0x00000195ce816680: 0100 0000 | 7414 4833 | 7a18 48f7 | c7fc ffff | ff74 0b48 | 834a 1802 | eb04 4889 | 7a18 48ba 
  0x00000195ce8166a0: 1027 528a | 0000 0000 | 488b fa48 | bb28 cece | e495 0100 | 0049 ba40 | 4f0a 0008 | 0000 004c 
  0x00000195ce8166c0: 8993 c801 | 0000 4883 | 83d0 0100 | 0001 48bf | e8d1 cee4 | 9501 0000 | 8b9f cc00 | 0000 83c3 
  0x00000195ce8166e0: 0289 9fcc | 0000 0081 | e3fe ff1f | 0083 fb00 | 0f84 fa03 | 0000 48bf | e8d1 cee4 | 9501 0000 
  0x00000195ce816700: 488d bf48 | 0100 0048 | 8bde 4885 | db75 0748 | 834f 0801 | eb52 8b5b | 0849 ba00 | 0000 0008 
  0x00000195ce816720: 0000 0049 | 03da 4833 | 5f08 48f7 | c3fc ffff | ff74 3548 | f7c3 0200 | 0000 752c | 4881 7f08 
  0x00000195ce816740: 0000 0000 | 741e 4881 | 7f08 0100 | 0000 7414 | 4833 5f08 | 48f7 c3fc | ffff ff74 | 0b48 834f 
  0x00000195ce816760: 0802 eb04 | 4889 5f08 | 48bb 0000 | 0000 0000 | 0000 4885 | db75 0748 | 834f 1801 | eb52 8b5b 
  0x00000195ce816780: 0849 ba00 | 0000 0008 | 0000 0049 | 03da 4833 | 5f18 48f7 | c3fc ffff | ff74 3548 | f7c3 0200 
  0x00000195ce8167a0: 0000 752c | 4881 7f18 | 0000 0000 | 741e 4881 | 7f18 0100 | 0000 7414 | 4833 5f18 | 48f7 c3fc 
  0x00000195ce8167c0: ffff ff74 | 0b48 834f | 1802 eb04 | 4889 5f18 | 48bf e8d1 | cee4 9501 | 0000 4883 | 8710 0100 
  0x00000195ce8167e0: 0001 48ba | c8d3 cee4 | 9501 0000 | 8bba cc00 | 0000 83c7 | 0289 bacc | 0000 0081 | e7fe ff1f 
  0x00000195ce816800: 0083 ff00 | 0f84 0703 | 0000 4883 | fe00 48ba | c8d3 cee4 | 9501 0000 | 48bf 1001 | 0000 0000 
  0x00000195ce816820: 0000 0f84 | 0a00 0000 | 48bf 2001 | 0000 0000 | 0000 488b | 1c3a 488d | 5b01 4889 | 1c3a 0f84 
  0x00000195ce816840: 3000 0000 | 4889 8424 | b000 0000 | 488b d648 | 89b4 24a8 | 0000 0066 | 0f1f 4400 | 0048 b8ff 
  0x00000195ce816860: ffff ffff | ffff ffe8 | 1472 a4ff | 488b 8424 | b000 0000 | 48ba 0000 | 0000 0000 | 0000 8b04 
  0x00000195ce816880: 0248 bac8 | d3ce e495 | 0100 0048 | 8382 b801 | 0000 0148 | ba68 53c7 | e495 0100 | 008b b2cc 
  0x00000195ce8168a0: 0000 0083 | c602 89b2 | cc00 0000 | 81e6 feff | 1f00 83fe | 000f 8477 | 0200 0048 | ba28 cece 
  0x00000195ce8168c0: e495 0100 | 0048 8382 | 1802 0000 | 0148 ba68 | 53c7 e495 | 0100 008b | b2cc 0000 | 0083 c602 
  0x00000195ce8168e0: 89b2 cc00 | 0000 81e6 | feff 1f00 | 83fe 000f | 845e 0200 | 0048 81c4 | d000 0000 | 5d49 3ba7 
  0x00000195ce816900: 4003 0000 | 0f87 6a02 | 0000 c349 | 8b87 d003 | 0000 4d33 | d24d 8997 | d003 0000 | 4d33 d24d 
  0x00000195ce816920: 8997 d803 | 0000 48ba | c8d3 cee4 | 9501 0000 | 4883 82c8 | 0100 0001 | 48ba 6853 | c7e4 9501 
  0x00000195ce816940: 0000 8bb2 | cc00 0000 | 83c6 0289 | b2cc 0000 | 0081 e6fe | ff1f 0083 | fe00 0f84 | 2a02 0000 
  0x00000195ce816960: 48ba 6069 | 81ce 9501 | 0000 e811 | 30af ff90 | 498b 87d0 | 0300 004d | 33d2 4d89 | 97d0 0300 
  0x00000195ce816980: 004d 33d2 | 4d89 97d8 | 0300 000f | 1f44 0000 | e925 0200 | 0000 0000 | 0000 80ba | 3301 0000 
  0x00000195ce8169a0: 040f 8522 | 0200 0049 | 8b87 0801 | 0000 488d | 7828 493b | bf18 0100 | 000f 870a | 0200 0049 
  0x00000195ce8169c0: 89bf 0801 | 0000 48c7 | 0001 0000 | 0048 8bca | 49ba 0000 | 0000 0800 | 0000 492b | ca89 4808 
  0x00000195ce8169e0: 4833 c989 | 480c 4833 | c948 8948 | 1048 8948 | 1848 8948 | 204c 8bc0 | 48ba e8d1 | cee4 9501 
  0x00000195ce816a00: 0000 4883 | 8270 0100 | 0001 49b8 | 70bb 5e8a | 0000 0000 | 488b d048 | 8984 24b8 | 0000 00e8 
  0x00000195ce816a20: dc6a a4ff | 488b 8424 | b800 0000 | 48ba 2c6a | 81ce 9501 | 0000 e845 | 2faf ff90 | 498b 87d0 
  0x00000195ce816a40: 0300 004d | 33d2 4d89 | 97d0 0300 | 004d 33d2 | 4d89 97d8 | 0300 0048 | be28 cece | e495 0100 
  0x00000195ce816a60: 0048 8386 | 2802 0000 | 0148 be68 | 53c7 e495 | 0100 008b | becc 0000 | 0083 c702 | 89be cc00 
  0x00000195ce816a80: 0000 81e7 | feff 1f00 | 83ff 000f | 8445 0100 | 00e9 8001 | 0000 49ba | d8ff 0800 | 0800 0000 
  0x00000195ce816aa0: 4c89 5424 | 0848 c704 | 24ff ffff | ffe8 4e7e | afff e968 | f9ff ff49 | ba18 9f09 | 0008 0000 
  0x00000195ce816ac0: 004c 8954 | 2408 48c7 | 0424 ffff | ffff e82d | 7eaf ffe9 | 84f9 ffff | e8c3 0faf | ffe8 be0f 
  0x00000195ce816ae0: afff e8b9 | 0faf ff4c | 8904 24e8 | b009 afff | 49ba b092 | 0a00 0800 | 0000 4c89 | 5424 0848 
  0x00000195ce816b00: c704 24ff | ffff ffe8 | f47d afff | e9e5 fbff | ff49 ba78 | ea0a 0008 | 0000 004c | 8954 2408 
  0x00000195ce816b20: 48c7 0424 | ffff ffff | e8d3 7daf | ffe9 d8fc | ffff 49ba | f04e 3b00 | 0800 0000 | 4c89 5424 
  0x00000195ce816b40: 0848 c704 | 24ff ffff | ffe8 b27d | afff e968 | fdff ff49 | baf0 4e3b | 0008 0000 | 004c 8954 
  0x00000195ce816b60: 2408 48c7 | 0424 ffff | ffff e891 | 7daf ffe9 | 81fd ffff | 49ba fd68 | 81ce 9501 | 0000 4d89 
  0x00000195ce816b80: 9758 0300 | 00e9 f6dd | a4ff 49ba | f04e 3b00 | 0800 0000 | 4c89 5424 | 0848 c704 | 24ff ffff 
  0x00000195ce816ba0: ffe8 5a7d | afff e9b5 | fdff ff48 | ba00 0000 | 0000 0000 | 00b8 000f | 050a e8c1 | 5daf ffe9 
  0x00000195ce816bc0: ccfd ffff | e8d7 0eaf | ff48 8bd2 | e8af 1daf | ffe9 1ffe | ffff 49ba | f04e 3b00 | 0800 0000 
  0x00000195ce816be0: 4c89 5424 | 0848 c704 | 24ff ffff | ffe8 0e7d | afff e99a | feff ff90 | 9049 8b87 | d003 0000 
  0x00000195ce816c00: 49c7 87d0 | 0300 0000 | 0000 0049 | c787 d803 | 0000 0000 | 0000 4881 | c4d0 0000 | 005d e9dd 
  0x00000195ce816c20: fbae fff4 | f4f4 f4f4 | f4f4 f4f4 | f4f4 f4f4 | f4f4 f4f4 | f4f4 f4f4 | f4f4 f4f4 | f4f4 f4f4 
  0x00000195ce816c40: 0f1f 4400 | 0048 bb00 | 0000 0000 | 0000 00e9 | fbff ffff | 9048 bb00 | 0000 0000 | 0000 00e9 
  0x00000195ce816c60: fbff ffff | 9048 bb00 | 0000 0000 | 0000 00e9 | fbff ffff | 9048 bb00 | 0000 0000 | 0000 00e9 
  0x00000195ce816c80: fbff ffff | e8f7 33af | ff48 b918 | 3c8e eaff | 7f00 0048 | 83e4 f049 | baa0 8d56 | eaff 7f00 
  0x00000195ce816ca0: 0041 ffd2 | f449 baa5 | 6c81 ce95 | 0100 0041 | 52e9 eaf1 | a4ff f4f4 
[/MachCode]
--------------------------------------------------------------------------------


---------------  P R O C E S S  ---------------

Threads class SMR info:
_java_thread_list=0x00000195e54cc640, length=12, elements={
0x00000195c673fb00, 0x00000195e49a9410, 0x00000195e49a9fc0, 0x00000195e49bf910,
0x00000195e49c04c0, 0x00000195e49c2e80, 0x00000195e49c5c50, 0x00000195e49d1920,
0x00000195e49fc040, 0x00000195e49fc940, 0x00000195e54cbe30, 0x00000195e54d2ad0
}

Java Threads: ( => current thread )
=>0x00000195c673fb00 JavaThread "main" [_thread_in_Java, id=5160, stack(0x0000004f68900000,0x0000004f68a00000)]
  0x00000195e49a9410 JavaThread "Reference Handler" daemon [_thread_blocked, id=18348, stack(0x0000004f69000000,0x0000004f69100000)]
  0x00000195e49a9fc0 JavaThread "Finalizer" daemon [_thread_blocked, id=15424, stack(0x0000004f69100000,0x0000004f69200000)]
  0x00000195e49bf910 JavaThread "Signal Dispatcher" daemon [_thread_blocked, id=12768, stack(0x0000004f69200000,0x0000004f69300000)]
  0x00000195e49c04c0 JavaThread "Attach Listener" daemon [_thread_blocked, id=9068, stack(0x0000004f69300000,0x0000004f69400000)]
  0x00000195e49c2e80 JavaThread "Service Thread" daemon [_thread_blocked, id=16340, stack(0x0000004f69400000,0x0000004f69500000)]
  0x00000195e49c5c50 JavaThread "Monitor Deflation Thread" daemon [_thread_blocked, id=16988, stack(0x0000004f69500000,0x0000004f69600000)]
  0x00000195e49d1920 JavaThread "C2 CompilerThread0" daemon [_thread_blocked, id=8984, stack(0x0000004f69600000,0x0000004f69700000)]
  0x00000195e49fc040 JavaThread "C1 CompilerThread0" daemon [_thread_blocked, id=17664, stack(0x0000004f69700000,0x0000004f69800000)]
  0x00000195e49fc940 JavaThread "Sweeper thread" daemon [_thread_blocked, id=1548, stack(0x0000004f69800000,0x0000004f69900000)]
  0x00000195e54cbe30 JavaThread "Notification Thread" daemon [_thread_blocked, id=6312, stack(0x0000004f69900000,0x0000004f69a00000)]
  0x00000195e54d2ad0 JavaThread "Common-Cleaner" daemon [_thread_blocked, id=20992, stack(0x0000004f69b00000,0x0000004f69c00000)]

Other Threads:
  0x00000195e49a5370 VMThread "VM Thread" [stack: 0x0000004f68f00000,0x0000004f69000000] [id=7704]
  0x00000195c679d3c0 WatcherThread [stack: 0x0000004f69a00000,0x0000004f69b00000] [id=17500]
  0x00000195c677ef60 GCTaskThread "GC Thread#0" [stack: 0x0000004f68a00000,0x0000004f68b00000] [id=13192]
  0x00000195c678fb00 ConcurrentGCThread "G1 Main Marker" [stack: 0x0000004f68b00000,0x0000004f68c00000] [id=16276]
  0x00000195c67923d0 ConcurrentGCThread "G1 Conc#0" [stack: 0x0000004f68c00000,0x0000004f68d00000] [id=14824]
  0x00000195e4870090 ConcurrentGCThread "G1 Refine#0" [stack: 0x0000004f68d00000,0x0000004f68e00000] [id=13068]
  0x00000195e4870950 ConcurrentGCThread "G1 Service" [stack: 0x0000004f68e00000,0x0000004f68f00000] [id=15280]

Threads with active compile tasks:

VM state: not at safepoint (normal execution)

VM Mutex/Monitor currently owned by a thread: None

Heap address: 0x0000000082800000, size: 2008 MB, Compressed Oops mode: 32-bit

CDS archive(s) mapped at: [0x0000000800000000-0x0000000800bc0000-0x0000000800bc0000), size 12320768, SharedBaseAddress: 0x0000000800000000, ArchiveRelocationMode: 0.
Compressed class space mapped at: 0x0000000800c00000-0x0000000840c00000, reserved size: 1073741824
Narrow klass base: 0x0000000800000000, Narrow klass shift: 0, Narrow klass range: 0x100000000

GC Precious Log:
 CPUs: 8 total, 8 available
 Memory: 8026M
 Large Page Support: Disabled
 NUMA Support: Disabled
 Compressed Oops: Enabled (32-bit)
 Heap Region Size: 1M
 Heap Min Capacity: 8M
 Heap Initial Capacity: 126M
 Heap Max Capacity: 2008M
 Pre-touch: Disabled
 Parallel Workers: 8
 Concurrent Workers: 2
 Concurrent Refinement Workers: 8
 Periodic GC: Disabled

Heap:
 garbage-first heap   total 129024K, used 3072K [0x0000000082800000, 0x0000000100000000)
  region size 1024K, 4 young (4096K), 0 survivors (0K)
 Metaspace       used 2005K, committed 2240K, reserved 1056768K
  class space    used 137K, committed 256K, reserved 1048576K

Heap Regions: E=young(eden), S=young(survivor), O=old, HS=humongous(starts), HC=humongous(continues), CS=collection set, F=free, OA=open archive, CA=closed archive, TAMS=top-at-mark-start (previous, next)
|   0|0x0000000082800000, 0x0000000082800000, 0x0000000082900000|  0%| F|  |TAMS 0x0000000082800000, 0x0000000082800000| Untracked 
|   1|0x0000000082900000, 0x0000000082900000, 0x0000000082a00000|  0%| F|  |TAMS 0x0000000082900000, 0x0000000082900000| Untracked 
|   2|0x0000000082a00000, 0x0000000082a00000, 0x0000000082b00000|  0%| F|  |TAMS 0x0000000082a00000, 0x0000000082a00000| Untracked 
|   3|0x0000000082b00000, 0x0000000082b00000, 0x0000000082c00000|  0%| F|  |TAMS 0x0000000082b00000, 0x0000000082b00000| Untracked 
|   4|0x0000000082c00000, 0x0000000082c00000, 0x0000000082d00000|  0%| F|  |TAMS 0x0000000082c00000, 0x0000000082c00000| Untracked 
|   5|0x0000000082d00000, 0x0000000082d00000, 0x0000000082e00000|  0%| F|  |TAMS 0x0000000082d00000, 0x0000000082d00000| Untracked 
|   6|0x0000000082e00000, 0x0000000082e00000, 0x0000000082f00000|  0%| F|  |TAMS 0x0000000082e00000, 0x0000000082e00000| Untracked 
|   7|0x0000000082f00000, 0x0000000082f00000, 0x0000000083000000|  0%| F|  |TAMS 0x0000000082f00000, 0x0000000082f00000| Untracked 
|   8|0x0000000083000000, 0x0000000083000000, 0x0000000083100000|  0%| F|  |TAMS 0x0000000083000000, 0x0000000083000000| Untracked 
|   9|0x0000000083100000, 0x0000000083100000, 0x0000000083200000|  0%| F|  |TAMS 0x0000000083100000, 0x0000000083100000| Untracked 
|  10|0x0000000083200000, 0x0000000083200000, 0x0000000083300000|  0%| F|  |TAMS 0x0000000083200000, 0x0000000083200000| Untracked 
|  11|0x0000000083300000, 0x0000000083300000, 0x0000000083400000|  0%| F|  |TAMS 0x0000000083300000, 0x0000000083300000| Untracked 
|  12|0x0000000083400000, 0x0000000083400000, 0x0000000083500000|  0%| F|  |TAMS 0x0000000083400000, 0x0000000083400000| Untracked 
|  13|0x0000000083500000, 0x0000000083500000, 0x0000000083600000|  0%| F|  |TAMS 0x0000000083500000, 0x0000000083500000| Untracked 
|  14|0x0000000083600000, 0x0000000083600000, 0x0000000083700000|  0%| F|  |TAMS 0x0000000083600000, 0x0000000083600000| Untracked 
|  15|0x0000000083700000, 0x0000000083700000, 0x0000000083800000|  0%| F|  |TAMS 0x0000000083700000, 0x0000000083700000| Untracked 
|  16|0x0000000083800000, 0x0000000083800000, 0x0000000083900000|  0%| F|  |TAMS 0x0000000083800000, 0x0000000083800000| Untracked 
|  17|0x0000000083900000, 0x0000000083900000, 0x0000000083a00000|  0%| F|  |TAMS 0x0000000083900000, 0x0000000083900000| Untracked 
|  18|0x0000000083a00000, 0x0000000083a00000, 0x0000000083b00000|  0%| F|  |TAMS 0x0000000083a00000, 0x0000000083a00000| Untracked 
|  19|0x0000000083b00000, 0x0000000083b00000, 0x0000000083c00000|  0%| F|  |TAMS 0x0000000083b00000, 0x0000000083b00000| Untracked 
|  20|0x0000000083c00000, 0x0000000083c00000, 0x0000000083d00000|  0%| F|  |TAMS 0x0000000083c00000, 0x0000000083c00000| Untracked 
|  21|0x0000000083d00000, 0x0000000083d00000, 0x0000000083e00000|  0%| F|  |TAMS 0x0000000083d00000, 0x0000000083d00000| Untracked 
|  22|0x0000000083e00000, 0x0000000083e00000, 0x0000000083f00000|  0%| F|  |TAMS 0x0000000083e00000, 0x0000000083e00000| Untracked 
|  23|0x0000000083f00000, 0x0000000083f00000, 0x0000000084000000|  0%| F|  |TAMS 0x0000000083f00000, 0x0000000083f00000| Untracked 
|  24|0x0000000084000000, 0x0000000084000000, 0x0000000084100000|  0%| F|  |TAMS 0x0000000084000000, 0x0000000084000000| Untracked 
|  25|0x0000000084100000, 0x0000000084100000, 0x0000000084200000|  0%| F|  |TAMS 0x0000000084100000, 0x0000000084100000| Untracked 
|  26|0x0000000084200000, 0x0000000084200000, 0x0000000084300000|  0%| F|  |TAMS 0x0000000084200000, 0x0000000084200000| Untracked 
|  27|0x0000000084300000, 0x0000000084300000, 0x0000000084400000|  0%| F|  |TAMS 0x0000000084300000, 0x0000000084300000| Untracked 
|  28|0x0000000084400000, 0x0000000084400000, 0x0000000084500000|  0%| F|  |TAMS 0x0000000084400000, 0x0000000084400000| Untracked 
|  29|0x0000000084500000, 0x0000000084500000, 0x0000000084600000|  0%| F|  |TAMS 0x0000000084500000, 0x0000000084500000| Untracked 
|  30|0x0000000084600000, 0x0000000084600000, 0x0000000084700000|  0%| F|  |TAMS 0x0000000084600000, 0x0000000084600000| Untracked 
|  31|0x0000000084700000, 0x0000000084700000, 0x0000000084800000|  0%| F|  |TAMS 0x0000000084700000, 0x0000000084700000| Untracked 
|  32|0x0000000084800000, 0x0000000084800000, 0x0000000084900000|  0%| F|  |TAMS 0x0000000084800000, 0x0000000084800000| Untracked 
|  33|0x0000000084900000, 0x0000000084900000, 0x0000000084a00000|  0%| F|  |TAMS 0x0000000084900000, 0x0000000084900000| Untracked 
|  34|0x0000000084a00000, 0x0000000084a00000, 0x0000000084b00000|  0%| F|  |TAMS 0x0000000084a00000, 0x0000000084a00000| Untracked 
|  35|0x0000000084b00000, 0x0000000084b00000, 0x0000000084c00000|  0%| F|  |TAMS 0x0000000084b00000, 0x0000000084b00000| Untracked 
|  36|0x0000000084c00000, 0x0000000084c00000, 0x0000000084d00000|  0%| F|  |TAMS 0x0000000084c00000, 0x0000000084c00000| Untracked 
|  37|0x0000000084d00000, 0x0000000084d00000, 0x0000000084e00000|  0%| F|  |TAMS 0x0000000084d00000, 0x0000000084d00000| Untracked 
|  38|0x0000000084e00000, 0x0000000084e00000, 0x0000000084f00000|  0%| F|  |TAMS 0x0000000084e00000, 0x0000000084e00000| Untracked 
|  39|0x0000000084f00000, 0x0000000084f00000, 0x0000000085000000|  0%| F|  |TAMS 0x0000000084f00000, 0x0000000084f00000| Untracked 
|  40|0x0000000085000000, 0x0000000085000000, 0x0000000085100000|  0%| F|  |TAMS 0x0000000085000000, 0x0000000085000000| Untracked 
|  41|0x0000000085100000, 0x0000000085100000, 0x0000000085200000|  0%| F|  |TAMS 0x0000000085100000, 0x0000000085100000| Untracked 
|  42|0x0000000085200000, 0x0000000085200000, 0x0000000085300000|  0%| F|  |TAMS 0x0000000085200000, 0x0000000085200000| Untracked 
|  43|0x0000000085300000, 0x0000000085300000, 0x0000000085400000|  0%| F|  |TAMS 0x0000000085300000, 0x0000000085300000| Untracked 
|  44|0x0000000085400000, 0x0000000085400000, 0x0000000085500000|  0%| F|  |TAMS 0x0000000085400000, 0x0000000085400000| Untracked 
|  45|0x0000000085500000, 0x0000000085500000, 0x0000000085600000|  0%| F|  |TAMS 0x0000000085500000, 0x0000000085500000| Untracked 
|  46|0x0000000085600000, 0x0000000085600000, 0x0000000085700000|  0%| F|  |TAMS 0x0000000085600000, 0x0000000085600000| Untracked 
|  47|0x0000000085700000, 0x0000000085700000, 0x0000000085800000|  0%| F|  |TAMS 0x0000000085700000, 0x0000000085700000| Untracked 
|  48|0x0000000085800000, 0x0000000085800000, 0x0000000085900000|  0%| F|  |TAMS 0x0000000085800000, 0x0000000085800000| Untracked 
|  49|0x0000000085900000, 0x0000000085900000, 0x0000000085a00000|  0%| F|  |TAMS 0x0000000085900000, 0x0000000085900000| Untracked 
|  50|0x0000000085a00000, 0x0000000085a00000, 0x0000000085b00000|  0%| F|  |TAMS 0x0000000085a00000, 0x0000000085a00000| Untracked 
|  51|0x0000000085b00000, 0x0000000085b00000, 0x0000000085c00000|  0%| F|  |TAMS 0x0000000085b00000, 0x0000000085b00000| Untracked 
|  52|0x0000000085c00000, 0x0000000085c00000, 0x0000000085d00000|  0%| F|  |TAMS 0x0000000085c00000, 0x0000000085c00000| Untracked 
|  53|0x0000000085d00000, 0x0000000085d00000, 0x0000000085e00000|  0%| F|  |TAMS 0x0000000085d00000, 0x0000000085d00000| Untracked 
|  54|0x0000000085e00000, 0x0000000085e00000, 0x0000000085f00000|  0%| F|  |TAMS 0x0000000085e00000, 0x0000000085e00000| Untracked 
|  55|0x0000000085f00000, 0x0000000085f00000, 0x0000000086000000|  0%| F|  |TAMS 0x0000000085f00000, 0x0000000085f00000| Untracked 
|  56|0x0000000086000000, 0x0000000086000000, 0x0000000086100000|  0%| F|  |TAMS 0x0000000086000000, 0x0000000086000000| Untracked 
|  57|0x0000000086100000, 0x0000000086100000, 0x0000000086200000|  0%| F|  |TAMS 0x0000000086100000, 0x0000000086100000| Untracked 
|  58|0x0000000086200000, 0x0000000086200000, 0x0000000086300000|  0%| F|  |TAMS 0x0000000086200000, 0x0000000086200000| Untracked 
|  59|0x0000000086300000, 0x0000000086300000, 0x0000000086400000|  0%| F|  |TAMS 0x0000000086300000, 0x0000000086300000| Untracked 
|  60|0x0000000086400000, 0x0000000086400000, 0x0000000086500000|  0%| F|  |TAMS 0x0000000086400000, 0x0000000086400000| Untracked 
|  61|0x0000000086500000, 0x0000000086500000, 0x0000000086600000|  0%| F|  |TAMS 0x0000000086500000, 0x0000000086500000| Untracked 
|  62|0x0000000086600000, 0x0000000086600000, 0x0000000086700000|  0%| F|  |TAMS 0x0000000086600000, 0x0000000086600000| Untracked 
|  63|0x0000000086700000, 0x0000000086700000, 0x0000000086800000|  0%| F|  |TAMS 0x0000000086700000, 0x0000000086700000| Untracked 
|  64|0x0000000086800000, 0x0000000086800000, 0x0000000086900000|  0%| F|  |TAMS 0x0000000086800000, 0x0000000086800000| Untracked 
|  65|0x0000000086900000, 0x0000000086900000, 0x0000000086a00000|  0%| F|  |TAMS 0x0000000086900000, 0x0000000086900000| Untracked 
|  66|0x0000000086a00000, 0x0000000086a00000, 0x0000000086b00000|  0%| F|  |TAMS 0x0000000086a00000, 0x0000000086a00000| Untracked 
|  67|0x0000000086b00000, 0x0000000086b00000, 0x0000000086c00000|  0%| F|  |TAMS 0x0000000086b00000, 0x0000000086b00000| Untracked 
|  68|0x0000000086c00000, 0x0000000086c00000, 0x0000000086d00000|  0%| F|  |TAMS 0x0000000086c00000, 0x0000000086c00000| Untracked 
|  69|0x0000000086d00000, 0x0000000086d00000, 0x0000000086e00000|  0%| F|  |TAMS 0x0000000086d00000, 0x0000000086d00000| Untracked 
|  70|0x0000000086e00000, 0x0000000086e00000, 0x0000000086f00000|  0%| F|  |TAMS 0x0000000086e00000, 0x0000000086e00000| Untracked 
|  71|0x0000000086f00000, 0x0000000086f00000, 0x0000000087000000|  0%| F|  |TAMS 0x0000000086f00000, 0x0000000086f00000| Untracked 
|  72|0x0000000087000000, 0x0000000087000000, 0x0000000087100000|  0%| F|  |TAMS 0x0000000087000000, 0x0000000087000000| Untracked 
|  73|0x0000000087100000, 0x0000000087100000, 0x0000000087200000|  0%| F|  |TAMS 0x0000000087100000, 0x0000000087100000| Untracked 
|  74|0x0000000087200000, 0x0000000087200000, 0x0000000087300000|  0%| F|  |TAMS 0x0000000087200000, 0x0000000087200000| Untracked 
|  75|0x0000000087300000, 0x0000000087300000, 0x0000000087400000|  0%| F|  |TAMS 0x0000000087300000, 0x0000000087300000| Untracked 
|  76|0x0000000087400000, 0x0000000087400000, 0x0000000087500000|  0%| F|  |TAMS 0x0000000087400000, 0x0000000087400000| Untracked 
|  77|0x0000000087500000, 0x0000000087500000, 0x0000000087600000|  0%| F|  |TAMS 0x0000000087500000, 0x0000000087500000| Untracked 
|  78|0x0000000087600000, 0x0000000087600000, 0x0000000087700000|  0%| F|  |TAMS 0x0000000087600000, 0x0000000087600000| Untracked 
|  79|0x0000000087700000, 0x0000000087700000, 0x0000000087800000|  0%| F|  |TAMS 0x0000000087700000, 0x0000000087700000| Untracked 
|  80|0x0000000087800000, 0x0000000087800000, 0x0000000087900000|  0%| F|  |TAMS 0x0000000087800000, 0x0000000087800000| Untracked 
|  81|0x0000000087900000, 0x0000000087900000, 0x0000000087a00000|  0%| F|  |TAMS 0x0000000087900000, 0x0000000087900000| Untracked 
|  82|0x0000000087a00000, 0x0000000087a00000, 0x0000000087b00000|  0%| F|  |TAMS 0x0000000087a00000, 0x0000000087a00000| Untracked 
|  83|0x0000000087b00000, 0x0000000087b00000, 0x0000000087c00000|  0%| F|  |TAMS 0x0000000087b00000, 0x0000000087b00000| Untracked 
|  84|0x0000000087c00000, 0x0000000087c00000, 0x0000000087d00000|  0%| F|  |TAMS 0x0000000087c00000, 0x0000000087c00000| Untracked 
|  85|0x0000000087d00000, 0x0000000087d00000, 0x0000000087e00000|  0%| F|  |TAMS 0x0000000087d00000, 0x0000000087d00000| Untracked 
|  86|0x0000000087e00000, 0x0000000087e00000, 0x0000000087f00000|  0%| F|  |TAMS 0x0000000087e00000, 0x0000000087e00000| Untracked 
|  87|0x0000000087f00000, 0x0000000087f00000, 0x0000000088000000|  0%| F|  |TAMS 0x0000000087f00000, 0x0000000087f00000| Untracked 
|  88|0x0000000088000000, 0x0000000088000000, 0x0000000088100000|  0%| F|  |TAMS 0x0000000088000000, 0x0000000088000000| Untracked 
|  89|0x0000000088100000, 0x0000000088100000, 0x0000000088200000|  0%| F|  |TAMS 0x0000000088100000, 0x0000000088100000| Untracked 
|  90|0x0000000088200000, 0x0000000088200000, 0x0000000088300000|  0%| F|  |TAMS 0x0000000088200000, 0x0000000088200000| Untracked 
|  91|0x0000000088300000, 0x0000000088300000, 0x0000000088400000|  0%| F|  |TAMS 0x0000000088300000, 0x0000000088300000| Untracked 
|  92|0x0000000088400000, 0x0000000088400000, 0x0000000088500000|  0%| F|  |TAMS 0x0000000088400000, 0x0000000088400000| Untracked 
|  93|0x0000000088500000, 0x0000000088500000, 0x0000000088600000|  0%| F|  |TAMS 0x0000000088500000, 0x0000000088500000| Untracked 
|  94|0x0000000088600000, 0x0000000088600000, 0x0000000088700000|  0%| F|  |TAMS 0x0000000088600000, 0x0000000088600000| Untracked 
|  95|0x0000000088700000, 0x0000000088700000, 0x0000000088800000|  0%| F|  |TAMS 0x0000000088700000, 0x0000000088700000| Untracked 
|  96|0x0000000088800000, 0x0000000088800000, 0x0000000088900000|  0%| F|  |TAMS 0x0000000088800000, 0x0000000088800000| Untracked 
|  97|0x0000000088900000, 0x0000000088900000, 0x0000000088a00000|  0%| F|  |TAMS 0x0000000088900000, 0x0000000088900000| Untracked 
|  98|0x0000000088a00000, 0x0000000088a00000, 0x0000000088b00000|  0%| F|  |TAMS 0x0000000088a00000, 0x0000000088a00000| Untracked 
|  99|0x0000000088b00000, 0x0000000088b00000, 0x0000000088c00000|  0%| F|  |TAMS 0x0000000088b00000, 0x0000000088b00000| Untracked 
| 100|0x0000000088c00000, 0x0000000088c00000, 0x0000000088d00000|  0%| F|  |TAMS 0x0000000088c00000, 0x0000000088c00000| Untracked 
| 101|0x0000000088d00000, 0x0000000088d00000, 0x0000000088e00000|  0%| F|  |TAMS 0x0000000088d00000, 0x0000000088d00000| Untracked 
| 102|0x0000000088e00000, 0x0000000088e00000, 0x0000000088f00000|  0%| F|  |TAMS 0x0000000088e00000, 0x0000000088e00000| Untracked 
| 103|0x0000000088f00000, 0x0000000088f00000, 0x0000000089000000|  0%| F|  |TAMS 0x0000000088f00000, 0x0000000088f00000| Untracked 
| 104|0x0000000089000000, 0x0000000089000000, 0x0000000089100000|  0%| F|  |TAMS 0x0000000089000000, 0x0000000089000000| Untracked 
| 105|0x0000000089100000, 0x0000000089100000, 0x0000000089200000|  0%| F|  |TAMS 0x0000000089100000, 0x0000000089100000| Untracked 
| 106|0x0000000089200000, 0x0000000089200000, 0x0000000089300000|  0%| F|  |TAMS 0x0000000089200000, 0x0000000089200000| Untracked 
| 107|0x0000000089300000, 0x0000000089300000, 0x0000000089400000|  0%| F|  |TAMS 0x0000000089300000, 0x0000000089300000| Untracked 
| 108|0x0000000089400000, 0x0000000089400000, 0x0000000089500000|  0%| F|  |TAMS 0x0000000089400000, 0x0000000089400000| Untracked 
| 109|0x0000000089500000, 0x0000000089500000, 0x0000000089600000|  0%| F|  |TAMS 0x0000000089500000, 0x0000000089500000| Untracked 
| 110|0x0000000089600000, 0x0000000089600000, 0x0000000089700000|  0%| F|  |TAMS 0x0000000089600000, 0x0000000089600000| Untracked 
| 111|0x0000000089700000, 0x0000000089700000, 0x0000000089800000|  0%| F|  |TAMS 0x0000000089700000, 0x0000000089700000| Untracked 
| 112|0x0000000089800000, 0x0000000089800000, 0x0000000089900000|  0%| F|  |TAMS 0x0000000089800000, 0x0000000089800000| Untracked 
| 113|0x0000000089900000, 0x0000000089900000, 0x0000000089a00000|  0%| F|  |TAMS 0x0000000089900000, 0x0000000089900000| Untracked 
| 114|0x0000000089a00000, 0x0000000089a00000, 0x0000000089b00000|  0%| F|  |TAMS 0x0000000089a00000, 0x0000000089a00000| Untracked 
| 115|0x0000000089b00000, 0x0000000089b00000, 0x0000000089c00000|  0%| F|  |TAMS 0x0000000089b00000, 0x0000000089b00000| Untracked 
| 116|0x0000000089c00000, 0x0000000089c00000, 0x0000000089d00000|  0%| F|  |TAMS 0x0000000089c00000, 0x0000000089c00000| Untracked 
| 117|0x0000000089d00000, 0x0000000089d00000, 0x0000000089e00000|  0%| F|  |TAMS 0x0000000089d00000, 0x0000000089d00000| Untracked 
| 118|0x0000000089e00000, 0x0000000089e00000, 0x0000000089f00000|  0%| F|  |TAMS 0x0000000089e00000, 0x0000000089e00000| Untracked 
| 119|0x0000000089f00000, 0x0000000089f00000, 0x000000008a000000|  0%| F|  |TAMS 0x0000000089f00000, 0x0000000089f00000| Untracked 
| 120|0x000000008a000000, 0x000000008a000000, 0x000000008a100000|  0%| F|  |TAMS 0x000000008a000000, 0x000000008a000000| Untracked 
| 121|0x000000008a100000, 0x000000008a100000, 0x000000008a200000|  0%| F|  |TAMS 0x000000008a100000, 0x000000008a100000| Untracked 
| 122|0x000000008a200000, 0x000000008a300000, 0x000000008a300000|100%| E|  |TAMS 0x000000008a200000, 0x000000008a200000| Complete 
| 123|0x000000008a300000, 0x000000008a400000, 0x000000008a400000|100%| E|CS|TAMS 0x000000008a300000, 0x000000008a300000| Complete 
| 124|0x000000008a400000, 0x000000008a500000, 0x000000008a500000|100%| E|CS|TAMS 0x000000008a400000, 0x000000008a400000| Complete 
| 125|0x000000008a500000, 0x000000008a600000, 0x000000008a600000|100%| E|CS|TAMS 0x000000008a500000, 0x000000008a500000| Complete 

Card table byte_map: [0x00000195dd930000,0x00000195ddd20000] _byte_map_base: 0x00000195dd51c000

Marking Bits (Prev, Next): (CMBitMap*) 0x00000195c677f570, (CMBitMap*) 0x00000195c677f5b0
 Prev Bits: [0x00000195de110000, 0x00000195e0070000)
 Next Bits: [0x00000195e0070000, 0x00000195e1fd0000)

Polling page: 0x00000195c4760000

Metaspace:

Usage:
  Non-class:      1.82 MB used.
      Class:    137.49 KB used.
       Both:      1.96 MB used.

Virtual space:
  Non-class space:        8.00 MB reserved,       1.94 MB ( 24%) committed,  1 nodes.
      Class space:        1.00 GB reserved,     256.00 KB ( <1%) committed,  1 nodes.
             Both:        1.01 GB reserved,       2.19 MB ( <1%) committed. 

Chunk freelists:
   Non-Class:  3.09 MB
       Class:  3.67 MB
        Both:  6.76 MB

MaxMetaspaceSize: unlimited
CompressedClassSpaceSize: 1.00 GB
Initial GC threshold: 21.00 MB
Current GC threshold: 21.00 MB
CDS: on
MetaspaceReclaimPolicy: balanced
 - commit_granule_bytes: 65536.
 - commit_granule_words: 8192.
 - virtual_space_node_default_size: 1048576.
 - enlarge_chunks_in_place: 1.
 - new_chunks_are_fully_committed: 0.
 - uncommit_free_chunks: 1.
 - use_allocation_guard: 0.
 - handle_deallocations: 1.


Internal statistics:

num_allocs_failed_limit: 0.
num_arena_births: 60.
num_arena_deaths: 0.
num_vsnodes_births: 2.
num_vsnodes_deaths: 0.
num_space_committed: 35.
num_space_uncommitted: 0.
num_chunks_returned_to_freelist: 0.
num_chunks_taken_from_freelist: 110.
num_chunk_merges: 0.
num_chunk_splits: 70.
num_chunks_enlarged: 50.
num_purges: 0.
num_inconsistent_stats: 0.

CodeHeap 'non-profiled nmethods': size=120000Kb used=107Kb max_used=107Kb free=119893Kb
 bounds [0x00000195d5ce0000, 0x00000195d5f50000, 0x00000195dd210000]
CodeHeap 'profiled nmethods': size=120000Kb used=452Kb max_used=452Kb free=119547Kb
 bounds [0x00000195ce7b0000, 0x00000195cea20000, 0x00000195d5ce0000]
CodeHeap 'non-nmethods': size=5760Kb used=1537Kb max_used=1550Kb free=4222Kb
 bounds [0x00000195ce210000, 0x00000195ce480000, 0x00000195ce7b0000]
 total_blobs=1277 nmethods=342 adapters=848
 compilation: enabled
              stopped_count=0, restarted_count=0
 full_count=0

Compilation events (20 events):
Event: 0.441 Thread 0x00000195e49fc040  330       3       java.lang.ThreadLocal::getMap (5 bytes)
Event: 0.441 Thread 0x00000195e49fc040 nmethod 330 0x00000195ce81eb90 code [0x00000195ce81ed20, 0x00000195ce81ee38]
Event: 0.441 Thread 0x00000195e49fc040  331       3       java.lang.ThreadLocal::get (38 bytes)
Event: 0.441 Thread 0x00000195e49fc040 nmethod 331 0x00000195ce81ef10 code [0x00000195ce81f0e0, 0x00000195ce81f418]
Event: 0.441 Thread 0x00000195e49fc040  334       3       sun.misc.Unsafe::putInt (11 bytes)
Event: 0.441 Thread 0x00000195e49fc040 nmethod 334 0x00000195ce81f590 code [0x00000195ce81f720, 0x00000195ce81f838]
Event: 0.441 Thread 0x00000195e49fc040  332       3       java.lang.ThreadLocal$ThreadLocalMap::getEntry (42 bytes)
Event: 0.441 Thread 0x00000195e49fc040 nmethod 332 0x00000195ce81f910 code [0x00000195ce81fae0, 0x00000195ce81fe58]
Event: 0.441 Thread 0x00000195e49fc040  335       3       org.lwjgl.system.MemoryUtil::encodeASCIIUnsafe (53 bytes)
Event: 0.442 Thread 0x00000195e49fc040 nmethod 335 0x00000195ce820010 code [0x00000195ce8201e0, 0x00000195ce8205f8]
Event: 0.442 Thread 0x00000195e49fc040  338       3       sun.misc.Unsafe::getLong (9 bytes)
Event: 0.442 Thread 0x00000195e49fc040 nmethod 338 0x00000195ce820790 code [0x00000195ce820920, 0x00000195ce820a38]
Event: 0.442 Thread 0x00000195e49fc040  339       3       org.lwjgl.system.MemoryUtil::memAddress0 (11 bytes)
Event: 0.442 Thread 0x00000195e49fc040 nmethod 339 0x00000195ce820b10 code [0x00000195ce820ca0, 0x00000195ce820e78]
Event: 0.442 Thread 0x00000195e49fc040  340       1       org.lwjgl.system.Pointer$Default::address (5 bytes)
Event: 0.442 Thread 0x00000195e49fc040 nmethod 340 0x00000195d5cfa610 code [0x00000195d5cfa7a0, 0x00000195d5cfa878]
Event: 0.442 Thread 0x00000195e49fc040  341       3       java.nio.ByteOrder::nativeOrder (4 bytes)
Event: 0.442 Thread 0x00000195e49fc040 nmethod 341 0x00000195ce820f10 code [0x00000195ce8210a0, 0x00000195ce821198]
Event: 0.442 Thread 0x00000195e49fc040  342       1       java.util.Collections$EmptySet::contains (2 bytes)
Event: 0.442 Thread 0x00000195e49fc040 nmethod 342 0x00000195d5cfa910 code [0x00000195d5cfaaa0, 0x00000195d5cfab78]

GC Heap History (0 events):
No events

Deoptimization events (0 events):
No events

Classes unloaded (0 events):
No events

Classes redefined (0 events):
No events

Internal exceptions (17 events):
Event: 0.152 Thread 0x00000195c673fb00 Exception <a 'java/lang/NoSuchMethodError'{0x000000008a4cb2f0}: 'java.lang.Object java.lang.invoke.DirectMethodHandle$Holder.invokeStaticInit(java.lang.Object)'> (0x000000008a4cb2f0) 
thrown [e:\jenkins\tmp\workspace\build\src\src\hotspot\share\interpreter\linkResolver.cpp, line 766]
Event: 0.165 Thread 0x00000195c673fb00 Exception <a 'java/lang/NoSuchMethodError'{0x000000008a315528}: 'void java.lang.invoke.DirectMethodHandle$Holder.invokeStatic(java.lang.Object, java.lang.Object)'> (0x000000008a315528) 
thrown [e:\jenkins\tmp\workspace\build\src\src\hotspot\share\interpreter\linkResolver.cpp, line 766]
Event: 0.166 Thread 0x00000195c673fb00 Exception <a 'java/lang/NoSuchMethodError'{0x000000008a31ad70}: 'void java.lang.invoke.DirectMethodHandle$Holder.invokeSpecial(java.lang.Object, java.lang.Object, java.lang.Object)'> (0x000000008a31ad70) 
thrown [e:\jenkins\tmp\workspace\build\src\src\hotspot\share\interpreter\linkResolver.cpp, line 766]
Event: 0.169 Thread 0x00000195c673fb00 Exception <a 'java/lang/NoSuchMethodError'{0x000000008a32e0f8}: 'java.lang.Object java.lang.invoke.DirectMethodHandle$Holder.invokeStatic(java.lang.Object, java.lang.Object, int)'> (0x000000008a32e0f8) 
thrown [e:\jenkins\tmp\workspace\build\src\src\hotspot\share\interpreter\linkResolver.cpp, line 766]
Event: 0.170 Thread 0x00000195c673fb00 Exception <a 'java/lang/NoSuchMethodError'{0x000000008a339e68}: 'void java.lang.invoke.DelegatingMethodHandle$Holder.delegate(java.lang.Object, java.lang.Object, int, java.lang.Object)'> (0x000000008a339e68) 
thrown [e:\jenkins\tmp\workspace\build\src\src\hotspot\share\interpreter\linkResolver.cpp, line 766]
Event: 0.170 Thread 0x00000195c673fb00 Exception <a 'java/lang/NoSuchMethodError'{0x000000008a33e0a8}: 'int java.lang.invoke.DirectMethodHandle$Holder.invokeSpecial(java.lang.Object, java.lang.Object, java.lang.Object)'> (0x000000008a33e0a8) 
thrown [e:\jenkins\tmp\workspace\build\src\src\hotspot\share\interpreter\linkResolver.cpp, line 766]
Event: 0.232 Thread 0x00000195c673fb00 Exception <a 'sun/nio/fs/WindowsException'{0x000000008a3b2218}> (0x000000008a3b2218) 
thrown [e:\jenkins\tmp\workspace\build\src\src\hotspot\share\prims\jni.cpp, line 516]
Event: 0.233 Thread 0x00000195c673fb00 Exception <a 'sun/nio/fs/WindowsException'{0x000000008a3b2758}> (0x000000008a3b2758) 
thrown [e:\jenkins\tmp\workspace\build\src\src\hotspot\share\prims\jni.cpp, line 516]
Event: 0.253 Thread 0x00000195c673fb00 Exception <a 'java/lang/NoSuchMethodError'{0x000000008a3e0880}: 'int java.lang.invoke.DirectMethodHandle$Holder.invokeStaticInit(java.lang.Object, java.lang.Object, int, long)'> (0x000000008a3e0880) 
thrown [e:\jenkins\tmp\workspace\build\src\src\hotspot\share\interpreter\linkResolver.cpp, line 766]
Event: 0.254 Thread 0x00000195c673fb00 Exception <a 'java/lang/NoSuchMethodError'{0x000000008a3e6148}: 'java.lang.Object java.lang.invoke.DirectMethodHandle$Holder.newInvokeSpecial(java.lang.Object, java.lang.Object, int)'> (0x000000008a3e6148) 
thrown [e:\jenkins\tmp\workspace\build\src\src\hotspot\share\interpreter\linkResolver.cpp, line 766]
Event: 0.256 Thread 0x00000195c673fb00 Exception <a 'java/lang/NoSuchMethodError'{0x000000008a3f5a08}: 'int java.lang.invoke.DirectMethodHandle$Holder.invokeStaticInit(java.lang.Object, java.lang.Object, long, long)'> (0x000000008a3f5a08) 
thrown [e:\jenkins\tmp\workspace\build\src\src\hotspot\share\interpreter\linkResolver.cpp, line 766]
Event: 0.257 Thread 0x00000195c673fb00 Exception <a 'java/lang/NoSuchMethodError'{0x000000008a3fbb18}: 'java.lang.Object java.lang.invoke.DirectMethodHandle$Holder.newInvokeSpecial(java.lang.Object, java.lang.Object, long)'> (0x000000008a3fbb18) 
thrown [e:\jenkins\tmp\workspace\build\src\src\hotspot\share\interpreter\linkResolver.cpp, line 766]
Event: 0.258 Thread 0x00000195c673fb00 Exception <a 'java/lang/NoSuchMethodError'{0x000000008a3ffb60}: 'java.lang.Object java.lang.invoke.Invokers$Holder.linkToTargetMethod(java.lang.Object, long, java.lang.Object)'> (0x000000008a3ffb60) 
thrown [e:\jenkins\tmp\workspace\build\src\src\hotspot\share\interpreter\linkResolver.cpp, line 766]
Event: 0.258 Thread 0x00000195c673fb00 Exception <a 'java/lang/NoSuchMethodError'{0x000000008a207a10}: 'int java.lang.invoke.DirectMethodHandle$Holder.invokeStaticInit(java.lang.Object, java.lang.Object, java.lang.Object, long)'> (0x000000008a207a10) 
thrown [e:\jenkins\tmp\workspace\build\src\src\hotspot\share\interpreter\linkResolver.cpp, line 766]
Event: 0.271 Thread 0x00000195c673fb00 Exception <a 'sun/nio/fs/WindowsException'{0x000000008a26d8d8}> (0x000000008a26d8d8) 
thrown [e:\jenkins\tmp\workspace\build\src\src\hotspot\share\prims\jni.cpp, line 516]
Event: 0.271 Thread 0x00000195c673fb00 Exception <a 'sun/nio/fs/WindowsException'{0x000000008a26db98}> (0x000000008a26db98) 
thrown [e:\jenkins\tmp\workspace\build\src\src\hotspot\share\prims\jni.cpp, line 516]
Event: 0.442 Thread 0x00000195c673fb00 Implicit null exception at 0x00000195ce81687e to 0x0000000000000000

VM Operations (2 events):
Event: 0.117 Executing VM operation: HandshakeAllThreads
Event: 0.117 Executing VM operation: HandshakeAllThreads done

Events (20 events):
Event: 0.245 loading class java/nio/DirectDoubleBufferU
Event: 0.245 loading class java/nio/DirectDoubleBufferU done
Event: 0.246 loading class sun/misc/Unsafe
Event: 0.246 loading class sun/misc/Unsafe done
Event: 0.247 loading class jdk/internal/reflect/UnsafeFieldAccessorFactory
Event: 0.247 loading class jdk/internal/reflect/UnsafeFieldAccessorFactory done
Event: 0.247 loading class jdk/internal/reflect/UnsafeQualifiedStaticObjectFieldAccessorImpl
Event: 0.248 loading class jdk/internal/reflect/UnsafeQualifiedStaticFieldAccessorImpl
Event: 0.248 loading class jdk/internal/reflect/UnsafeQualifiedStaticFieldAccessorImpl done
Event: 0.248 loading class jdk/internal/reflect/UnsafeQualifiedStaticObjectFieldAccessorImpl done
Event: 0.251 loading class java/util/function/LongPredicate
Event: 0.252 loading class java/util/function/LongPredicate done
Event: 0.255 loading class jdk/internal/access/foreign/MemorySegmentProxy
Event: 0.255 loading class jdk/internal/access/foreign/MemorySegmentProxy done
Event: 0.260 loading class java/nio/InvalidMarkException
Event: 0.261 loading class java/nio/InvalidMarkException done
Event: 0.261 loading class java/nio/BufferUnderflowException
Event: 0.261 loading class java/nio/BufferUnderflowException done
Event: 0.269 loading class java/lang/NoSuchFieldError
Event: 0.270 loading class java/lang/NoSuchFieldError done


Dynamic libraries:
0x00007ff6a2c40000 - 0x00007ff6a2c4e000 	C:\Program Files\Eclipse Adoptium\jdk-17.0.1.12-hotspot\bin\java.exe
0x00007ff883220000 - 0x00007ff883429000 	C:\windows\SYSTEM32\ntdll.dll
0x00007ff8813e0000 - 0x00007ff88149d000 	C:\windows\System32\KERNEL32.DLL
0x00007ff880aa0000 - 0x00007ff880e1c000 	C:\windows\System32\KERNELBASE.dll
0x00007ff880f90000 - 0x00007ff8810a1000 	C:\windows\System32\ucrtbase.dll
0x00007ff875240000 - 0x00007ff875258000 	C:\Program Files\Eclipse Adoptium\jdk-17.0.1.12-hotspot\bin\jli.dll
0x00007ff874f20000 - 0x00007ff874f39000 	C:\Program Files\Eclipse Adoptium\jdk-17.0.1.12-hotspot\bin\VCRUNTIME140.dll
0x00007ff8822a0000 - 0x00007ff88244d000 	C:\windows\System32\USER32.dll
0x00007ff880e20000 - 0x00007ff880e46000 	C:\windows\System32\win32u.dll
0x00007ff882140000 - 0x00007ff882169000 	C:\windows\System32\GDI32.dll
0x00007ff880810000 - 0x00007ff880929000 	C:\windows\System32\gdi32full.dll
0x00007ff880700000 - 0x00007ff88079d000 	C:\windows\System32\msvcp_win.dll
0x00007ff86e6e0000 - 0x00007ff86e985000 	C:\windows\WinSxS\amd64_microsoft.windows.common-controls_6595b64144ccf1df_6.0.22000.120_none_9d947278b86cc467\COMCTL32.dll
0x00007ff881e60000 - 0x00007ff881f03000 	C:\windows\System32\msvcrt.dll
0x00007ff881130000 - 0x00007ff881161000 	C:\windows\System32\IMM32.DLL
0x00007ff875460000 - 0x00007ff87546c000 	C:\Program Files\Eclipse Adoptium\jdk-17.0.1.12-hotspot\bin\vcruntime140_1.dll
0x00007ff86ae00000 - 0x00007ff86ae91000 	C:\Program Files\Eclipse Adoptium\jdk-17.0.1.12-hotspot\bin\msvcp140.dll
0x00007fffe9fc0000 - 0x00007fffeac06000 	C:\Program Files\Eclipse Adoptium\jdk-17.0.1.12-hotspot\bin\server\jvm.dll
0x00007ff8821e0000 - 0x00007ff88228e000 	C:\windows\System32\ADVAPI32.dll
0x00007ff881830000 - 0x00007ff8818ce000 	C:\windows\System32\sechost.dll
0x00007ff881710000 - 0x00007ff881830000 	C:\windows\System32\RPCRT4.dll
0x00007ff8825a0000 - 0x00007ff8825a8000 	C:\windows\System32\PSAPI.DLL
0x00007ff8778e0000 - 0x00007ff877913000 	C:\windows\SYSTEM32\WINMM.dll
0x00007ff87b950000 - 0x00007ff87b95a000 	C:\windows\SYSTEM32\VERSION.dll
0x00007ff878010000 - 0x00007ff878019000 	C:\windows\SYSTEM32\WSOCK32.dll
0x00007ff882170000 - 0x00007ff8821df000 	C:\windows\System32\WS2_32.dll
0x00007ff87f8b0000 - 0x00007ff87f8c8000 	C:\windows\SYSTEM32\kernel.appcore.dll
0x00007ff8752f0000 - 0x00007ff8752fa000 	C:\Program Files\Eclipse Adoptium\jdk-17.0.1.12-hotspot\bin\jimage.dll
0x00007ff87a9f0000 - 0x00007ff87ac11000 	C:\windows\SYSTEM32\DBGHELP.DLL
0x00007ff87a900000 - 0x00007ff87a931000 	C:\windows\SYSTEM32\dbgcore.DLL
0x00007ff880e50000 - 0x00007ff880ecf000 	C:\windows\System32\bcryptPrimitives.dll
0x00007ff874ce0000 - 0x00007ff874d05000 	C:\Program Files\Eclipse Adoptium\jdk-17.0.1.12-hotspot\bin\java.dll
0x00007ff8686c0000 - 0x00007ff868796000 	C:\Program Files\Eclipse Adoptium\jdk-17.0.1.12-hotspot\bin\svml.dll
0x00007ff8825b0000 - 0x00007ff882d68000 	C:\windows\System32\SHELL32.dll
0x00007ff87e830000 - 0x00007ff87f098000 	C:\windows\SYSTEM32\windows.storage.dll
0x00007ff881ae0000 - 0x00007ff881e59000 	C:\windows\System32\combase.dll
0x00007ff87e6c0000 - 0x00007ff87e826000 	C:\windows\SYSTEM32\wintypes.dll
0x00007ff882450000 - 0x00007ff88253a000 	C:\windows\System32\SHCORE.dll
0x00007ff882540000 - 0x00007ff88259d000 	C:\windows\System32\shlwapi.dll
0x00007ff880630000 - 0x00007ff880651000 	C:\windows\SYSTEM32\profapi.dll
0x00007ff874740000 - 0x00007ff874759000 	C:\Program Files\Eclipse Adoptium\jdk-17.0.1.12-hotspot\bin\net.dll
0x00007ff87c8d0000 - 0x00007ff87c9dc000 	C:\windows\SYSTEM32\WINHTTP.dll
0x00007ff87fcf0000 - 0x00007ff87fd57000 	C:\windows\system32\mswsock.dll
0x00007ff872b40000 - 0x00007ff872b55000 	C:\Program Files\Eclipse Adoptium\jdk-17.0.1.12-hotspot\bin\nio.dll
0x00007ff870b00000 - 0x00007ff870b18000 	C:\Program Files\Eclipse Adoptium\jdk-17.0.1.12-hotspot\bin\zip.dll
0x00007ff853fc0000 - 0x00007ff854035000 	C:\Users\gwch3\AppData\Local\Temp\lwjglhi\3.3.1-build-7\lwjgl.dll
0x00007ff875370000 - 0x00007ff87538c000 	C:\windows\SYSTEM32\OpenCL.dll
0x00007ff880400000 - 0x00007ff88044c000 	C:\windows\SYSTEM32\cfgmgr32.dll
0x00007ff87dfd0000 - 0x00007ff87e008000 	C:\windows\SYSTEM32\dxcore.dll
0x00007ff881310000 - 0x00007ff8813bf000 	C:\windows\System32\clbcatq.dll
0x00007ff87de90000 - 0x00007ff87df83000 	C:\windows\SYSTEM32\dxgi.dll
0x00007ff878ca0000 - 0x00007ff878ce4000 	C:\windows\SYSTEM32\directxdatabasehelper.dll
0x00007ff87e040000 - 0x00007ff87e074000 	C:\windows\SYSTEM32\ntmarta.dll
0x00007fffe8720000 - 0x00007fffe8c3b000 	C:\windows\System32\DriverStore\FileRepository\iigd_dch.inf_amd64_b33c1fe20b4e97b0\igdrcl64.dll
0x00007ff85b480000 - 0x00007ff85b7b1000 	C:\windows\System32\DriverStore\FileRepository\iigd_dch.inf_amd64_b33c1fe20b4e97b0\igdgmm64.dll

dbghelp: loaded successfully - version: 4.0.5 - missing functions: none
symbol engine: initialized successfully - sym options: 0x614 - pdb path: .;C:\Program Files\Eclipse Adoptium\jdk-17.0.1.12-hotspot\bin;C:\windows\SYSTEM32;C:\windows\WinSxS\amd64_microsoft.windows.common-controls_6595b64144ccf1df_6.0.22000.120_none_9d947278b86cc467;C:\Program Files\Eclipse Adoptium\jdk-17.0.1.12-hotspot\bin\server;C:\Users\gwch3\AppData\Local\Temp\lwjglhi\3.3.1-build-7;C:\windows\System32\DriverStore\FileRepository\iigd_dch.inf_amd64_b33c1fe20b4e97b0

VM Arguments:
jvm_args: -Dfile.encoding=windows-1252 -Duser.country=US -Duser.language=en -Duser.variant 
java_command: FastPrime.Main
java_class_path (initial): C:\Users\gwch3\IdeaProjects\FastPrime\app\build\classes\java\main;C:\Users\gwch3\IdeaProjects\FastPrime\app\build\resources\main;C:\Users\gwch3\.gradle\caches\modules-2\files-2.1\org.lwjgl\lwjgl-opencl\3.3.1\8e9b00d310ef80ec4343ed709efb2ae77386014d\lwjgl-opencl-3.3.1.jar;C:\Users\gwch3\.gradle\caches\modules-2\files-2.1\org.lwjgl\lwjgl\3.3.1\ae58664f88e18a9bb2c77b063833ca7aaec484cb\lwjgl-3.3.1.jar;C:\Users\gwch3\.gradle\caches\modules-2\files-2.1\org.lwjgl\lwjgl\3.3.1\36c37f16ab611b3aa11f3bcf80b1d509b4ce6b\lwjgl-3.3.1-natives-windows.jar;C:\Users\gwch3\.gradle\caches\modules-2\files-2.1\org.joml\joml\1.10.5\22566d58af70ad3d72308bab63b8339906deb649\joml-1.10.5.jar
Launcher Type: SUN_STANDARD

[Global flags]
     intx CICompilerCount                          = 4                                         {product} {ergonomic}
     uint ConcGCThreads                            = 2                                         {product} {ergonomic}
     uint G1ConcRefinementThreads                  = 8                                         {product} {ergonomic}
   size_t G1HeapRegionSize                         = 1048576                                   {product} {ergonomic}
    uintx GCDrainStackTargetSize                   = 64                                        {product} {ergonomic}
   size_t InitialHeapSize                          = 132120576                                 {product} {ergonomic}
   size_t MarkStackSize                            = 4194304                                   {product} {ergonomic}
   size_t MaxHeapSize                              = 2105540608                                {product} {ergonomic}
   size_t MaxNewSize                               = 1262485504                                {product} {ergonomic}
   size_t MinHeapDeltaBytes                        = 1048576                                   {product} {ergonomic}
   size_t MinHeapSize                              = 8388608                                   {product} {ergonomic}
    uintx NonNMethodCodeHeapSize                   = 5839372                                {pd product} {ergonomic}
    uintx NonProfiledCodeHeapSize                  = 122909434                              {pd product} {ergonomic}
    uintx ProfiledCodeHeapSize                     = 122909434                              {pd product} {ergonomic}
    uintx ReservedCodeCacheSize                    = 251658240                              {pd product} {ergonomic}
     bool SegmentedCodeCache                       = true                                      {product} {ergonomic}
   size_t SoftMaxHeapSize                          = 2105540608                             {manageable} {ergonomic}
     bool UseCompressedClassPointers               = true                           {product lp64_product} {ergonomic}
     bool UseCompressedOops                        = true                           {product lp64_product} {ergonomic}
     bool UseG1GC                                  = true                                      {product} {ergonomic}
     bool UseLargePagesIndividualAllocation        = false                                  {pd product} {ergonomic}

Logging:
Log output configuration:
 #0: stdout all=warning uptime,level,tags
 #1: stderr all=off uptime,level,tags

Environment Variables:
JAVA_HOME=C:\Program Files\Eclipse Adoptium\jdk-17.0.1.12-hotspot\
PATH=C:\VulkanSDK\1.3.216.0\Bin;C:\Program Files\Eclipse Adoptium\jdk-17.0.1.12-hotspot\bin;C:\windows\system32;C:\windows;C:\windows\System32\Wbem;C:\windows\System32\WindowsPowerShell\v1.0\;C:\windows\System32\OpenSSH\;C:\Program Files\MongoDB\Server\5.0\bin;C:\Gradle\gradle-7.4.2\bin;C:\Program Files\Git\cmd;C:\Program Files\dotnet\;C:\QuickCMD;C:\Users\gwch3\AppData\Local\Programs\Python\Python310;C:\Users\gwch3\AppData\Local\Microsoft\WindowsApps;;C:\Program Files\JetBrains\IntelliJ IDEA Community Edition 2021.3\bin;;C:\Users\gwch3\AppData\Local\Programs\Microsoft VS Code\bin;C:\Users\gwch3\.dotnet\tools;C:\Program Files\JetBrains\CLion 2021.3.2\bin;;C:\Users\gwch3\AppData\Local\JetBrains\Toolbox\scripts
USERNAME=hi
OS=Windows_NT
PROCESSOR_IDENTIFIER=Intel64 Family 6 Model 140 Stepping 1, GenuineIntel



---------------  S Y S T E M  ---------------

OS:
 Windows 10 , 64 bit Build 22000 (10.0.22000.708)
OS uptime: 1 days 13:16 hours
Hyper-V role detected

CPU: total 8 (initial active 8) (4 cores per cpu, 2 threads per core) family 6 model 140 stepping 1 microcode 0x9a, cx8, cmov, fxsr, ht, mmx, 3dnowpref, sse, sse2, sse3, ssse3, sse4.1, sse4.2, popcnt, lzcnt, tsc, tscinvbit, avx, avx2, aes, erms, clmul, bmi1, bmi2, adx, avx512f, avx512dq, avx512cd, avx512bw, avx512vl, sha, fma, vzeroupper, avx512_vpopcntdq, avx512_vpclmulqdq, avx512_vaes, avx512_vnni, clflush, clflushopt, clwb, avx512_vbmi2, avx512_vbmi, hv

Memory: 4k page, system-wide physical 8026M (242M free)
TotalPageFile size 22390M (AvailPageFile size 3522M)
current process WorkingSet (physical memory assigned to process): 46M, peak: 46M
current process commit charge ("private bytes"): 215M, peak: 215M

vm_info: OpenJDK 64-Bit Server VM (17.0.1+12) for windows-amd64 JRE (17.0.1+12), built on Oct 20 2021 07:42:55 by "" with MS VC++ 16.7 (VS2019)

END.
