#
# A fatal error has been detected by the Java Runtime Environment:
#
#  EXCEPTION_ACCESS_VIOLATION (0xc0000005) at pc=0x00000216a4adfbae, pid=20688, tid=6176
#
# JRE version: OpenJDK Runtime Environment Temurin-17.0.1+12 (17.0.1+12) (build 17.0.1+12)
# Java VM: OpenJDK 64-Bit Server VM Temurin-17.0.1+12 (17.0.1+12, mixed mode, sharing, tiered, compressed oops, compressed class ptrs, g1 gc, windows-amd64)
# Problematic frame:
# J 313 c1 java.nio.DirectIntBufferU.get(I)I java.base@17.0.1 (34 bytes) @ 0x00000216a4adfbae [0x00000216a4adf6e0+0x00000000000004ce]
#
# No core dump will be written. Minidumps are not enabled by default on client versions of Windows
#
# If you would like to submit a bug report, please visit:
#   https://github.com/adoptium/adoptium-support/issues
#

---------------  S U M M A R Y ------------

Command Line: -agentlib:jdwp=transport=dt_socket,server=n,suspend=y,address=127.0.0.1:11842 -Dfile.encoding=windows-1252 -Duser.country=US -Duser.language=en -Duser.variant FastPrime.Main

Host: 11th Gen Intel(R) Core(TM) i5-1135G7 @ 2.40GHz, 8 cores, 7G,  Windows 10 , 64 bit Build 22000 (10.0.22000.708)
Time: Sun Oct  2 02:07:38 2022 Korea Standard Time elapsed time: 13.636889 seconds (0d 0h 0m 13s)

---------------  T H R E A D  ---------------

Current thread (0x000002169ca01d40):  JavaThread "main" [_thread_in_Java, id=6176, stack(0x0000009122900000,0x0000009122a00000)]

Stack: [0x0000009122900000,0x0000009122a00000],  sp=0x00000091229ff490,  free space=1021k
Native frames: (J=compiled Java code, j=interpreted, Vv=VM code, C=native code)
C  0x00000216a4adfbae


siginfo: EXCEPTION_ACCESS_VIOLATION (0xc0000005), reading address 0x000000000000001c


Register to memory mapping:

RIP=0x00000216a4adfbae is at entry_point+1230 in (nmethod*)0x00000216a4adf490
RAX=0x000000000000001c is an unknown value
RBX=0x000000000000003f is an unknown value
RCX=0x0000000000000002 is an unknown value
RDX=0x0 is NULL
RSP=0x00000091229ff490 is pointing into the stack for thread: 0x000002169ca01d40
RBP=0x00000091229ff5d8 is pointing into the stack for thread: 0x000002169ca01d40
RSI=0x0 is NULL
RDI=0x0000000000000110 is an unknown value
R8 =0x0 is NULL
R9 =0x0000000000000020 is an unknown value
R10=0x00000008000a4f40 is a pointer to class: 
jdk.internal.misc.ScopedMemoryAccess {0x00000008000a4f48}
 - instance size:     2
 - klass size:        252
 - access:            public synchronized 
 - state:             fully_initialized
 - name:              'jdk/internal/misc/ScopedMemoryAccess'
 - super:             'java/lang/Object'
 - sub:               
 - arrays:            NULL
 - methods:           Array<T>(0x000000080066b7b8)
 - method ordering:   Array<T>(0x0000000800676b60)
 - default_methods:   Array<T>(0x0000000000000000)
 - local interfaces:  Array<T>(0x00000008005aed70)
 - trans. interfaces: Array<T>(0x00000008005aed70)
 - constants:         constant pool [1384] {0x000000080065f440} for 'jdk/internal/misc/ScopedMemoryAccess' cache=0x00000008000a6000
 - class loader data:  loader data: 0x00000216bab22000 of 'bootstrap'
 - source file:       'ScopedMemoryAccess.java'
 - class annotations:       Array<T>(0x0000000000000000)
 - class type annotations:  Array<T>(0x0000000000000000)
 - field annotations:       Array<T>(0x0000000000000000)
 - field type annotations:  Array<T>(0x0000000000000000)
 - inner classes:     Array<T>(0x000000080066b760)
 - nest members:     Array<T>(0x0000000800677160)
 - permitted subclasses:     Array<T>(0x00000008005aed00)
 - java mirror:       a 'java/lang/Class'{0x000000008a522670} = 'jdk/internal/misc/ScopedMemoryAccess'
 - vtable length      193  (start addr: 0x00000008000a5108)
 - itable length      2 (start addr: 0x00000008000a5710)
 - ---- static fields (1 words):
 - private static final 'UNSAFE' 'Ljdk/internal/misc/Unsafe;' @112 
 - private static final 'theScopedMemoryAccess' 'Ljdk/internal/misc/ScopedMemoryAccess;' @116 
 - ---- non-static fields (0 words):
 - non-static oop maps: 
R11=0x00000216a4adf700 is at entry_point+32 in (nmethod*)0x00000216a4adf490
R12=0x0 is NULL
R13=0x00000091229ff580 is pointing into the stack for thread: 0x000002169ca01d40
R14=0x0 is NULL
R15=0x000002169ca01d40 is a thread


Registers:
RAX=0x000000000000001c, RBX=0x000000000000003f, RCX=0x0000000000000002, RDX=0x0000000000000000
RSP=0x00000091229ff490, RBP=0x00000091229ff5d8, RSI=0x0000000000000000, RDI=0x0000000000000110
R8 =0x0000000000000000, R9 =0x0000000000000020, R10=0x00000008000a4f40, R11=0x00000216a4adf700
R12=0x0000000000000000, R13=0x00000091229ff580, R14=0x0000000000000000, R15=0x000002169ca01d40
RIP=0x00000216a4adfbae, EFLAGS=0x0000000000010246

Top of Stack: (sp=0x00000091229ff490)
0x00000091229ff490:   0000000000000001 000000000000001c
0x00000091229ff4a0:   0000000000000000 000000008a16c878
0x00000091229ff4b0:   00000091229ff4b0 00000216bb418c90
0x00000091229ff4c0:   00000091229ff518 00000216bb4226b0
0x00000091229ff4d0:   0000000000000000 000000008a4fe0d8
0x00000091229ff4e0:   00000216bb418cb8 0000000000000000
0x00000091229ff4f0:   00000091229ff508 00000091229ff568
0x00000091229ff500:   00000216a44da42c 0000000000000001
0x00000091229ff510:   000000000000001c 000000008a16c878
0x00000091229ff520:   00000091229ff520 000000008a16c878
0x00000091229ff530:   0000009100000000 0000000000000000
0x00000091229ff540:   000000000000001c 000000008a255650
0x00000091229ff550:   00000216bb458fc0 0000000000000000
0x00000091229ff560:   00000091229ff5d8 00000216a44da322
0x00000091229ff570:   00000216a44da42c 00000216a44da322
0x00000091229ff580:   0000000000000000 000000008a16c878 

Instructions: (pc=0x00000216a4adfbae)
0x00000216a4adfaae:   8b 5b 08 49 ba 00 00 00 00 08 00 00 00 49 03 da
0x00000216a4adfabe:   48 33 5f 18 48 f7 c3 fc ff ff ff 74 35 48 f7 c3
0x00000216a4adface:   02 00 00 00 75 2c 48 81 7f 18 00 00 00 00 74 1e
0x00000216a4adfade:   48 81 7f 18 01 00 00 00 74 14 48 33 5f 18 48 f7
0x00000216a4adfaee:   c3 fc ff ff ff 74 0b 48 83 4f 18 02 eb 04 48 89
0x00000216a4adfafe:   5f 18 48 bf c8 08 0f bb 16 02 00 00 48 83 87 10
0x00000216a4adfb0e:   01 00 00 01 48 ba a8 0a 0f bb 16 02 00 00 8b ba
0x00000216a4adfb1e:   cc 00 00 00 83 c7 02 89 ba cc 00 00 00 81 e7 fe
0x00000216a4adfb2e:   ff 1f 00 83 ff 00 0f 84 38 03 00 00 48 83 fe 00
0x00000216a4adfb3e:   48 ba a8 0a 0f bb 16 02 00 00 48 bf 20 01 00 00
0x00000216a4adfb4e:   00 00 00 00 0f 85 0a 00 00 00 48 bf 10 01 00 00
0x00000216a4adfb5e:   00 00 00 00 48 8b 1c 3a 48 8d 5b 01 48 89 1c 3a
0x00000216a4adfb6e:   0f 85 0d 00 00 00 48 89 b4 24 a8 00 00 00 e9 23
0x00000216a4adfb7e:   00 00 00 48 8b d6 48 89 b4 24 a8 00 00 00 90 48
0x00000216a4adfb8e:   b8 ff ff ff ff ff ff ff ff e8 e4 de a3 ff 48 8b
0x00000216a4adfb9e:   84 24 b0 00 00 00 48 ba 00 00 00 00 00 00 00 00
0x00000216a4adfbae:   8b 14 02 48 be a8 0a 0f bb 16 02 00 00 48 83 86
0x00000216a4adfbbe:   b8 01 00 00 01 48 be 98 85 07 bb 16 02 00 00 8b
0x00000216a4adfbce:   be cc 00 00 00 83 c7 02 89 be cc 00 00 00 81 e7
0x00000216a4adfbde:   fe ff 1f 00 83 ff 00 0f 84 a8 02 00 00 48 b8 08
0x00000216a4adfbee:   05 0f bb 16 02 00 00 48 83 80 18 02 00 00 01 48
0x00000216a4adfbfe:   b8 98 85 07 bb 16 02 00 00 8b b0 cc 00 00 00 83
0x00000216a4adfc0e:   c6 02 89 b0 cc 00 00 00 81 e6 fe ff 1f 00 83 fe
0x00000216a4adfc1e:   00 0f 84 8f 02 00 00 48 8b c2 48 81 c4 d0 00 00
0x00000216a4adfc2e:   00 5d 49 3b a7 40 03 00 00 0f 87 98 02 00 00 c3
0x00000216a4adfc3e:   49 8b 87 d0 03 00 00 4d 33 d2 4d 89 97 d0 03 00
0x00000216a4adfc4e:   00 4d 33 d2 4d 89 97 d8 03 00 00 48 8b f0 48 b8
0x00000216a4adfc5e:   a8 0a 0f bb 16 02 00 00 48 83 80 c8 01 00 00 01
0x00000216a4adfc6e:   48 b8 98 85 07 bb 16 02 00 00 8b 90 cc 00 00 00
0x00000216a4adfc7e:   83 c2 02 89 90 cc 00 00 00 81 e2 fe ff 1f 00 83
0x00000216a4adfc8e:   fa 00 0f 84 55 02 00 00 48 8b c6 48 ba 99 fc ad
0x00000216a4adfc9e:   a4 16 02 00 00 e8 58 a7 af ff 90 49 8b 87 d0 03 


Stack slot to memory mapping:
stack at sp + 0 slots: 0x0000000000000001 is an unknown value
stack at sp + 1 slots: 0x000000000000001c is an unknown value
stack at sp + 2 slots: 0x0 is NULL
stack at sp + 3 slots: 0x000000008a16c878 is an oop: java.nio.DirectIntBufferU 
{0x000000008a16c878} - klass: 'java/nio/DirectIntBufferU'
 - ---- fields (total size 7 words):
 - private 'mark' 'I' @12  -1 (ffffffff)
 - 'address' 'J' @16  28 (1c 0)
 - private 'position' 'I' @24  0
 - private 'limit' 'I' @28  1
 - private 'capacity' 'I' @32  1
 - final 'segment' 'Ljdk/internal/access/foreign/MemorySegmentProxy;' @36  NULL (0)
 - final 'offset' 'I' @40  0
 - 'isReadOnly' 'Z' @44  false
 - final 'hb' '[I' @48  NULL (0)
 - private final 'att' 'Ljava/lang/Object;' @52  NULL (0)
stack at sp + 4 slots: 0x00000091229ff4b0 is pointing into the stack for thread: 0x000002169ca01d40
stack at sp + 5 slots: 0x00000216bb418c90 is pointing into metadata
stack at sp + 6 slots: 0x00000091229ff518 is pointing into the stack for thread: 0x000002169ca01d40
stack at sp + 7 slots: 0x00000216bb4226b0 is pointing into metadata

--------------------------------------------------------------------------------
[Constant Pool (empty)]

--------------------------------------------------------------------------------

[MachCode]
  0x00000216a4adf6e0: 448b 5208 | 49bb 0000 | 0000 0800 | 0000 4d03 | d34c 3bd0 | 0f85 86d8 | a3ff 660f | 1f44 0000 
  0x00000216a4adf700: 8984 2400 | 90ff ff55 | 4881 ecd0 | 0000 0048 | 8994 2498 | 0000 0044 | 8984 24a0 | 0000 0048 
  0x00000216a4adf720: be08 050f | bb16 0200 | 008b becc | 0000 0083 | c702 89be | cc00 0000 | 81e7 fe07 | 0000 83ff 
  0x00000216a4adf740: 000f 84b0 | 0600 0048 | 8bf2 48bf | 0805 0fbb | 1602 0000 | 4883 8710 | 0100 0001 | 48be 5093 
  0x00000216a4adf760: 07bb 1602 | 0000 8bbe | cc00 0000 | 83c7 0289 | becc 0000 | 0081 e7fe | ff1f 0083 | ff00 0f84 
  0x00000216a4adf780: 9406 0000 | 8b72 2448 | 83fe 0048 | bf50 9307 | bb16 0200 | 0048 bb10 | 0100 0000 | 0000 000f 
  0x00000216a4adf7a0: 840a 0000 | 0048 bb20 | 0100 0000 | 0000 0048 | 8b04 1f48 | 8d40 0148 | 8904 1f0f | 84b8 0000 
  0x00000216a4adf7c0: 0048 3b06 | 488b fe48 | bb50 9307 | bb16 0200 | 008b 7f08 | 49ba 0000 | 0000 0800 | 0000 4903 
  0x00000216a4adf7e0: fa48 3bbb | 4001 0000 | 750d 4883 | 8348 0100 | 0001 e966 | 0000 0048 | 3bbb 5001 | 0000 750d 
  0x00000216a4adf800: 4883 8358 | 0100 0001 | e950 0000 | 0048 81bb | 4001 0000 | 0000 0000 | 7517 4889 | bb40 0100 
  0x00000216a4adf820: 0048 c783 | 4801 0000 | 0100 0000 | e92c 0000 | 0048 81bb | 5001 0000 | 0000 0000 | 7517 4889 
  0x00000216a4adf840: bb50 0100 | 0048 c783 | 5801 0000 | 0100 0000 | e908 0000 | 0048 8383 | 3001 0000 | 0148 8bd6 
  0x00000216a4adf860: 0f1f 4400 | 0048 b8ff | ffff ffff | ffff ffe8 | 0ce2 a3ff | e90a 0000 | 0048 b800 | 0000 0000 
  0x00000216a4adf880: 0000 0048 | 8984 24a8 | 0000 0044 | 8b84 24a0 | 0000 0048 | 8b94 2498 | 0000 0048 | 8bf2 48bf 
  0x00000216a4adf8a0: 0805 0fbb | 1602 0000 | 4883 8748 | 0100 0001 | 443b 421c | 0f83 8e05 | 0000 498b | f048 8bfa 
  0x00000216a4adf8c0: 48bb 0805 | 0fbb 1602 | 0000 4883 | 8380 0100 | 0001 4c8b | c648 8bf2 | 488b d60f | 1f40 00e8 
  0x00000216a4adf8e0: dc0d 0000 | 4889 8424 | b000 0000 | 48ba 0805 | 0fbb 1602 | 0000 488d | 92f0 0100 | 0048 8bb4 
  0x00000216a4adf900: 24a8 0000 | 0048 8bfe | 4885 ff75 | 0748 834a | 0801 eb52 | 8b7f 0849 | ba00 0000 | 0008 0000 
  0x00000216a4adf920: 0049 03fa | 4833 7a08 | 48f7 c7fc | ffff ff74 | 3548 f7c7 | 0200 0000 | 752c 4881 | 7a08 0000 
  0x00000216a4adf940: 0000 741e | 4881 7a08 | 0100 0000 | 7414 4833 | 7a08 48f7 | c7fc ffff | ff74 0b48 | 834a 0802 
  0x00000216a4adf960: eb04 4889 | 7a08 48bf | 0000 0000 | 0000 0000 | 4885 ff75 | 0748 834a | 1801 eb52 | 8b7f 0849 
  0x00000216a4adf980: ba00 0000 | 0008 0000 | 0049 03fa | 4833 7a18 | 48f7 c7fc | ffff ff74 | 3548 f7c7 | 0200 0000 
  0x00000216a4adf9a0: 752c 4881 | 7a18 0000 | 0000 741e | 4881 7a18 | 0100 0000 | 7414 4833 | 7a18 48f7 | c7fc ffff 
  0x00000216a4adf9c0: ff74 0b48 | 834a 1802 | eb04 4889 | 7a18 48ba | 1027 528a | 0000 0000 | 488b fa48 | bb08 050f 
  0x00000216a4adf9e0: bb16 0200 | 0049 ba40 | 4f0a 0008 | 0000 004c | 8993 c801 | 0000 4883 | 83d0 0100 | 0001 48bf 
  0x00000216a4adfa00: c808 0fbb | 1602 0000 | 8b9f cc00 | 0000 83c3 | 0289 9fcc | 0000 0081 | e3fe ff1f | 0083 fb00 
  0x00000216a4adfa20: 0f84 2b04 | 0000 48bf | c808 0fbb | 1602 0000 | 488d bf48 | 0100 0048 | 8bde 4885 | db75 0748 
  0x00000216a4adfa40: 834f 0801 | eb52 8b5b | 0849 ba00 | 0000 0008 | 0000 0049 | 03da 4833 | 5f08 48f7 | c3fc ffff 
  0x00000216a4adfa60: ff74 3548 | f7c3 0200 | 0000 752c | 4881 7f08 | 0000 0000 | 741e 4881 | 7f08 0100 | 0000 7414 
  0x00000216a4adfa80: 4833 5f08 | 48f7 c3fc | ffff ff74 | 0b48 834f | 0802 eb04 | 4889 5f08 | 48bb 0000 | 0000 0000 
  0x00000216a4adfaa0: 0000 4885 | db75 0748 | 834f 1801 | eb52 8b5b | 0849 ba00 | 0000 0008 | 0000 0049 | 03da 4833 
  0x00000216a4adfac0: 5f18 48f7 | c3fc ffff | ff74 3548 | f7c3 0200 | 0000 752c | 4881 7f18 | 0000 0000 | 741e 4881 
  0x00000216a4adfae0: 7f18 0100 | 0000 7414 | 4833 5f18 | 48f7 c3fc | ffff ff74 | 0b48 834f | 1802 eb04 | 4889 5f18 
  0x00000216a4adfb00: 48bf c808 | 0fbb 1602 | 0000 4883 | 8710 0100 | 0001 48ba | a80a 0fbb | 1602 0000 | 8bba cc00 
  0x00000216a4adfb20: 0000 83c7 | 0289 bacc | 0000 0081 | e7fe ff1f | 0083 ff00 | 0f84 3803 | 0000 4883 | fe00 48ba 
  0x00000216a4adfb40: a80a 0fbb | 1602 0000 | 48bf 2001 | 0000 0000 | 0000 0f85 | 0a00 0000 | 48bf 1001 | 0000 0000 
  0x00000216a4adfb60: 0000 488b | 1c3a 488d | 5b01 4889 | 1c3a 0f85 | 0d00 0000 | 4889 b424 | a800 0000 | e923 0000 
  0x00000216a4adfb80: 0048 8bd6 | 4889 b424 | a800 0000 | 9048 b8ff | ffff ffff | ffff ffe8 | e4de a3ff | 488b 8424 
  0x00000216a4adfba0: b000 0000 | 48ba 0000 | 0000 0000 | 0000 8b14 | 0248 bea8 | 0a0f bb16 | 0200 0048 | 8386 b801 
  0x00000216a4adfbc0: 0000 0148 | be98 8507 | bb16 0200 | 008b becc | 0000 0083 | c702 89be | cc00 0000 | 81e7 feff 
  0x00000216a4adfbe0: 1f00 83ff | 000f 84a8 | 0200 0048 | b808 050f | bb16 0200 | 0048 8380 | 1802 0000 | 0148 b898 
  0x00000216a4adfc00: 8507 bb16 | 0200 008b | b0cc 0000 | 0083 c602 | 89b0 cc00 | 0000 81e6 | feff 1f00 | 83fe 000f 
  0x00000216a4adfc20: 848f 0200 | 0048 8bc2 | 4881 c4d0 | 0000 005d | 493b a740 | 0300 000f | 8798 0200 | 00c3 498b 
  0x00000216a4adfc40: 87d0 0300 | 004d 33d2 | 4d89 97d0 | 0300 004d | 33d2 4d89 | 97d8 0300 | 0048 8bf0 | 48b8 a80a 
  0x00000216a4adfc60: 0fbb 1602 | 0000 4883 | 80c8 0100 | 0001 48b8 | 9885 07bb | 1602 0000 | 8b90 cc00 | 0000 83c2 
  0x00000216a4adfc80: 0289 90cc | 0000 0081 | e2fe ff1f | 0083 fa00 | 0f84 5502 | 0000 488b | c648 ba99 | fcad a416 
  0x00000216a4adfca0: 0200 00e8 | 58a7 afff | 9049 8b87 | d003 0000 | 4d33 d24d | 8997 d003 | 0000 4d33 | d24d 8997 
  0x00000216a4adfcc0: d803 0000 | 0f1f 4000 | e94e 0200 | 0000 0000 | 0000 4889 | 8424 c000 | 0000 80ba | 3301 0000 
  0x00000216a4adfce0: 040f 8543 | 0200 0049 | 8b87 0801 | 0000 488d | 7828 493b | bf18 0100 | 000f 872b | 0200 0049 
  0x00000216a4adfd00: 89bf 0801 | 0000 48c7 | 0001 0000 | 0048 8bca | 49ba 0000 | 0000 0800 | 0000 492b | ca89 4808 
  0x00000216a4adfd20: 4833 c989 | 480c 4833 | c948 8948 | 1048 8948 | 1848 8948 | 204c 8bc0 | 48ba c808 | 0fbb 1602 
  0x00000216a4adfd40: 0000 4883 | 8270 0100 | 0001 49b8 | 00bc 5e8a | 0000 0000 | 488b d048 | 8984 24b8 | 0000 00e8 
  0x00000216a4adfd60: 9cd7 a3ff | 488b 8424 | b800 0000 | 48ba 6cfd | ada4 1602 | 0000 e885 | a6af ff90 | 448b 8424 
  0x00000216a4adfd80: a000 0000 | 488b b424 | 9800 0000 | 498b 87d0 | 0300 004d | 33d2 4d89 | 97d0 0300 | 004d 33d2 
  0x00000216a4adfda0: 4d89 97d8 | 0300 0048 | 8bf8 48b8 | 0805 0fbb | 1602 0000 | 4883 8028 | 0200 0001 | 48b8 9885 
  0x00000216a4adfdc0: 07bb 1602 | 0000 8b90 | cc00 0000 | 83c2 0289 | 90cc 0000 | 0081 e2fe | ff1f 0083 | fa00 0f84 
  0x00000216a4adfde0: 5301 0000 | 488b c748 | bae7 fdad | a416 0200 | 00e8 0aa6 | afff 9049 | bad8 ff08 | 0008 0000 
  0x00000216a4adfe00: 004c 8954 | 2408 48c7 | 0424 ffff | ffff e86d | f2af ffe9 | 2ff9 ffff | 49ba 189f | 0900 0800 
  0x00000216a4adfe20: 0000 4c89 | 5424 0848 | c704 24ff | ffff ffe8 | 4cf2 afff | e94b f9ff | ffe8 e286 | afff e8dd 
  0x00000216a4adfe40: 86af ffe8 | d886 afff | 4c89 0424 | e8cf 80af | ff49 bab0 | 920a 0008 | 0000 004c | 8954 2408 
  0x00000216a4adfe60: 48c7 0424 | ffff ffff | e813 f2af | ffe9 b4fb | ffff 49ba | 78ea 0a00 | 0800 0000 | 4c89 5424 
  0x00000216a4adfe80: 0848 c704 | 24ff ffff | ffe8 f2f1 | afff e9a7 | fcff ff49 | baf0 4e3b | 0008 0000 | 004c 8954 
  0x00000216a4adfea0: 2408 48c7 | 0424 ffff | ffff e8d1 | f1af ffe9 | 37fd ffff | 49ba f04e | 3b00 0800 | 0000 4c89 
  0x00000216a4adfec0: 5424 0848 | c704 24ff | ffff ffe8 | b0f1 afff | e950 fdff | ff49 ba30 | fcad a416 | 0200 004d 
  0x00000216a4adfee0: 8997 5803 | 0000 e995 | 4aa4 ff49 | baf0 4e3b | 0008 0000 | 004c 8954 | 2408 48c7 | 0424 ffff 
  0x00000216a4adff00: ffff e879 | f1af ffe9 | 8afd ffff | 48ba 0000 | 0000 0000 | 0000 b800 | 0f05 0ae8 | e0d7 afff 
  0x00000216a4adff20: e9a3 fdff | ffe8 f685 | afff 488b | d2e8 ce94 | afff e9fe | fdff ff49 | baf0 4e3b | 0008 0000 
  0x00000216a4adff40: 004c 8954 | 2408 48c7 | 0424 ffff | ffff e82d | f1af ffe9 | 8cfe ffff | 9090 498b | 87d0 0300 
  0x00000216a4adff60: 0049 c787 | d003 0000 | 0000 0000 | 49c7 87d8 | 0300 0000 | 0000 0048 | 81c4 d000 | 0000 5de9 
  0x00000216a4adff80: 7c76 afff | f4f4 f4f4 | f4f4 f4f4 | f4f4 f4f4 | f4f4 f4f4 | f4f4 f4f4 | f4f4 f4f4 | f4f4 f4f4 
  0x00000216a4adffa0: 0f1f 4400 | 0048 bb00 | 0000 0000 | 0000 00e9 | fbff ffff | 9048 bb00 | 0000 0000 | 0000 00e9 
  0x00000216a4adffc0: fbff ffff | 9048 bb00 | 0000 0000 | 0000 00e9 | fbff ffff | 9048 bb00 | 0000 0000 | 0000 00e9 
  0x00000216a4adffe0: fbff ffff | e817 abaf | ff48 b918 | 3c8e eaff | 7f00 0048 | 83e4 f049 | baa0 8d56 | eaff 7f00 
  0x00000216a4ae0000: 0041 ffd2 | f449 ba05 | 00ae a416 | 0200 0041 | 52e9 8a5e | a4ff f4f4 
[/MachCode]
--------------------------------------------------------------------------------


---------------  P R O C E S S  ---------------

Threads class SMR info:
_java_thread_list=0x00000216bb8ec190, length=15, elements={
0x000002169ca01d40, 0x00000216bac5b340, 0x00000216bac5bef0, 0x00000216bac75560,
0x00000216bac75f10, 0x00000216bac768c0, 0x00000216bac78a20, 0x00000216bac7a7c0,
0x00000216bac7ba00, 0x00000216bac91720, 0x00000216bb8ce600, 0x00000216bb8bea50,
0x00000216bb8d6a90, 0x00000216bb8d90e0, 0x00000216bb8ebc70
}

Java Threads: ( => current thread )
=>0x000002169ca01d40 JavaThread "main" [_thread_in_Java, id=6176, stack(0x0000009122900000,0x0000009122a00000)]
  0x00000216bac5b340 JavaThread "Reference Handler" daemon [_thread_blocked, id=16296, stack(0x0000009123000000,0x0000009123100000)]
  0x00000216bac5bef0 JavaThread "Finalizer" daemon [_thread_blocked, id=14548, stack(0x0000009123100000,0x0000009123200000)]
  0x00000216bac75560 JavaThread "Signal Dispatcher" daemon [_thread_blocked, id=17764, stack(0x0000009123200000,0x0000009123300000)]
  0x00000216bac75f10 JavaThread "Attach Listener" daemon [_thread_blocked, id=8212, stack(0x0000009123300000,0x0000009123400000)]
  0x00000216bac768c0 JavaThread "Service Thread" daemon [_thread_blocked, id=4080, stack(0x0000009123400000,0x0000009123500000)]
  0x00000216bac78a20 JavaThread "Monitor Deflation Thread" daemon [_thread_blocked, id=14576, stack(0x0000009123500000,0x0000009123600000)]
  0x00000216bac7a7c0 JavaThread "C2 CompilerThread0" daemon [_thread_blocked, id=14556, stack(0x0000009123600000,0x0000009123700000)]
  0x00000216bac7ba00 JavaThread "C1 CompilerThread0" daemon [_thread_blocked, id=11156, stack(0x0000009123700000,0x0000009123800000)]
  0x00000216bac91720 JavaThread "Sweeper thread" daemon [_thread_blocked, id=15284, stack(0x0000009123800000,0x0000009123900000)]
  0x00000216bb8ce600 JavaThread "JDWP Transport Listener: dt_socket" daemon [_thread_blocked, id=18516, stack(0x0000009123900000,0x0000009123a00000)]
  0x00000216bb8bea50 JavaThread "JDWP Event Helper Thread" daemon [_thread_blocked, id=9228, stack(0x0000009123a00000,0x0000009123b00000)]
  0x00000216bb8d6a90 JavaThread "JDWP Command Reader" daemon [_thread_in_native, id=18524, stack(0x0000009123b00000,0x0000009123c00000)]
  0x00000216bb8d90e0 JavaThread "Notification Thread" daemon [_thread_blocked, id=3156, stack(0x0000009123c00000,0x0000009123d00000)]
  0x00000216bb8ebc70 JavaThread "Common-Cleaner" daemon [_thread_blocked, id=1296, stack(0x0000009123e00000,0x0000009123f00000)]

Other Threads:
  0x00000216bac57110 VMThread "VM Thread" [stack: 0x0000009122f00000,0x0000009123000000] [id=16564]
  0x00000216bb8ba280 WatcherThread [stack: 0x0000009123d00000,0x0000009123e00000] [id=4172]
  0x000002169ca42950 GCTaskThread "GC Thread#0" [stack: 0x0000009122a00000,0x0000009122b00000] [id=11612]
  0x000002169ca534f0 ConcurrentGCThread "G1 Main Marker" [stack: 0x0000009122b00000,0x0000009122c00000] [id=9792]
  0x000002169ca54800 ConcurrentGCThread "G1 Conc#0" [stack: 0x0000009122c00000,0x0000009122d00000] [id=1300]
  0x00000216bab20090 ConcurrentGCThread "G1 Refine#0" [stack: 0x0000009122d00000,0x0000009122e00000] [id=6732]
  0x00000216bab21960 ConcurrentGCThread "G1 Service" [stack: 0x0000009122e00000,0x0000009122f00000] [id=14448]

Threads with active compile tasks:

VM state: not at safepoint (normal execution)

VM Mutex/Monitor currently owned by a thread: None

Heap address: 0x0000000082800000, size: 2008 MB, Compressed Oops mode: 32-bit

CDS archive(s) mapped at: [0x0000000800000000-0x0000000800bc0000-0x0000000800bc0000), size 12320768, SharedBaseAddress: 0x0000000800000000, ArchiveRelocationMode: 0.
Compressed class space mapped at: 0x0000000800c00000-0x0000000840c00000, reserved size: 1073741824
Narrow klass base: 0x0000000800000000, Narrow klass shift: 0, Narrow klass range: 0x100000000

GC Precious Log:
 CPUs: 8 total, 8 available
 Memory: 8026M
 Large Page Support: Disabled
 NUMA Support: Disabled
 Compressed Oops: Enabled (32-bit)
 Heap Region Size: 1M
 Heap Min Capacity: 8M
 Heap Initial Capacity: 126M
 Heap Max Capacity: 2008M
 Pre-touch: Disabled
 Parallel Workers: 8
 Concurrent Workers: 2
 Concurrent Refinement Workers: 8
 Periodic GC: Disabled

Heap:
 garbage-first heap   total 129024K, used 4096K [0x0000000082800000, 0x0000000100000000)
  region size 1024K, 5 young (5120K), 0 survivors (0K)
 Metaspace       used 2046K, committed 2240K, reserved 1056768K
  class space    used 138K, committed 256K, reserved 1048576K

Heap Regions: E=young(eden), S=young(survivor), O=old, HS=humongous(starts), HC=humongous(continues), CS=collection set, F=free, OA=open archive, CA=closed archive, TAMS=top-at-mark-start (previous, next)
|   0|0x0000000082800000, 0x0000000082800000, 0x0000000082900000|  0%| F|  |TAMS 0x0000000082800000, 0x0000000082800000| Untracked 
|   1|0x0000000082900000, 0x0000000082900000, 0x0000000082a00000|  0%| F|  |TAMS 0x0000000082900000, 0x0000000082900000| Untracked 
|   2|0x0000000082a00000, 0x0000000082a00000, 0x0000000082b00000|  0%| F|  |TAMS 0x0000000082a00000, 0x0000000082a00000| Untracked 
|   3|0x0000000082b00000, 0x0000000082b00000, 0x0000000082c00000|  0%| F|  |TAMS 0x0000000082b00000, 0x0000000082b00000| Untracked 
|   4|0x0000000082c00000, 0x0000000082c00000, 0x0000000082d00000|  0%| F|  |TAMS 0x0000000082c00000, 0x0000000082c00000| Untracked 
|   5|0x0000000082d00000, 0x0000000082d00000, 0x0000000082e00000|  0%| F|  |TAMS 0x0000000082d00000, 0x0000000082d00000| Untracked 
|   6|0x0000000082e00000, 0x0000000082e00000, 0x0000000082f00000|  0%| F|  |TAMS 0x0000000082e00000, 0x0000000082e00000| Untracked 
|   7|0x0000000082f00000, 0x0000000082f00000, 0x0000000083000000|  0%| F|  |TAMS 0x0000000082f00000, 0x0000000082f00000| Untracked 
|   8|0x0000000083000000, 0x0000000083000000, 0x0000000083100000|  0%| F|  |TAMS 0x0000000083000000, 0x0000000083000000| Untracked 
|   9|0x0000000083100000, 0x0000000083100000, 0x0000000083200000|  0%| F|  |TAMS 0x0000000083100000, 0x0000000083100000| Untracked 
|  10|0x0000000083200000, 0x0000000083200000, 0x0000000083300000|  0%| F|  |TAMS 0x0000000083200000, 0x0000000083200000| Untracked 
|  11|0x0000000083300000, 0x0000000083300000, 0x0000000083400000|  0%| F|  |TAMS 0x0000000083300000, 0x0000000083300000| Untracked 
|  12|0x0000000083400000, 0x0000000083400000, 0x0000000083500000|  0%| F|  |TAMS 0x0000000083400000, 0x0000000083400000| Untracked 
|  13|0x0000000083500000, 0x0000000083500000, 0x0000000083600000|  0%| F|  |TAMS 0x0000000083500000, 0x0000000083500000| Untracked 
|  14|0x0000000083600000, 0x0000000083600000, 0x0000000083700000|  0%| F|  |TAMS 0x0000000083600000, 0x0000000083600000| Untracked 
|  15|0x0000000083700000, 0x0000000083700000, 0x0000000083800000|  0%| F|  |TAMS 0x0000000083700000, 0x0000000083700000| Untracked 
|  16|0x0000000083800000, 0x0000000083800000, 0x0000000083900000|  0%| F|  |TAMS 0x0000000083800000, 0x0000000083800000| Untracked 
|  17|0x0000000083900000, 0x0000000083900000, 0x0000000083a00000|  0%| F|  |TAMS 0x0000000083900000, 0x0000000083900000| Untracked 
|  18|0x0000000083a00000, 0x0000000083a00000, 0x0000000083b00000|  0%| F|  |TAMS 0x0000000083a00000, 0x0000000083a00000| Untracked 
|  19|0x0000000083b00000, 0x0000000083b00000, 0x0000000083c00000|  0%| F|  |TAMS 0x0000000083b00000, 0x0000000083b00000| Untracked 
|  20|0x0000000083c00000, 0x0000000083c00000, 0x0000000083d00000|  0%| F|  |TAMS 0x0000000083c00000, 0x0000000083c00000| Untracked 
|  21|0x0000000083d00000, 0x0000000083d00000, 0x0000000083e00000|  0%| F|  |TAMS 0x0000000083d00000, 0x0000000083d00000| Untracked 
|  22|0x0000000083e00000, 0x0000000083e00000, 0x0000000083f00000|  0%| F|  |TAMS 0x0000000083e00000, 0x0000000083e00000| Untracked 
|  23|0x0000000083f00000, 0x0000000083f00000, 0x0000000084000000|  0%| F|  |TAMS 0x0000000083f00000, 0x0000000083f00000| Untracked 
|  24|0x0000000084000000, 0x0000000084000000, 0x0000000084100000|  0%| F|  |TAMS 0x0000000084000000, 0x0000000084000000| Untracked 
|  25|0x0000000084100000, 0x0000000084100000, 0x0000000084200000|  0%| F|  |TAMS 0x0000000084100000, 0x0000000084100000| Untracked 
|  26|0x0000000084200000, 0x0000000084200000, 0x0000000084300000|  0%| F|  |TAMS 0x0000000084200000, 0x0000000084200000| Untracked 
|  27|0x0000000084300000, 0x0000000084300000, 0x0000000084400000|  0%| F|  |TAMS 0x0000000084300000, 0x0000000084300000| Untracked 
|  28|0x0000000084400000, 0x0000000084400000, 0x0000000084500000|  0%| F|  |TAMS 0x0000000084400000, 0x0000000084400000| Untracked 
|  29|0x0000000084500000, 0x0000000084500000, 0x0000000084600000|  0%| F|  |TAMS 0x0000000084500000, 0x0000000084500000| Untracked 
|  30|0x0000000084600000, 0x0000000084600000, 0x0000000084700000|  0%| F|  |TAMS 0x0000000084600000, 0x0000000084600000| Untracked 
|  31|0x0000000084700000, 0x0000000084700000, 0x0000000084800000|  0%| F|  |TAMS 0x0000000084700000, 0x0000000084700000| Untracked 
|  32|0x0000000084800000, 0x0000000084800000, 0x0000000084900000|  0%| F|  |TAMS 0x0000000084800000, 0x0000000084800000| Untracked 
|  33|0x0000000084900000, 0x0000000084900000, 0x0000000084a00000|  0%| F|  |TAMS 0x0000000084900000, 0x0000000084900000| Untracked 
|  34|0x0000000084a00000, 0x0000000084a00000, 0x0000000084b00000|  0%| F|  |TAMS 0x0000000084a00000, 0x0000000084a00000| Untracked 
|  35|0x0000000084b00000, 0x0000000084b00000, 0x0000000084c00000|  0%| F|  |TAMS 0x0000000084b00000, 0x0000000084b00000| Untracked 
|  36|0x0000000084c00000, 0x0000000084c00000, 0x0000000084d00000|  0%| F|  |TAMS 0x0000000084c00000, 0x0000000084c00000| Untracked 
|  37|0x0000000084d00000, 0x0000000084d00000, 0x0000000084e00000|  0%| F|  |TAMS 0x0000000084d00000, 0x0000000084d00000| Untracked 
|  38|0x0000000084e00000, 0x0000000084e00000, 0x0000000084f00000|  0%| F|  |TAMS 0x0000000084e00000, 0x0000000084e00000| Untracked 
|  39|0x0000000084f00000, 0x0000000084f00000, 0x0000000085000000|  0%| F|  |TAMS 0x0000000084f00000, 0x0000000084f00000| Untracked 
|  40|0x0000000085000000, 0x0000000085000000, 0x0000000085100000|  0%| F|  |TAMS 0x0000000085000000, 0x0000000085000000| Untracked 
|  41|0x0000000085100000, 0x0000000085100000, 0x0000000085200000|  0%| F|  |TAMS 0x0000000085100000, 0x0000000085100000| Untracked 
|  42|0x0000000085200000, 0x0000000085200000, 0x0000000085300000|  0%| F|  |TAMS 0x0000000085200000, 0x0000000085200000| Untracked 
|  43|0x0000000085300000, 0x0000000085300000, 0x0000000085400000|  0%| F|  |TAMS 0x0000000085300000, 0x0000000085300000| Untracked 
|  44|0x0000000085400000, 0x0000000085400000, 0x0000000085500000|  0%| F|  |TAMS 0x0000000085400000, 0x0000000085400000| Untracked 
|  45|0x0000000085500000, 0x0000000085500000, 0x0000000085600000|  0%| F|  |TAMS 0x0000000085500000, 0x0000000085500000| Untracked 
|  46|0x0000000085600000, 0x0000000085600000, 0x0000000085700000|  0%| F|  |TAMS 0x0000000085600000, 0x0000000085600000| Untracked 
|  47|0x0000000085700000, 0x0000000085700000, 0x0000000085800000|  0%| F|  |TAMS 0x0000000085700000, 0x0000000085700000| Untracked 
|  48|0x0000000085800000, 0x0000000085800000, 0x0000000085900000|  0%| F|  |TAMS 0x0000000085800000, 0x0000000085800000| Untracked 
|  49|0x0000000085900000, 0x0000000085900000, 0x0000000085a00000|  0%| F|  |TAMS 0x0000000085900000, 0x0000000085900000| Untracked 
|  50|0x0000000085a00000, 0x0000000085a00000, 0x0000000085b00000|  0%| F|  |TAMS 0x0000000085a00000, 0x0000000085a00000| Untracked 
|  51|0x0000000085b00000, 0x0000000085b00000, 0x0000000085c00000|  0%| F|  |TAMS 0x0000000085b00000, 0x0000000085b00000| Untracked 
|  52|0x0000000085c00000, 0x0000000085c00000, 0x0000000085d00000|  0%| F|  |TAMS 0x0000000085c00000, 0x0000000085c00000| Untracked 
|  53|0x0000000085d00000, 0x0000000085d00000, 0x0000000085e00000|  0%| F|  |TAMS 0x0000000085d00000, 0x0000000085d00000| Untracked 
|  54|0x0000000085e00000, 0x0000000085e00000, 0x0000000085f00000|  0%| F|  |TAMS 0x0000000085e00000, 0x0000000085e00000| Untracked 
|  55|0x0000000085f00000, 0x0000000085f00000, 0x0000000086000000|  0%| F|  |TAMS 0x0000000085f00000, 0x0000000085f00000| Untracked 
|  56|0x0000000086000000, 0x0000000086000000, 0x0000000086100000|  0%| F|  |TAMS 0x0000000086000000, 0x0000000086000000| Untracked 
|  57|0x0000000086100000, 0x0000000086100000, 0x0000000086200000|  0%| F|  |TAMS 0x0000000086100000, 0x0000000086100000| Untracked 
|  58|0x0000000086200000, 0x0000000086200000, 0x0000000086300000|  0%| F|  |TAMS 0x0000000086200000, 0x0000000086200000| Untracked 
|  59|0x0000000086300000, 0x0000000086300000, 0x0000000086400000|  0%| F|  |TAMS 0x0000000086300000, 0x0000000086300000| Untracked 
|  60|0x0000000086400000, 0x0000000086400000, 0x0000000086500000|  0%| F|  |TAMS 0x0000000086400000, 0x0000000086400000| Untracked 
|  61|0x0000000086500000, 0x0000000086500000, 0x0000000086600000|  0%| F|  |TAMS 0x0000000086500000, 0x0000000086500000| Untracked 
|  62|0x0000000086600000, 0x0000000086600000, 0x0000000086700000|  0%| F|  |TAMS 0x0000000086600000, 0x0000000086600000| Untracked 
|  63|0x0000000086700000, 0x0000000086700000, 0x0000000086800000|  0%| F|  |TAMS 0x0000000086700000, 0x0000000086700000| Untracked 
|  64|0x0000000086800000, 0x0000000086800000, 0x0000000086900000|  0%| F|  |TAMS 0x0000000086800000, 0x0000000086800000| Untracked 
|  65|0x0000000086900000, 0x0000000086900000, 0x0000000086a00000|  0%| F|  |TAMS 0x0000000086900000, 0x0000000086900000| Untracked 
|  66|0x0000000086a00000, 0x0000000086a00000, 0x0000000086b00000|  0%| F|  |TAMS 0x0000000086a00000, 0x0000000086a00000| Untracked 
|  67|0x0000000086b00000, 0x0000000086b00000, 0x0000000086c00000|  0%| F|  |TAMS 0x0000000086b00000, 0x0000000086b00000| Untracked 
|  68|0x0000000086c00000, 0x0000000086c00000, 0x0000000086d00000|  0%| F|  |TAMS 0x0000000086c00000, 0x0000000086c00000| Untracked 
|  69|0x0000000086d00000, 0x0000000086d00000, 0x0000000086e00000|  0%| F|  |TAMS 0x0000000086d00000, 0x0000000086d00000| Untracked 
|  70|0x0000000086e00000, 0x0000000086e00000, 0x0000000086f00000|  0%| F|  |TAMS 0x0000000086e00000, 0x0000000086e00000| Untracked 
|  71|0x0000000086f00000, 0x0000000086f00000, 0x0000000087000000|  0%| F|  |TAMS 0x0000000086f00000, 0x0000000086f00000| Untracked 
|  72|0x0000000087000000, 0x0000000087000000, 0x0000000087100000|  0%| F|  |TAMS 0x0000000087000000, 0x0000000087000000| Untracked 
|  73|0x0000000087100000, 0x0000000087100000, 0x0000000087200000|  0%| F|  |TAMS 0x0000000087100000, 0x0000000087100000| Untracked 
|  74|0x0000000087200000, 0x0000000087200000, 0x0000000087300000|  0%| F|  |TAMS 0x0000000087200000, 0x0000000087200000| Untracked 
|  75|0x0000000087300000, 0x0000000087300000, 0x0000000087400000|  0%| F|  |TAMS 0x0000000087300000, 0x0000000087300000| Untracked 
|  76|0x0000000087400000, 0x0000000087400000, 0x0000000087500000|  0%| F|  |TAMS 0x0000000087400000, 0x0000000087400000| Untracked 
|  77|0x0000000087500000, 0x0000000087500000, 0x0000000087600000|  0%| F|  |TAMS 0x0000000087500000, 0x0000000087500000| Untracked 
|  78|0x0000000087600000, 0x0000000087600000, 0x0000000087700000|  0%| F|  |TAMS 0x0000000087600000, 0x0000000087600000| Untracked 
|  79|0x0000000087700000, 0x0000000087700000, 0x0000000087800000|  0%| F|  |TAMS 0x0000000087700000, 0x0000000087700000| Untracked 
|  80|0x0000000087800000, 0x0000000087800000, 0x0000000087900000|  0%| F|  |TAMS 0x0000000087800000, 0x0000000087800000| Untracked 
|  81|0x0000000087900000, 0x0000000087900000, 0x0000000087a00000|  0%| F|  |TAMS 0x0000000087900000, 0x0000000087900000| Untracked 
|  82|0x0000000087a00000, 0x0000000087a00000, 0x0000000087b00000|  0%| F|  |TAMS 0x0000000087a00000, 0x0000000087a00000| Untracked 
|  83|0x0000000087b00000, 0x0000000087b00000, 0x0000000087c00000|  0%| F|  |TAMS 0x0000000087b00000, 0x0000000087b00000| Untracked 
|  84|0x0000000087c00000, 0x0000000087c00000, 0x0000000087d00000|  0%| F|  |TAMS 0x0000000087c00000, 0x0000000087c00000| Untracked 
|  85|0x0000000087d00000, 0x0000000087d00000, 0x0000000087e00000|  0%| F|  |TAMS 0x0000000087d00000, 0x0000000087d00000| Untracked 
|  86|0x0000000087e00000, 0x0000000087e00000, 0x0000000087f00000|  0%| F|  |TAMS 0x0000000087e00000, 0x0000000087e00000| Untracked 
|  87|0x0000000087f00000, 0x0000000087f00000, 0x0000000088000000|  0%| F|  |TAMS 0x0000000087f00000, 0x0000000087f00000| Untracked 
|  88|0x0000000088000000, 0x0000000088000000, 0x0000000088100000|  0%| F|  |TAMS 0x0000000088000000, 0x0000000088000000| Untracked 
|  89|0x0000000088100000, 0x0000000088100000, 0x0000000088200000|  0%| F|  |TAMS 0x0000000088100000, 0x0000000088100000| Untracked 
|  90|0x0000000088200000, 0x0000000088200000, 0x0000000088300000|  0%| F|  |TAMS 0x0000000088200000, 0x0000000088200000| Untracked 
|  91|0x0000000088300000, 0x0000000088300000, 0x0000000088400000|  0%| F|  |TAMS 0x0000000088300000, 0x0000000088300000| Untracked 
|  92|0x0000000088400000, 0x0000000088400000, 0x0000000088500000|  0%| F|  |TAMS 0x0000000088400000, 0x0000000088400000| Untracked 
|  93|0x0000000088500000, 0x0000000088500000, 0x0000000088600000|  0%| F|  |TAMS 0x0000000088500000, 0x0000000088500000| Untracked 
|  94|0x0000000088600000, 0x0000000088600000, 0x0000000088700000|  0%| F|  |TAMS 0x0000000088600000, 0x0000000088600000| Untracked 
|  95|0x0000000088700000, 0x0000000088700000, 0x0000000088800000|  0%| F|  |TAMS 0x0000000088700000, 0x0000000088700000| Untracked 
|  96|0x0000000088800000, 0x0000000088800000, 0x0000000088900000|  0%| F|  |TAMS 0x0000000088800000, 0x0000000088800000| Untracked 
|  97|0x0000000088900000, 0x0000000088900000, 0x0000000088a00000|  0%| F|  |TAMS 0x0000000088900000, 0x0000000088900000| Untracked 
|  98|0x0000000088a00000, 0x0000000088a00000, 0x0000000088b00000|  0%| F|  |TAMS 0x0000000088a00000, 0x0000000088a00000| Untracked 
|  99|0x0000000088b00000, 0x0000000088b00000, 0x0000000088c00000|  0%| F|  |TAMS 0x0000000088b00000, 0x0000000088b00000| Untracked 
| 100|0x0000000088c00000, 0x0000000088c00000, 0x0000000088d00000|  0%| F|  |TAMS 0x0000000088c00000, 0x0000000088c00000| Untracked 
| 101|0x0000000088d00000, 0x0000000088d00000, 0x0000000088e00000|  0%| F|  |TAMS 0x0000000088d00000, 0x0000000088d00000| Untracked 
| 102|0x0000000088e00000, 0x0000000088e00000, 0x0000000088f00000|  0%| F|  |TAMS 0x0000000088e00000, 0x0000000088e00000| Untracked 
| 103|0x0000000088f00000, 0x0000000088f00000, 0x0000000089000000|  0%| F|  |TAMS 0x0000000088f00000, 0x0000000088f00000| Untracked 
| 104|0x0000000089000000, 0x0000000089000000, 0x0000000089100000|  0%| F|  |TAMS 0x0000000089000000, 0x0000000089000000| Untracked 
| 105|0x0000000089100000, 0x0000000089100000, 0x0000000089200000|  0%| F|  |TAMS 0x0000000089100000, 0x0000000089100000| Untracked 
| 106|0x0000000089200000, 0x0000000089200000, 0x0000000089300000|  0%| F|  |TAMS 0x0000000089200000, 0x0000000089200000| Untracked 
| 107|0x0000000089300000, 0x0000000089300000, 0x0000000089400000|  0%| F|  |TAMS 0x0000000089300000, 0x0000000089300000| Untracked 
| 108|0x0000000089400000, 0x0000000089400000, 0x0000000089500000|  0%| F|  |TAMS 0x0000000089400000, 0x0000000089400000| Untracked 
| 109|0x0000000089500000, 0x0000000089500000, 0x0000000089600000|  0%| F|  |TAMS 0x0000000089500000, 0x0000000089500000| Untracked 
| 110|0x0000000089600000, 0x0000000089600000, 0x0000000089700000|  0%| F|  |TAMS 0x0000000089600000, 0x0000000089600000| Untracked 
| 111|0x0000000089700000, 0x0000000089700000, 0x0000000089800000|  0%| F|  |TAMS 0x0000000089700000, 0x0000000089700000| Untracked 
| 112|0x0000000089800000, 0x0000000089800000, 0x0000000089900000|  0%| F|  |TAMS 0x0000000089800000, 0x0000000089800000| Untracked 
| 113|0x0000000089900000, 0x0000000089900000, 0x0000000089a00000|  0%| F|  |TAMS 0x0000000089900000, 0x0000000089900000| Untracked 
| 114|0x0000000089a00000, 0x0000000089a00000, 0x0000000089b00000|  0%| F|  |TAMS 0x0000000089a00000, 0x0000000089a00000| Untracked 
| 115|0x0000000089b00000, 0x0000000089b00000, 0x0000000089c00000|  0%| F|  |TAMS 0x0000000089b00000, 0x0000000089b00000| Untracked 
| 116|0x0000000089c00000, 0x0000000089c00000, 0x0000000089d00000|  0%| F|  |TAMS 0x0000000089c00000, 0x0000000089c00000| Untracked 
| 117|0x0000000089d00000, 0x0000000089d00000, 0x0000000089e00000|  0%| F|  |TAMS 0x0000000089d00000, 0x0000000089d00000| Untracked 
| 118|0x0000000089e00000, 0x0000000089e00000, 0x0000000089f00000|  0%| F|  |TAMS 0x0000000089e00000, 0x0000000089e00000| Untracked 
| 119|0x0000000089f00000, 0x0000000089f00000, 0x000000008a000000|  0%| F|  |TAMS 0x0000000089f00000, 0x0000000089f00000| Untracked 
| 120|0x000000008a000000, 0x000000008a000000, 0x000000008a100000|  0%| F|  |TAMS 0x000000008a000000, 0x000000008a000000| Untracked 
| 121|0x000000008a100000, 0x000000008a176480, 0x000000008a200000| 46%| E|  |TAMS 0x000000008a100000, 0x000000008a100000| Complete 
| 122|0x000000008a200000, 0x000000008a300000, 0x000000008a300000|100%| E|CS|TAMS 0x000000008a200000, 0x000000008a200000| Complete 
| 123|0x000000008a300000, 0x000000008a400000, 0x000000008a400000|100%| E|CS|TAMS 0x000000008a300000, 0x000000008a300000| Complete 
| 124|0x000000008a400000, 0x000000008a500000, 0x000000008a500000|100%| E|CS|TAMS 0x000000008a400000, 0x000000008a400000| Complete 
| 125|0x000000008a500000, 0x000000008a600000, 0x000000008a600000|100%| E|CS|TAMS 0x000000008a500000, 0x000000008a500000| Complete 

Card table byte_map: [0x00000216b3bf0000,0x00000216b3fe0000] _byte_map_base: 0x00000216b37dc000

Marking Bits (Prev, Next): (CMBitMap*) 0x000002169ca42f60, (CMBitMap*) 0x000002169ca42fa0
 Prev Bits: [0x00000216b43d0000, 0x00000216b6330000)
 Next Bits: [0x00000216b6330000, 0x00000216b8290000)

Polling page: 0x000002169a990000

Metaspace:

Usage:
  Non-class:      1.86 MB used.
      Class:    138.48 KB used.
       Both:      2.00 MB used.

Virtual space:
  Non-class space:        8.00 MB reserved,       1.94 MB ( 24%) committed,  1 nodes.
      Class space:        1.00 GB reserved,     256.00 KB ( <1%) committed,  1 nodes.
             Both:        1.01 GB reserved,       2.19 MB ( <1%) committed. 

Chunk freelists:
   Non-Class:  3.08 MB
       Class:  3.67 MB
        Both:  6.75 MB

MaxMetaspaceSize: unlimited
CompressedClassSpaceSize: 1.00 GB
Initial GC threshold: 21.00 MB
Current GC threshold: 21.00 MB
CDS: on
MetaspaceReclaimPolicy: balanced
 - commit_granule_bytes: 65536.
 - commit_granule_words: 8192.
 - virtual_space_node_default_size: 1048576.
 - enlarge_chunks_in_place: 1.
 - new_chunks_are_fully_committed: 0.
 - uncommit_free_chunks: 1.
 - use_allocation_guard: 0.
 - handle_deallocations: 1.


Internal statistics:

num_allocs_failed_limit: 0.
num_arena_births: 60.
num_arena_deaths: 0.
num_vsnodes_births: 2.
num_vsnodes_deaths: 0.
num_space_committed: 35.
num_space_uncommitted: 0.
num_chunks_returned_to_freelist: 0.
num_chunks_taken_from_freelist: 111.
num_chunk_merges: 0.
num_chunk_splits: 73.
num_chunks_enlarged: 50.
num_purges: 0.
num_inconsistent_stats: 0.

CodeHeap 'non-profiled nmethods': size=120000Kb used=111Kb max_used=111Kb free=119888Kb
 bounds [0x00000216abfa0000, 0x00000216ac210000, 0x00000216b34d0000]
CodeHeap 'profiled nmethods': size=120000Kb used=497Kb max_used=497Kb free=119502Kb
 bounds [0x00000216a4a70000, 0x00000216a4ce0000, 0x00000216abfa0000]
CodeHeap 'non-nmethods': size=5760Kb used=1606Kb max_used=1621Kb free=4153Kb
 bounds [0x00000216a44d0000, 0x00000216a4740000, 0x00000216a4a70000]
 total_blobs=1291 nmethods=356 adapters=848
 compilation: enabled
              stopped_count=0, restarted_count=0
 full_count=0

Compilation events (20 events):
Event: 0.804 Thread 0x00000216bac7ba00  347       3       org.lwjgl.system.MemoryUtil::encodeASCIIUnsafe (53 bytes)
Event: 0.805 Thread 0x00000216bac7ba00 nmethod 347 0x00000216a4aea790 code [0x00000216a4aea960, 0x00000216a4aead78]
Event: 0.805 Thread 0x00000216bac7ba00  348       3       sun.misc.Unsafe::getLong (9 bytes)
Event: 0.805 Thread 0x00000216bac7ba00 nmethod 348 0x00000216a4aeaf10 code [0x00000216a4aeb0a0, 0x00000216a4aeb1b8]
Event: 0.805 Thread 0x00000216bac7ba00  349       3       org.lwjgl.system.MemoryUtil::memAddress0 (11 bytes)
Event: 0.805 Thread 0x00000216bac7a7c0  351       4       java.lang.Integer::toUnsignedLong (7 bytes)
Event: 0.805 Thread 0x00000216bac7ba00 nmethod 349 0x00000216a4aeb290 code [0x00000216a4aeb420, 0x00000216a4aeb5d8]
Event: 0.805 Thread 0x00000216bac7ba00  352       3       java.nio.ByteOrder::nativeOrder (4 bytes)
Event: 0.805 Thread 0x00000216bac7a7c0 nmethod 351 0x00000216abfbac90 code [0x00000216abfbae00, 0x00000216abfbae58]
Event: 0.805 Thread 0x00000216bac7ba00 nmethod 352 0x00000216a4aeb690 code [0x00000216a4aeb820, 0x00000216a4aeb918]
Event: 0.805 Thread 0x00000216bac7ba00  350       1       org.lwjgl.system.Pointer$Default::address (5 bytes)
Event: 0.805 Thread 0x00000216bac7ba00 nmethod 350 0x00000216abfbaf90 code [0x00000216abfbb120, 0x00000216abfbb1f8]
Event: 0.805 Thread 0x00000216bac7ba00  353       1       java.util.Collections$EmptySet::contains (2 bytes)
Event: 0.805 Thread 0x00000216bac7ba00 nmethod 353 0x00000216abfbb290 code [0x00000216abfbb420, 0x00000216abfbb4f8]
Event: 10.340 Thread 0x00000216bac7ba00  354       3       java.lang.Integer::stringSize (47 bytes)
Event: 10.340 Thread 0x00000216bac7a7c0  355       4       java.lang.AbstractStringBuilder::ensureCapacityInternal (39 bytes)
Event: 10.341 Thread 0x00000216bac7ba00 nmethod 354 0x00000216a4aeb990 code [0x00000216a4aebb40, 0x00000216a4aebd98]
Event: 10.341 Thread 0x00000216bac7ba00  356       3       java.lang.Integer::getChars (131 bytes)
Event: 10.341 Thread 0x00000216bac7ba00 nmethod 356 0x00000216a4aebe90 code [0x00000216a4aec060, 0x00000216a4aec498]
Event: 10.346 Thread 0x00000216bac7a7c0 nmethod 355 0x00000216abfbb590 code [0x00000216abfbb720, 0x00000216abfbbb68]

GC Heap History (0 events):
No events

Deoptimization events (0 events):
No events

Classes unloaded (0 events):
No events

Classes redefined (0 events):
No events

Internal exceptions (17 events):
Event: 0.299 Thread 0x000002169ca01d40 Exception <a 'java/lang/NoSuchMethodError'{0x000000008a342b30}: 'java.lang.Object java.lang.invoke.DirectMethodHandle$Holder.invokeStaticInit(java.lang.Object)'> (0x000000008a342b30) 
thrown [e:\jenkins\tmp\workspace\build\src\src\hotspot\share\interpreter\linkResolver.cpp, line 766]
Event: 0.323 Thread 0x000002169ca01d40 Exception <a 'java/lang/NoSuchMethodError'{0x000000008a38d8f8}: 'void java.lang.invoke.DirectMethodHandle$Holder.invokeStatic(java.lang.Object, java.lang.Object)'> (0x000000008a38d8f8) 
thrown [e:\jenkins\tmp\workspace\build\src\src\hotspot\share\interpreter\linkResolver.cpp, line 766]
Event: 0.328 Thread 0x000002169ca01d40 Exception <a 'java/lang/NoSuchMethodError'{0x000000008a393140}: 'void java.lang.invoke.DirectMethodHandle$Holder.invokeSpecial(java.lang.Object, java.lang.Object, java.lang.Object)'> (0x000000008a393140) 
thrown [e:\jenkins\tmp\workspace\build\src\src\hotspot\share\interpreter\linkResolver.cpp, line 766]
Event: 0.332 Thread 0x000002169ca01d40 Exception <a 'java/lang/NoSuchMethodError'{0x000000008a3a64c8}: 'java.lang.Object java.lang.invoke.DirectMethodHandle$Holder.invokeStatic(java.lang.Object, java.lang.Object, int)'> (0x000000008a3a64c8) 
thrown [e:\jenkins\tmp\workspace\build\src\src\hotspot\share\interpreter\linkResolver.cpp, line 766]
Event: 0.334 Thread 0x000002169ca01d40 Exception <a 'java/lang/NoSuchMethodError'{0x000000008a3b2238}: 'void java.lang.invoke.DelegatingMethodHandle$Holder.delegate(java.lang.Object, java.lang.Object, int, java.lang.Object)'> (0x000000008a3b2238) 
thrown [e:\jenkins\tmp\workspace\build\src\src\hotspot\share\interpreter\linkResolver.cpp, line 766]
Event: 0.335 Thread 0x000002169ca01d40 Exception <a 'java/lang/NoSuchMethodError'{0x000000008a3b6478}: 'int java.lang.invoke.DirectMethodHandle$Holder.invokeSpecial(java.lang.Object, java.lang.Object, java.lang.Object)'> (0x000000008a3b6478) 
thrown [e:\jenkins\tmp\workspace\build\src\src\hotspot\share\interpreter\linkResolver.cpp, line 766]
Event: 0.413 Thread 0x000002169ca01d40 Exception <a 'sun/nio/fs/WindowsException'{0x000000008a22aeb8}> (0x000000008a22aeb8) 
thrown [e:\jenkins\tmp\workspace\build\src\src\hotspot\share\prims\jni.cpp, line 516]
Event: 0.414 Thread 0x000002169ca01d40 Exception <a 'sun/nio/fs/WindowsException'{0x000000008a22b3f8}> (0x000000008a22b3f8) 
thrown [e:\jenkins\tmp\workspace\build\src\src\hotspot\share\prims\jni.cpp, line 516]
Event: 0.442 Thread 0x000002169ca01d40 Exception <a 'java/lang/NoSuchMethodError'{0x000000008a259b50}: 'int java.lang.invoke.DirectMethodHandle$Holder.invokeStaticInit(java.lang.Object, java.lang.Object, int, long)'> (0x000000008a259b50) 
thrown [e:\jenkins\tmp\workspace\build\src\src\hotspot\share\interpreter\linkResolver.cpp, line 766]
Event: 0.447 Thread 0x000002169ca01d40 Exception <a 'java/lang/NoSuchMethodError'{0x000000008a25f418}: 'java.lang.Object java.lang.invoke.DirectMethodHandle$Holder.newInvokeSpecial(java.lang.Object, java.lang.Object, int)'> (0x000000008a25f418) 
thrown [e:\jenkins\tmp\workspace\build\src\src\hotspot\share\interpreter\linkResolver.cpp, line 766]
Event: 0.458 Thread 0x000002169ca01d40 Exception <a 'java/lang/NoSuchMethodError'{0x000000008a26e428}: 'int java.lang.invoke.DirectMethodHandle$Holder.invokeStaticInit(java.lang.Object, java.lang.Object, long, long)'> (0x000000008a26e428) 
thrown [e:\jenkins\tmp\workspace\build\src\src\hotspot\share\interpreter\linkResolver.cpp, line 766]
Event: 0.460 Thread 0x000002169ca01d40 Exception <a 'java/lang/NoSuchMethodError'{0x000000008a274538}: 'java.lang.Object java.lang.invoke.DirectMethodHandle$Holder.newInvokeSpecial(java.lang.Object, java.lang.Object, long)'> (0x000000008a274538) 
thrown [e:\jenkins\tmp\workspace\build\src\src\hotspot\share\interpreter\linkResolver.cpp, line 766]
Event: 0.461 Thread 0x000002169ca01d40 Exception <a 'java/lang/NoSuchMethodError'{0x000000008a278580}: 'java.lang.Object java.lang.invoke.Invokers$Holder.linkToTargetMethod(java.lang.Object, long, java.lang.Object)'> (0x000000008a278580) 
thrown [e:\jenkins\tmp\workspace\build\src\src\hotspot\share\interpreter\linkResolver.cpp, line 766]
Event: 0.462 Thread 0x000002169ca01d40 Exception <a 'java/lang/NoSuchMethodError'{0x000000008a27fee8}: 'int java.lang.invoke.DirectMethodHandle$Holder.invokeStaticInit(java.lang.Object, java.lang.Object, java.lang.Object, long)'> (0x000000008a27fee8) 
thrown [e:\jenkins\tmp\workspace\build\src\src\hotspot\share\interpreter\linkResolver.cpp, line 766]
Event: 0.480 Thread 0x000002169ca01d40 Exception <a 'sun/nio/fs/WindowsException'{0x000000008a2e5db0}> (0x000000008a2e5db0) 
thrown [e:\jenkins\tmp\workspace\build\src\src\hotspot\share\prims\jni.cpp, line 516]
Event: 0.480 Thread 0x000002169ca01d40 Exception <a 'sun/nio/fs/WindowsException'{0x000000008a2e6070}> (0x000000008a2e6070) 
thrown [e:\jenkins\tmp\workspace\build\src\src\hotspot\share\prims\jni.cpp, line 516]
Event: 13.634 Thread 0x000002169ca01d40 Implicit null exception at 0x00000216a4adfbae to 0x0000000000000000

VM Operations (20 events):
Event: 0.218 Executing VM operation: HandshakeAllThreads
Event: 0.218 Executing VM operation: HandshakeAllThreads done
Event: 1.231 Executing VM operation: Cleanup
Event: 1.231 Executing VM operation: Cleanup done
Event: 1.643 Executing VM operation: get/set locals
Event: 1.643 Executing VM operation: get/set locals done
Event: 1.643 Executing VM operation: get/set locals
Event: 1.643 Executing VM operation: get/set locals done
Event: 1.643 Executing VM operation: get/set locals
Event: 1.644 Executing VM operation: get/set locals done
Event: 1.644 Executing VM operation: get/set locals
Event: 1.644 Executing VM operation: get/set locals done
Event: 10.218 Executing VM operation: get/set locals
Event: 10.218 Executing VM operation: get/set locals done
Event: 10.218 Executing VM operation: get/set locals
Event: 10.218 Executing VM operation: get/set locals done
Event: 10.218 Executing VM operation: get/set locals
Event: 10.218 Executing VM operation: get/set locals done
Event: 10.218 Executing VM operation: get/set locals
Event: 10.218 Executing VM operation: get/set locals done

Events (20 events):
Event: 0.432 loading class java/nio/DirectDoubleBufferU
Event: 0.433 loading class java/nio/DirectDoubleBufferU done
Event: 0.434 loading class sun/misc/Unsafe
Event: 0.434 loading class sun/misc/Unsafe done
Event: 0.435 loading class jdk/internal/reflect/UnsafeFieldAccessorFactory
Event: 0.435 loading class jdk/internal/reflect/UnsafeFieldAccessorFactory done
Event: 0.436 loading class jdk/internal/reflect/UnsafeQualifiedStaticObjectFieldAccessorImpl
Event: 0.436 loading class jdk/internal/reflect/UnsafeQualifiedStaticFieldAccessorImpl
Event: 0.436 loading class jdk/internal/reflect/UnsafeQualifiedStaticFieldAccessorImpl done
Event: 0.436 loading class jdk/internal/reflect/UnsafeQualifiedStaticObjectFieldAccessorImpl done
Event: 0.440 loading class java/util/function/LongPredicate
Event: 0.440 loading class java/util/function/LongPredicate done
Event: 0.448 loading class jdk/internal/access/foreign/MemorySegmentProxy
Event: 0.451 loading class jdk/internal/access/foreign/MemorySegmentProxy done
Event: 0.465 loading class java/nio/InvalidMarkException
Event: 0.465 loading class java/nio/InvalidMarkException done
Event: 0.465 loading class java/nio/BufferUnderflowException
Event: 0.466 loading class java/nio/BufferUnderflowException done
Event: 0.479 loading class java/lang/NoSuchFieldError
Event: 0.479 loading class java/lang/NoSuchFieldError done


Dynamic libraries:
0x00007ff6a2c40000 - 0x00007ff6a2c4e000 	C:\Program Files\Eclipse Adoptium\jdk-17.0.1.12-hotspot\bin\java.exe
0x00007ff883220000 - 0x00007ff883429000 	C:\windows\SYSTEM32\ntdll.dll
0x00007ff8813e0000 - 0x00007ff88149d000 	C:\windows\System32\KERNEL32.DLL
0x00007ff880aa0000 - 0x00007ff880e1c000 	C:\windows\System32\KERNELBASE.dll
0x00007ff880f90000 - 0x00007ff8810a1000 	C:\windows\System32\ucrtbase.dll
0x00007ff875240000 - 0x00007ff875258000 	C:\Program Files\Eclipse Adoptium\jdk-17.0.1.12-hotspot\bin\jli.dll
0x00007ff874f20000 - 0x00007ff874f39000 	C:\Program Files\Eclipse Adoptium\jdk-17.0.1.12-hotspot\bin\VCRUNTIME140.dll
0x00007ff8822a0000 - 0x00007ff88244d000 	C:\windows\System32\USER32.dll
0x00007ff880e20000 - 0x00007ff880e46000 	C:\windows\System32\win32u.dll
0x00007ff86e6e0000 - 0x00007ff86e985000 	C:\windows\WinSxS\amd64_microsoft.windows.common-controls_6595b64144ccf1df_6.0.22000.120_none_9d947278b86cc467\COMCTL32.dll
0x00007ff882140000 - 0x00007ff882169000 	C:\windows\System32\GDI32.dll
0x00007ff881e60000 - 0x00007ff881f03000 	C:\windows\System32\msvcrt.dll
0x00007ff880810000 - 0x00007ff880929000 	C:\windows\System32\gdi32full.dll
0x00007ff880700000 - 0x00007ff88079d000 	C:\windows\System32\msvcp_win.dll
0x00007ff881130000 - 0x00007ff881161000 	C:\windows\System32\IMM32.DLL
0x00007ff875460000 - 0x00007ff87546c000 	C:\Program Files\Eclipse Adoptium\jdk-17.0.1.12-hotspot\bin\vcruntime140_1.dll
0x00007ff86ae00000 - 0x00007ff86ae91000 	C:\Program Files\Eclipse Adoptium\jdk-17.0.1.12-hotspot\bin\msvcp140.dll
0x00007fffe9fc0000 - 0x00007fffeac06000 	C:\Program Files\Eclipse Adoptium\jdk-17.0.1.12-hotspot\bin\server\jvm.dll
0x00007ff8821e0000 - 0x00007ff88228e000 	C:\windows\System32\ADVAPI32.dll
0x00007ff881830000 - 0x00007ff8818ce000 	C:\windows\System32\sechost.dll
0x00007ff881710000 - 0x00007ff881830000 	C:\windows\System32\RPCRT4.dll
0x00007ff8825a0000 - 0x00007ff8825a8000 	C:\windows\System32\PSAPI.DLL
0x00007ff8778e0000 - 0x00007ff877913000 	C:\windows\SYSTEM32\WINMM.dll
0x00007ff87b950000 - 0x00007ff87b95a000 	C:\windows\SYSTEM32\VERSION.dll
0x00007ff878010000 - 0x00007ff878019000 	C:\windows\SYSTEM32\WSOCK32.dll
0x00007ff882170000 - 0x00007ff8821df000 	C:\windows\System32\WS2_32.dll
0x00007ff87f8b0000 - 0x00007ff87f8c8000 	C:\windows\SYSTEM32\kernel.appcore.dll
0x00007ff8752f0000 - 0x00007ff8752fa000 	C:\Program Files\Eclipse Adoptium\jdk-17.0.1.12-hotspot\bin\jimage.dll
0x00007ff87a9f0000 - 0x00007ff87ac11000 	C:\windows\SYSTEM32\DBGHELP.DLL
0x00007ff87a900000 - 0x00007ff87a931000 	C:\windows\SYSTEM32\dbgcore.DLL
0x00007ff880e50000 - 0x00007ff880ecf000 	C:\windows\System32\bcryptPrimitives.dll
0x00007ff875350000 - 0x00007ff87538b000 	C:\Program Files\Eclipse Adoptium\jdk-17.0.1.12-hotspot\bin\jdwp.dll
0x00007ff874ce0000 - 0x00007ff874d05000 	C:\Program Files\Eclipse Adoptium\jdk-17.0.1.12-hotspot\bin\java.dll
0x00007ff8686c0000 - 0x00007ff868796000 	C:\Program Files\Eclipse Adoptium\jdk-17.0.1.12-hotspot\bin\svml.dll
0x00007ff8825b0000 - 0x00007ff882d68000 	C:\windows\System32\SHELL32.dll
0x00007ff87e830000 - 0x00007ff87f098000 	C:\windows\SYSTEM32\windows.storage.dll
0x00007ff881ae0000 - 0x00007ff881e59000 	C:\windows\System32\combase.dll
0x00007ff87e6c0000 - 0x00007ff87e826000 	C:\windows\SYSTEM32\wintypes.dll
0x00007ff882450000 - 0x00007ff88253a000 	C:\windows\System32\SHCORE.dll
0x00007ff882540000 - 0x00007ff88259d000 	C:\windows\System32\shlwapi.dll
0x00007ff880630000 - 0x00007ff880651000 	C:\windows\SYSTEM32\profapi.dll
0x00007ff8753b0000 - 0x00007ff8753bc000 	C:\Program Files\Eclipse Adoptium\jdk-17.0.1.12-hotspot\bin\dt_socket.dll
0x00007ff87f350000 - 0x00007ff87f37d000 	C:\windows\SYSTEM32\IPHLPAPI.DLL
0x00007ff87fcf0000 - 0x00007ff87fd57000 	C:\windows\system32\mswsock.dll
0x00007ff874740000 - 0x00007ff874759000 	C:\Program Files\Eclipse Adoptium\jdk-17.0.1.12-hotspot\bin\net.dll
0x00007ff87c8d0000 - 0x00007ff87c9dc000 	C:\windows\SYSTEM32\WINHTTP.dll
0x00007ff872b40000 - 0x00007ff872b55000 	C:\Program Files\Eclipse Adoptium\jdk-17.0.1.12-hotspot\bin\nio.dll
0x00007ff870b00000 - 0x00007ff870b18000 	C:\Program Files\Eclipse Adoptium\jdk-17.0.1.12-hotspot\bin\zip.dll
0x00007ff853fc0000 - 0x00007ff854035000 	C:\Users\gwch3\AppData\Local\Temp\lwjglhi\3.3.1-build-7\lwjgl.dll
0x00007ff875270000 - 0x00007ff87528c000 	C:\windows\SYSTEM32\OpenCL.dll
0x00007ff880400000 - 0x00007ff88044c000 	C:\windows\SYSTEM32\cfgmgr32.dll
0x00007ff87dfd0000 - 0x00007ff87e008000 	C:\windows\SYSTEM32\dxcore.dll
0x00007ff881310000 - 0x00007ff8813bf000 	C:\windows\System32\clbcatq.dll
0x00007ff87de90000 - 0x00007ff87df83000 	C:\windows\SYSTEM32\dxgi.dll
0x00007ff878ca0000 - 0x00007ff878ce4000 	C:\windows\SYSTEM32\directxdatabasehelper.dll
0x00007ff87e040000 - 0x00007ff87e074000 	C:\windows\SYSTEM32\ntmarta.dll
0x00007fffe8720000 - 0x00007fffe8c3b000 	C:\windows\System32\DriverStore\FileRepository\iigd_dch.inf_amd64_b33c1fe20b4e97b0\igdrcl64.dll
0x00007ff85b480000 - 0x00007ff85b7b1000 	C:\windows\System32\DriverStore\FileRepository\iigd_dch.inf_amd64_b33c1fe20b4e97b0\igdgmm64.dll

dbghelp: loaded successfully - version: 4.0.5 - missing functions: none
symbol engine: initialized successfully - sym options: 0x614 - pdb path: .;C:\Program Files\Eclipse Adoptium\jdk-17.0.1.12-hotspot\bin;C:\windows\SYSTEM32;C:\windows\WinSxS\amd64_microsoft.windows.common-controls_6595b64144ccf1df_6.0.22000.120_none_9d947278b86cc467;C:\Program Files\Eclipse Adoptium\jdk-17.0.1.12-hotspot\bin\server;C:\Users\gwch3\AppData\Local\Temp\lwjglhi\3.3.1-build-7;C:\windows\System32\DriverStore\FileRepository\iigd_dch.inf_amd64_b33c1fe20b4e97b0

VM Arguments:
jvm_args: -agentlib:jdwp=transport=dt_socket,server=n,suspend=y,address=127.0.0.1:11842 -Dfile.encoding=windows-1252 -Duser.country=US -Duser.language=en -Duser.variant 
java_command: FastPrime.Main
java_class_path (initial): C:\Users\gwch3\IdeaProjects\FastPrime\app\build\classes\java\main;C:\Users\gwch3\IdeaProjects\FastPrime\app\build\resources\main;C:\Users\gwch3\.gradle\caches\modules-2\files-2.1\org.lwjgl\lwjgl-opencl\3.3.1\8e9b00d310ef80ec4343ed709efb2ae77386014d\lwjgl-opencl-3.3.1.jar;C:\Users\gwch3\.gradle\caches\modules-2\files-2.1\org.lwjgl\lwjgl\3.3.1\ae58664f88e18a9bb2c77b063833ca7aaec484cb\lwjgl-3.3.1.jar;C:\Users\gwch3\.gradle\caches\modules-2\files-2.1\org.lwjgl\lwjgl\3.3.1\36c37f16ab611b3aa11f3bcf80b1d509b4ce6b\lwjgl-3.3.1-natives-windows.jar;C:\Users\gwch3\.gradle\caches\modules-2\files-2.1\org.joml\joml\1.10.5\22566d58af70ad3d72308bab63b8339906deb649\joml-1.10.5.jar
Launcher Type: SUN_STANDARD

[Global flags]
     intx CICompilerCount                          = 4                                         {product} {ergonomic}
     uint ConcGCThreads                            = 2                                         {product} {ergonomic}
     uint G1ConcRefinementThreads                  = 8                                         {product} {ergonomic}
   size_t G1HeapRegionSize                         = 1048576                                   {product} {ergonomic}
    uintx GCDrainStackTargetSize                   = 64                                        {product} {ergonomic}
   size_t InitialHeapSize                          = 132120576                                 {product} {ergonomic}
   size_t MarkStackSize                            = 4194304                                   {product} {ergonomic}
   size_t MaxHeapSize                              = 2105540608                                {product} {ergonomic}
   size_t MaxNewSize                               = 1262485504                                {product} {ergonomic}
   size_t MinHeapDeltaBytes                        = 1048576                                   {product} {ergonomic}
   size_t MinHeapSize                              = 8388608                                   {product} {ergonomic}
    uintx NonNMethodCodeHeapSize                   = 5839372                                {pd product} {ergonomic}
    uintx NonProfiledCodeHeapSize                  = 122909434                              {pd product} {ergonomic}
    uintx ProfiledCodeHeapSize                     = 122909434                              {pd product} {ergonomic}
    uintx ReservedCodeCacheSize                    = 251658240                              {pd product} {ergonomic}
     bool SegmentedCodeCache                       = true                                      {product} {ergonomic}
   size_t SoftMaxHeapSize                          = 2105540608                             {manageable} {ergonomic}
     bool UseCompressedClassPointers               = true                           {product lp64_product} {ergonomic}
     bool UseCompressedOops                        = true                           {product lp64_product} {ergonomic}
     bool UseG1GC                                  = true                                      {product} {ergonomic}
     bool UseLargePagesIndividualAllocation        = false                                  {pd product} {ergonomic}

Logging:
Log output configuration:
 #0: stdout all=warning uptime,level,tags
 #1: stderr all=off uptime,level,tags

Environment Variables:
JAVA_HOME=C:\Program Files\Eclipse Adoptium\jdk-17.0.1.12-hotspot\
PATH=C:\VulkanSDK\1.3.216.0\Bin;C:\Program Files\Eclipse Adoptium\jdk-17.0.1.12-hotspot\bin;C:\windows\system32;C:\windows;C:\windows\System32\Wbem;C:\windows\System32\WindowsPowerShell\v1.0\;C:\windows\System32\OpenSSH\;C:\Program Files\MongoDB\Server\5.0\bin;C:\Gradle\gradle-7.4.2\bin;C:\Program Files\Git\cmd;C:\Program Files\dotnet\;C:\QuickCMD;C:\Users\gwch3\AppData\Local\Programs\Python\Python310;C:\Users\gwch3\AppData\Local\Microsoft\WindowsApps;;C:\Program Files\JetBrains\IntelliJ IDEA Community Edition 2021.3\bin;;C:\Users\gwch3\AppData\Local\Programs\Microsoft VS Code\bin;C:\Users\gwch3\.dotnet\tools;C:\Program Files\JetBrains\CLion 2021.3.2\bin;;C:\Users\gwch3\AppData\Local\JetBrains\Toolbox\scripts
USERNAME=hi
OS=Windows_NT
PROCESSOR_IDENTIFIER=Intel64 Family 6 Model 140 Stepping 1, GenuineIntel



---------------  S Y S T E M  ---------------

OS:
 Windows 10 , 64 bit Build 22000 (10.0.22000.708)
OS uptime: 1 days 13:19 hours
Hyper-V role detected

CPU: total 8 (initial active 8) (4 cores per cpu, 2 threads per core) family 6 model 140 stepping 1 microcode 0x9a, cx8, cmov, fxsr, ht, mmx, 3dnowpref, sse, sse2, sse3, ssse3, sse4.1, sse4.2, popcnt, lzcnt, tsc, tscinvbit, avx, avx2, aes, erms, clmul, bmi1, bmi2, adx, avx512f, avx512dq, avx512cd, avx512bw, avx512vl, sha, fma, vzeroupper, avx512_vpopcntdq, avx512_vpclmulqdq, avx512_vaes, avx512_vnni, clflush, clflushopt, clwb, avx512_vbmi2, avx512_vbmi, hv

Memory: 4k page, system-wide physical 8026M (242M free)
TotalPageFile size 22390M (AvailPageFile size 3100M)
current process WorkingSet (physical memory assigned to process): 46M, peak: 47M
current process commit charge ("private bytes"): 215M, peak: 216M

vm_info: OpenJDK 64-Bit Server VM (17.0.1+12) for windows-amd64 JRE (17.0.1+12), built on Oct 20 2021 07:42:55 by "" with MS VC++ 16.7 (VS2019)

END.
