#
# A fatal error has been detected by the Java Runtime Environment:
#
#  EXCEPTION_ACCESS_VIOLATION (0xc0000005) at pc=0x0000022d474ea6ae, pid=10776, tid=15244
#
# JRE version: OpenJDK Runtime Environment Temurin-17.0.1+12 (17.0.1+12) (build 17.0.1+12)
# Java VM: OpenJDK 64-Bit Server VM Temurin-17.0.1+12 (17.0.1+12, mixed mode, sharing, tiered, compressed oops, compressed class ptrs, g1 gc, windows-amd64)
# Problematic frame:
# J 305 c1 java.nio.DirectIntBufferU.get(I)I java.base@17.0.1 (34 bytes) @ 0x0000022d474ea6ae [0x0000022d474ea1e0+0x00000000000004ce]
#
# No core dump will be written. Minidumps are not enabled by default on client versions of Windows
#
# If you would like to submit a bug report, please visit:
#   https://github.com/adoptium/adoptium-support/issues
#

---------------  S U M M A R Y ------------

Command Line: -agentlib:jdwp=transport=dt_socket,server=n,suspend=y,address=127.0.0.1:11874 -Dfile.encoding=windows-1252 -Duser.country=US -Duser.language=en -Duser.variant FastPrime.Main

Host: 11th Gen Intel(R) Core(TM) i5-1135G7 @ 2.40GHz, 8 cores, 7G,  Windows 10 , 64 bit Build 22000 (10.0.22000.708)
Time: Sun Oct  2 02:08:19 2022 Korea Standard Time elapsed time: 6.149675 seconds (0d 0h 0m 6s)

---------------  T H R E A D  ---------------

Current thread (0x0000022d3f4116c0):  JavaThread "main" [_thread_in_Java, id=15244, stack(0x000000e2b9b00000,0x000000e2b9c00000)]

Stack: [0x000000e2b9b00000,0x000000e2b9c00000],  sp=0x000000e2b9bff350,  free space=1020k
Native frames: (J=compiled Java code, j=interpreted, Vv=VM code, C=native code)
C  0x0000022d474ea6ae


siginfo: EXCEPTION_ACCESS_VIOLATION (0xc0000005), reading address 0x000000000000001c


Register to memory mapping:

RIP=0x0000022d474ea6ae is at entry_point+1230 in (nmethod*)0x0000022d474e9f90
RAX=0x000000000000001c is an unknown value
RBX=0x0000000000000020 is an unknown value
RCX=0x0000000000000002 is an unknown value
RDX=0x0 is NULL
RSP=0x000000e2b9bff350 is pointing into the stack for thread: 0x0000022d3f4116c0
RBP=0x000000e2b9bff498 is pointing into the stack for thread: 0x0000022d3f4116c0
RSI=0x0 is NULL
RDI=0x0000000000000110 is an unknown value
R8 =0x0 is NULL
R9 =0x0000000000000020 is an unknown value
R10=0x00000008000a4f40 is a pointer to class: 
jdk.internal.misc.ScopedMemoryAccess {0x00000008000a4f48}
 - instance size:     2
 - klass size:        252
 - access:            public synchronized 
 - state:             fully_initialized
 - name:              'jdk/internal/misc/ScopedMemoryAccess'
 - super:             'java/lang/Object'
 - sub:               
 - arrays:            NULL
 - methods:           Array<T>(0x000000080066b7b8)
 - method ordering:   Array<T>(0x0000000800676b60)
 - default_methods:   Array<T>(0x0000000000000000)
 - local interfaces:  Array<T>(0x00000008005aed70)
 - trans. interfaces: Array<T>(0x00000008005aed70)
 - constants:         constant pool [1384] {0x000000080065f440} for 'jdk/internal/misc/ScopedMemoryAccess' cache=0x00000008000a6000
 - class loader data:  loader data: 0x0000022d5d533140 of 'bootstrap'
 - source file:       'ScopedMemoryAccess.java'
 - class annotations:       Array<T>(0x0000000000000000)
 - class type annotations:  Array<T>(0x0000000000000000)
 - field annotations:       Array<T>(0x0000000000000000)
 - field type annotations:  Array<T>(0x0000000000000000)
 - inner classes:     Array<T>(0x000000080066b760)
 - nest members:     Array<T>(0x0000000800677160)
 - permitted subclasses:     Array<T>(0x00000008005aed00)
 - java mirror:       a 'java/lang/Class'{0x000000008a522670} = 'jdk/internal/misc/ScopedMemoryAccess'
 - vtable length      193  (start addr: 0x00000008000a5108)
 - itable length      2 (start addr: 0x00000008000a5710)
 - ---- static fields (1 words):
 - private static final 'UNSAFE' 'Ljdk/internal/misc/Unsafe;' @112 
 - private static final 'theScopedMemoryAccess' 'Ljdk/internal/misc/ScopedMemoryAccess;' @116 
 - ---- non-static fields (0 words):
 - non-static oop maps: 
R11=0x0000022d474ea200 is at entry_point+32 in (nmethod*)0x0000022d474e9f90
R12=0x0 is NULL
R13=0x000000e2b9bff440 is pointing into the stack for thread: 0x0000022d3f4116c0
R14=0x0 is NULL
R15=0x0000022d3f4116c0 is a thread


Registers:
RAX=0x000000000000001c, RBX=0x0000000000000020, RCX=0x0000000000000002, RDX=0x0000000000000000
RSP=0x000000e2b9bff350, RBP=0x000000e2b9bff498, RSI=0x0000000000000000, RDI=0x0000000000000110
R8 =0x0000000000000000, R9 =0x0000000000000020, R10=0x00000008000a4f40, R11=0x0000022d474ea200
R12=0x0000000000000000, R13=0x000000e2b9bff440, R14=0x0000000000000000, R15=0x0000022d3f4116c0
RIP=0x0000022d474ea6ae, EFLAGS=0x0000000000010246

Top of Stack: (sp=0x000000e2b9bff350)
0x000000e2b9bff350:   0000000000000001 000000000000001c
0x000000e2b9bff360:   0000000000000000 000000008a16c540
0x000000e2b9bff370:   000000e2b9bff370 0000022d5dc18c90
0x000000e2b9bff380:   000000e2b9bff3d8 0000022d5dc226e0
0x000000e2b9bff390:   0000000000000000 000000008a4fe0f8
0x000000e2b9bff3a0:   0000022d5dc18cb8 0000000000000000
0x000000e2b9bff3b0:   000000e2b9bff3c8 000000e2b9bff428
0x000000e2b9bff3c0:   0000022d46eea42c 0000000000000001
0x000000e2b9bff3d0:   000000000000001c 000000008a16c540
0x000000e2b9bff3e0:   000000e2b9bff3e0 000000008a16c540
0x000000e2b9bff3f0:   000000e200000000 0000000000000000
0x000000e2b9bff400:   000000000000001c 000000008a255650
0x000000e2b9bff410:   0000022d5dc59020 0000000000000000
0x000000e2b9bff420:   000000e2b9bff498 0000022d46eea322
0x000000e2b9bff430:   0000022d46eea42c 0000022d46eea322
0x000000e2b9bff440:   0000000000000000 000000008a16c540 

Instructions: (pc=0x0000022d474ea6ae)
0x0000022d474ea5ae:   8b 5b 08 49 ba 00 00 00 00 08 00 00 00 49 03 da
0x0000022d474ea5be:   48 33 5f 18 48 f7 c3 fc ff ff ff 74 35 48 f7 c3
0x0000022d474ea5ce:   02 00 00 00 75 2c 48 81 7f 18 00 00 00 00 74 1e
0x0000022d474ea5de:   48 81 7f 18 01 00 00 00 74 14 48 33 5f 18 48 f7
0x0000022d474ea5ee:   c3 fc ff ff ff 74 0b 48 83 4f 18 02 eb 04 48 89
0x0000022d474ea5fe:   5f 18 48 bf 90 fd 8e 5d 2d 02 00 00 48 83 87 10
0x0000022d474ea60e:   01 00 00 01 48 ba 70 ff 8e 5d 2d 02 00 00 8b ba
0x0000022d474ea61e:   cc 00 00 00 83 c7 02 89 ba cc 00 00 00 81 e7 fe
0x0000022d474ea62e:   ff 1f 00 83 ff 00 0f 84 38 03 00 00 48 83 fe 00
0x0000022d474ea63e:   48 ba 70 ff 8e 5d 2d 02 00 00 48 bf 20 01 00 00
0x0000022d474ea64e:   00 00 00 00 0f 85 0a 00 00 00 48 bf 10 01 00 00
0x0000022d474ea65e:   00 00 00 00 48 8b 1c 3a 48 8d 5b 01 48 89 1c 3a
0x0000022d474ea66e:   0f 85 0d 00 00 00 48 89 b4 24 a8 00 00 00 e9 23
0x0000022d474ea67e:   00 00 00 48 8b d6 48 89 b4 24 a8 00 00 00 90 48
0x0000022d474ea68e:   b8 ff ff ff ff ff ff ff ff e8 e4 33 a4 ff 48 8b
0x0000022d474ea69e:   84 24 b0 00 00 00 48 ba 00 00 00 00 00 00 00 00
0x0000022d474ea6ae:   8b 14 02 48 be 70 ff 8e 5d 2d 02 00 00 48 83 86
0x0000022d474ea6be:   b8 01 00 00 01 48 be 70 76 87 5d 2d 02 00 00 8b
0x0000022d474ea6ce:   be cc 00 00 00 83 c7 02 89 be cc 00 00 00 81 e7
0x0000022d474ea6de:   fe ff 1f 00 83 ff 00 0f 84 a8 02 00 00 48 b8 d0
0x0000022d474ea6ee:   f9 8e 5d 2d 02 00 00 48 83 80 18 02 00 00 01 48
0x0000022d474ea6fe:   b8 70 76 87 5d 2d 02 00 00 8b b0 cc 00 00 00 83
0x0000022d474ea70e:   c6 02 89 b0 cc 00 00 00 81 e6 fe ff 1f 00 83 fe
0x0000022d474ea71e:   00 0f 84 8f 02 00 00 48 8b c2 48 81 c4 d0 00 00
0x0000022d474ea72e:   00 5d 49 3b a7 40 03 00 00 0f 87 98 02 00 00 c3
0x0000022d474ea73e:   49 8b 87 d0 03 00 00 4d 33 d2 4d 89 97 d0 03 00
0x0000022d474ea74e:   00 4d 33 d2 4d 89 97 d8 03 00 00 48 8b f0 48 b8
0x0000022d474ea75e:   70 ff 8e 5d 2d 02 00 00 48 83 80 c8 01 00 00 01
0x0000022d474ea76e:   48 b8 70 76 87 5d 2d 02 00 00 8b 90 cc 00 00 00
0x0000022d474ea77e:   83 c2 02 89 90 cc 00 00 00 81 e2 fe ff 1f 00 83
0x0000022d474ea78e:   fa 00 0f 84 55 02 00 00 48 8b c6 48 ba 99 a7 4e
0x0000022d474ea79e:   47 2d 02 00 00 e8 d8 04 b0 ff 90 49 8b 87 d0 03 


Stack slot to memory mapping:
stack at sp + 0 slots: 0x0000000000000001 is an unknown value
stack at sp + 1 slots: 0x000000000000001c is an unknown value
stack at sp + 2 slots: 0x0 is NULL
stack at sp + 3 slots: 0x000000008a16c540 is an oop: java.nio.DirectIntBufferU 
{0x000000008a16c540} - klass: 'java/nio/DirectIntBufferU'
 - ---- fields (total size 7 words):
 - private 'mark' 'I' @12  -1 (ffffffff)
 - 'address' 'J' @16  28 (1c 0)
 - private 'position' 'I' @24  0
 - private 'limit' 'I' @28  1
 - private 'capacity' 'I' @32  1
 - final 'segment' 'Ljdk/internal/access/foreign/MemorySegmentProxy;' @36  NULL (0)
 - final 'offset' 'I' @40  0
 - 'isReadOnly' 'Z' @44  false
 - final 'hb' '[I' @48  NULL (0)
 - private final 'att' 'Ljava/lang/Object;' @52  NULL (0)
stack at sp + 4 slots: 0x000000e2b9bff370 is pointing into the stack for thread: 0x0000022d3f4116c0
stack at sp + 5 slots: 0x0000022d5dc18c90 is pointing into metadata
stack at sp + 6 slots: 0x000000e2b9bff3d8 is pointing into the stack for thread: 0x0000022d3f4116c0
stack at sp + 7 slots: 0x0000022d5dc226e0 is pointing into metadata

--------------------------------------------------------------------------------
[Constant Pool (empty)]

--------------------------------------------------------------------------------

[MachCode]
  0x0000022d474ea1e0: 448b 5208 | 49bb 0000 | 0000 0800 | 0000 4d03 | d34c 3bd0 | 0f85 862d | a4ff 660f | 1f44 0000 
  0x0000022d474ea200: 8984 2400 | 90ff ff55 | 4881 ecd0 | 0000 0048 | 8994 2498 | 0000 0044 | 8984 24a0 | 0000 0048 
  0x0000022d474ea220: bed0 f98e | 5d2d 0200 | 008b becc | 0000 0083 | c702 89be | cc00 0000 | 81e7 fe07 | 0000 83ff 
  0x0000022d474ea240: 000f 84b0 | 0600 0048 | 8bf2 48bf | d0f9 8e5d | 2d02 0000 | 4883 8710 | 0100 0001 | 48be 2879 
  0x0000022d474ea260: 875d 2d02 | 0000 8bbe | cc00 0000 | 83c7 0289 | becc 0000 | 0081 e7fe | ff1f 0083 | ff00 0f84 
  0x0000022d474ea280: 9406 0000 | 8b72 2448 | 83fe 0048 | bf28 7987 | 5d2d 0200 | 0048 bb10 | 0100 0000 | 0000 000f 
  0x0000022d474ea2a0: 840a 0000 | 0048 bb20 | 0100 0000 | 0000 0048 | 8b04 1f48 | 8d40 0148 | 8904 1f0f | 84b8 0000 
  0x0000022d474ea2c0: 0048 3b06 | 488b fe48 | bb28 7987 | 5d2d 0200 | 008b 7f08 | 49ba 0000 | 0000 0800 | 0000 4903 
  0x0000022d474ea2e0: fa48 3bbb | 4001 0000 | 750d 4883 | 8348 0100 | 0001 e966 | 0000 0048 | 3bbb 5001 | 0000 750d 
  0x0000022d474ea300: 4883 8358 | 0100 0001 | e950 0000 | 0048 81bb | 4001 0000 | 0000 0000 | 7517 4889 | bb40 0100 
  0x0000022d474ea320: 0048 c783 | 4801 0000 | 0100 0000 | e92c 0000 | 0048 81bb | 5001 0000 | 0000 0000 | 7517 4889 
  0x0000022d474ea340: bb50 0100 | 0048 c783 | 5801 0000 | 0100 0000 | e908 0000 | 0048 8383 | 3001 0000 | 0148 8bd6 
  0x0000022d474ea360: 0f1f 4400 | 0048 b8ff | ffff ffff | ffff ffe8 | 0c37 a4ff | e90a 0000 | 0048 b800 | 0000 0000 
  0x0000022d474ea380: 0000 0048 | 8984 24a8 | 0000 0044 | 8b84 24a0 | 0000 0048 | 8b94 2498 | 0000 0048 | 8bf2 48bf 
  0x0000022d474ea3a0: d0f9 8e5d | 2d02 0000 | 4883 8748 | 0100 0001 | 443b 421c | 0f83 8e05 | 0000 498b | f048 8bfa 
  0x0000022d474ea3c0: 48bb d0f9 | 8e5d 2d02 | 0000 4883 | 8380 0100 | 0001 4c8b | c648 8bf2 | 488b d60f | 1f40 00e8 
  0x0000022d474ea3e0: dc0d 0000 | 4889 8424 | b000 0000 | 48ba d0f9 | 8e5d 2d02 | 0000 488d | 92f0 0100 | 0048 8bb4 
  0x0000022d474ea400: 24a8 0000 | 0048 8bfe | 4885 ff75 | 0748 834a | 0801 eb52 | 8b7f 0849 | ba00 0000 | 0008 0000 
  0x0000022d474ea420: 0049 03fa | 4833 7a08 | 48f7 c7fc | ffff ff74 | 3548 f7c7 | 0200 0000 | 752c 4881 | 7a08 0000 
  0x0000022d474ea440: 0000 741e | 4881 7a08 | 0100 0000 | 7414 4833 | 7a08 48f7 | c7fc ffff | ff74 0b48 | 834a 0802 
  0x0000022d474ea460: eb04 4889 | 7a08 48bf | 0000 0000 | 0000 0000 | 4885 ff75 | 0748 834a | 1801 eb52 | 8b7f 0849 
  0x0000022d474ea480: ba00 0000 | 0008 0000 | 0049 03fa | 4833 7a18 | 48f7 c7fc | ffff ff74 | 3548 f7c7 | 0200 0000 
  0x0000022d474ea4a0: 752c 4881 | 7a18 0000 | 0000 741e | 4881 7a18 | 0100 0000 | 7414 4833 | 7a18 48f7 | c7fc ffff 
  0x0000022d474ea4c0: ff74 0b48 | 834a 1802 | eb04 4889 | 7a18 48ba | 1027 528a | 0000 0000 | 488b fa48 | bbd0 f98e 
  0x0000022d474ea4e0: 5d2d 0200 | 0049 ba40 | 4f0a 0008 | 0000 004c | 8993 c801 | 0000 4883 | 83d0 0100 | 0001 48bf 
  0x0000022d474ea500: 90fd 8e5d | 2d02 0000 | 8b9f cc00 | 0000 83c3 | 0289 9fcc | 0000 0081 | e3fe ff1f | 0083 fb00 
  0x0000022d474ea520: 0f84 2b04 | 0000 48bf | 90fd 8e5d | 2d02 0000 | 488d bf48 | 0100 0048 | 8bde 4885 | db75 0748 
  0x0000022d474ea540: 834f 0801 | eb52 8b5b | 0849 ba00 | 0000 0008 | 0000 0049 | 03da 4833 | 5f08 48f7 | c3fc ffff 
  0x0000022d474ea560: ff74 3548 | f7c3 0200 | 0000 752c | 4881 7f08 | 0000 0000 | 741e 4881 | 7f08 0100 | 0000 7414 
  0x0000022d474ea580: 4833 5f08 | 48f7 c3fc | ffff ff74 | 0b48 834f | 0802 eb04 | 4889 5f08 | 48bb 0000 | 0000 0000 
  0x0000022d474ea5a0: 0000 4885 | db75 0748 | 834f 1801 | eb52 8b5b | 0849 ba00 | 0000 0008 | 0000 0049 | 03da 4833 
  0x0000022d474ea5c0: 5f18 48f7 | c3fc ffff | ff74 3548 | f7c3 0200 | 0000 752c | 4881 7f18 | 0000 0000 | 741e 4881 
  0x0000022d474ea5e0: 7f18 0100 | 0000 7414 | 4833 5f18 | 48f7 c3fc | ffff ff74 | 0b48 834f | 1802 eb04 | 4889 5f18 
  0x0000022d474ea600: 48bf 90fd | 8e5d 2d02 | 0000 4883 | 8710 0100 | 0001 48ba | 70ff 8e5d | 2d02 0000 | 8bba cc00 
  0x0000022d474ea620: 0000 83c7 | 0289 bacc | 0000 0081 | e7fe ff1f | 0083 ff00 | 0f84 3803 | 0000 4883 | fe00 48ba 
  0x0000022d474ea640: 70ff 8e5d | 2d02 0000 | 48bf 2001 | 0000 0000 | 0000 0f85 | 0a00 0000 | 48bf 1001 | 0000 0000 
  0x0000022d474ea660: 0000 488b | 1c3a 488d | 5b01 4889 | 1c3a 0f85 | 0d00 0000 | 4889 b424 | a800 0000 | e923 0000 
  0x0000022d474ea680: 0048 8bd6 | 4889 b424 | a800 0000 | 9048 b8ff | ffff ffff | ffff ffe8 | e433 a4ff | 488b 8424 
  0x0000022d474ea6a0: b000 0000 | 48ba 0000 | 0000 0000 | 0000 8b14 | 0248 be70 | ff8e 5d2d | 0200 0048 | 8386 b801 
  0x0000022d474ea6c0: 0000 0148 | be70 7687 | 5d2d 0200 | 008b becc | 0000 0083 | c702 89be | cc00 0000 | 81e7 feff 
  0x0000022d474ea6e0: 1f00 83ff | 000f 84a8 | 0200 0048 | b8d0 f98e | 5d2d 0200 | 0048 8380 | 1802 0000 | 0148 b870 
  0x0000022d474ea700: 7687 5d2d | 0200 008b | b0cc 0000 | 0083 c602 | 89b0 cc00 | 0000 81e6 | feff 1f00 | 83fe 000f 
  0x0000022d474ea720: 848f 0200 | 0048 8bc2 | 4881 c4d0 | 0000 005d | 493b a740 | 0300 000f | 8798 0200 | 00c3 498b 
  0x0000022d474ea740: 87d0 0300 | 004d 33d2 | 4d89 97d0 | 0300 004d | 33d2 4d89 | 97d8 0300 | 0048 8bf0 | 48b8 70ff 
  0x0000022d474ea760: 8e5d 2d02 | 0000 4883 | 80c8 0100 | 0001 48b8 | 7076 875d | 2d02 0000 | 8b90 cc00 | 0000 83c2 
  0x0000022d474ea780: 0289 90cc | 0000 0081 | e2fe ff1f | 0083 fa00 | 0f84 5502 | 0000 488b | c648 ba99 | a74e 472d 
  0x0000022d474ea7a0: 0200 00e8 | d804 b0ff | 9049 8b87 | d003 0000 | 4d33 d24d | 8997 d003 | 0000 4d33 | d24d 8997 
  0x0000022d474ea7c0: d803 0000 | 0f1f 4000 | e94e 0200 | 0000 0000 | 0000 4889 | 8424 c000 | 0000 80ba | 3301 0000 
  0x0000022d474ea7e0: 040f 8543 | 0200 0049 | 8b87 0801 | 0000 488d | 7828 493b | bf18 0100 | 000f 872b | 0200 0049 
  0x0000022d474ea800: 89bf 0801 | 0000 48c7 | 0001 0000 | 0048 8bca | 49ba 0000 | 0000 0800 | 0000 492b | ca89 4808 
  0x0000022d474ea820: 4833 c989 | 480c 4833 | c948 8948 | 1048 8948 | 1848 8948 | 204c 8bc0 | 48ba 90fd | 8e5d 2d02 
  0x0000022d474ea840: 0000 4883 | 8270 0100 | 0001 49b8 | b8bb 5e8a | 0000 0000 | 488b d048 | 8984 24b8 | 0000 00e8 
  0x0000022d474ea860: 9c2c a4ff | 488b 8424 | b800 0000 | 48ba 6ca8 | 4e47 2d02 | 0000 e805 | 04b0 ff90 | 448b 8424 
  0x0000022d474ea880: a000 0000 | 488b b424 | 9800 0000 | 498b 87d0 | 0300 004d | 33d2 4d89 | 97d0 0300 | 004d 33d2 
  0x0000022d474ea8a0: 4d89 97d8 | 0300 0048 | 8bf8 48b8 | d0f9 8e5d | 2d02 0000 | 4883 8028 | 0200 0001 | 48b8 7076 
  0x0000022d474ea8c0: 875d 2d02 | 0000 8b90 | cc00 0000 | 83c2 0289 | 90cc 0000 | 0081 e2fe | ff1f 0083 | fa00 0f84 
  0x0000022d474ea8e0: 5301 0000 | 488b c748 | bae7 a84e | 472d 0200 | 00e8 8a03 | b0ff 9049 | bad8 ff08 | 0008 0000 
  0x0000022d474ea900: 004c 8954 | 2408 48c7 | 0424 ffff | ffff e8ed | 46b0 ffe9 | 2ff9 ffff | 49ba 189f | 0900 0800 
  0x0000022d474ea920: 0000 4c89 | 5424 0848 | c704 24ff | ffff ffe8 | cc46 b0ff | e94b f9ff | ffe8 62e4 | afff e85d 
  0x0000022d474ea940: e4af ffe8 | 58e4 afff | 4c89 0424 | e84f deaf | ff49 bab0 | 920a 0008 | 0000 004c | 8954 2408 
  0x0000022d474ea960: 48c7 0424 | ffff ffff | e893 46b0 | ffe9 b4fb | ffff 49ba | 78ea 0a00 | 0800 0000 | 4c89 5424 
  0x0000022d474ea980: 0848 c704 | 24ff ffff | ffe8 7246 | b0ff e9a7 | fcff ff49 | baf0 4e3b | 0008 0000 | 004c 8954 
  0x0000022d474ea9a0: 2408 48c7 | 0424 ffff | ffff e851 | 46b0 ffe9 | 37fd ffff | 49ba f04e | 3b00 0800 | 0000 4c89 
  0x0000022d474ea9c0: 5424 0848 | c704 24ff | ffff ffe8 | 3046 b0ff | e950 fdff | ff49 ba30 | a74e 472d | 0200 004d 
  0x0000022d474ea9e0: 8997 5803 | 0000 e995 | 9fa4 ff49 | baf0 4e3b | 0008 0000 | 004c 8954 | 2408 48c7 | 0424 ffff 
  0x0000022d474eaa00: ffff e8f9 | 45b0 ffe9 | 8afd ffff | 48ba 0000 | 0000 0000 | 0000 b800 | 0f05 0ae8 | 602f b0ff 
  0x0000022d474eaa20: e9a3 fdff | ffe8 76e3 | afff 488b | d2e8 4ef2 | afff e9fe | fdff ff49 | baf0 4e3b | 0008 0000 
  0x0000022d474eaa40: 004c 8954 | 2408 48c7 | 0424 ffff | ffff e8ad | 45b0 ffe9 | 8cfe ffff | 9090 498b | 87d0 0300 
  0x0000022d474eaa60: 0049 c787 | d003 0000 | 0000 0000 | 49c7 87d8 | 0300 0000 | 0000 0048 | 81c4 d000 | 0000 5de9 
  0x0000022d474eaa80: 7ccd afff | f4f4 f4f4 | f4f4 f4f4 | f4f4 f4f4 | f4f4 f4f4 | f4f4 f4f4 | f4f4 f4f4 | f4f4 f4f4 
  0x0000022d474eaaa0: 0f1f 4400 | 0048 bb00 | 0000 0000 | 0000 00e9 | fbff ffff | 9048 bb00 | 0000 0000 | 0000 00e9 
  0x0000022d474eaac0: fbff ffff | 9048 bb00 | 0000 0000 | 0000 00e9 | fbff ffff | 9048 bb00 | 0000 0000 | 0000 00e9 
  0x0000022d474eaae0: fbff ffff | e897 08b0 | ff48 b918 | 3c8e eaff | 7f00 0048 | 83e4 f049 | baa0 8d56 | eaff 7f00 
  0x0000022d474eab00: 0041 ffd2 | f449 ba05 | ab4e 472d | 0200 0041 | 52e9 8ab3 | a4ff f4f4 
[/MachCode]
--------------------------------------------------------------------------------


---------------  P R O C E S S  ---------------

Threads class SMR info:
_java_thread_list=0x0000022d5e2014a0, length=15, elements={
0x0000022d3f4116c0, 0x0000022d5d669d10, 0x0000022d5d66a6c0, 0x0000022d5d6827c0,
0x0000022d5d683170, 0x0000022d5d683b20, 0x0000022d5d6868f0, 0x0000022d5d687680,
0x0000022d5d690130, 0x0000022d5d692b30, 0x0000022d5e1b6a20, 0x0000022d5e1f1da0,
0x0000022d5e1f2290, 0x0000022d5e1f7b90, 0x0000022d5e1f84e0
}

Java Threads: ( => current thread )
=>0x0000022d3f4116c0 JavaThread "main" [_thread_in_Java, id=15244, stack(0x000000e2b9b00000,0x000000e2b9c00000)]
  0x0000022d5d669d10 JavaThread "Reference Handler" daemon [_thread_blocked, id=18664, stack(0x000000e2ba200000,0x000000e2ba300000)]
  0x0000022d5d66a6c0 JavaThread "Finalizer" daemon [_thread_blocked, id=3152, stack(0x000000e2ba300000,0x000000e2ba400000)]
  0x0000022d5d6827c0 JavaThread "Signal Dispatcher" daemon [_thread_blocked, id=9340, stack(0x000000e2ba400000,0x000000e2ba500000)]
  0x0000022d5d683170 JavaThread "Attach Listener" daemon [_thread_blocked, id=20640, stack(0x000000e2ba500000,0x000000e2ba600000)]
  0x0000022d5d683b20 JavaThread "Service Thread" daemon [_thread_blocked, id=4976, stack(0x000000e2ba600000,0x000000e2ba700000)]
  0x0000022d5d6868f0 JavaThread "Monitor Deflation Thread" daemon [_thread_blocked, id=18676, stack(0x000000e2ba700000,0x000000e2ba800000)]
  0x0000022d5d687680 JavaThread "C2 CompilerThread0" daemon [_thread_blocked, id=8520, stack(0x000000e2ba800000,0x000000e2ba900000)]
  0x0000022d5d690130 JavaThread "C1 CompilerThread0" daemon [_thread_blocked, id=20660, stack(0x000000e2ba900000,0x000000e2baa00000)]
  0x0000022d5d692b30 JavaThread "Sweeper thread" daemon [_thread_blocked, id=5856, stack(0x000000e2baa00000,0x000000e2bab00000)]
  0x0000022d5e1b6a20 JavaThread "JDWP Transport Listener: dt_socket" daemon [_thread_blocked, id=17068, stack(0x000000e2bab00000,0x000000e2bac00000)]
  0x0000022d5e1f1da0 JavaThread "JDWP Event Helper Thread" daemon [_thread_blocked, id=19520, stack(0x000000e2bac00000,0x000000e2bad00000)]
  0x0000022d5e1f2290 JavaThread "JDWP Command Reader" daemon [_thread_in_native, id=532, stack(0x000000e2bad00000,0x000000e2bae00000)]
  0x0000022d5e1f7b90 JavaThread "Notification Thread" daemon [_thread_blocked, id=10360, stack(0x000000e2bae00000,0x000000e2baf00000)]
  0x0000022d5e1f84e0 JavaThread "Common-Cleaner" daemon [_thread_blocked, id=17032, stack(0x000000e2bb000000,0x000000e2bb100000)]

Other Threads:
  0x0000022d5d663f70 VMThread "VM Thread" [stack: 0x000000e2ba100000,0x000000e2ba200000] [id=12996]
  0x0000022d5e1f8060 WatcherThread [stack: 0x000000e2baf00000,0x000000e2bb000000] [id=11660]
  0x0000022d3f451190 GCTaskThread "GC Thread#0" [stack: 0x000000e2b9c00000,0x000000e2b9d00000] [id=19220]
  0x0000022d3f461ad0 ConcurrentGCThread "G1 Main Marker" [stack: 0x000000e2b9d00000,0x000000e2b9e00000] [id=3616]
  0x0000022d3f4623e0 ConcurrentGCThread "G1 Conc#0" [stack: 0x000000e2b9e00000,0x000000e2b9f00000] [id=10760]
  0x0000022d5d530090 ConcurrentGCThread "G1 Refine#0" [stack: 0x000000e2b9f00000,0x000000e2ba000000] [id=16804]
  0x0000022d5d5309b0 ConcurrentGCThread "G1 Service" [stack: 0x000000e2ba000000,0x000000e2ba100000] [id=4692]

Threads with active compile tasks:

VM state: not at safepoint (normal execution)

VM Mutex/Monitor currently owned by a thread: None

Heap address: 0x0000000082800000, size: 2008 MB, Compressed Oops mode: 32-bit

CDS archive(s) mapped at: [0x0000000800000000-0x0000000800bc0000-0x0000000800bc0000), size 12320768, SharedBaseAddress: 0x0000000800000000, ArchiveRelocationMode: 0.
Compressed class space mapped at: 0x0000000800c00000-0x0000000840c00000, reserved size: 1073741824
Narrow klass base: 0x0000000800000000, Narrow klass shift: 0, Narrow klass range: 0x100000000

GC Precious Log:
 CPUs: 8 total, 8 available
 Memory: 8026M
 Large Page Support: Disabled
 NUMA Support: Disabled
 Compressed Oops: Enabled (32-bit)
 Heap Region Size: 1M
 Heap Min Capacity: 8M
 Heap Initial Capacity: 126M
 Heap Max Capacity: 2008M
 Pre-touch: Disabled
 Parallel Workers: 8
 Concurrent Workers: 2
 Concurrent Refinement Workers: 8
 Periodic GC: Disabled

Heap:
 garbage-first heap   total 129024K, used 4096K [0x0000000082800000, 0x0000000100000000)
  region size 1024K, 5 young (5120K), 0 survivors (0K)
 Metaspace       used 2043K, committed 2240K, reserved 1056768K
  class space    used 138K, committed 256K, reserved 1048576K

Heap Regions: E=young(eden), S=young(survivor), O=old, HS=humongous(starts), HC=humongous(continues), CS=collection set, F=free, OA=open archive, CA=closed archive, TAMS=top-at-mark-start (previous, next)
|   0|0x0000000082800000, 0x0000000082800000, 0x0000000082900000|  0%| F|  |TAMS 0x0000000082800000, 0x0000000082800000| Untracked 
|   1|0x0000000082900000, 0x0000000082900000, 0x0000000082a00000|  0%| F|  |TAMS 0x0000000082900000, 0x0000000082900000| Untracked 
|   2|0x0000000082a00000, 0x0000000082a00000, 0x0000000082b00000|  0%| F|  |TAMS 0x0000000082a00000, 0x0000000082a00000| Untracked 
|   3|0x0000000082b00000, 0x0000000082b00000, 0x0000000082c00000|  0%| F|  |TAMS 0x0000000082b00000, 0x0000000082b00000| Untracked 
|   4|0x0000000082c00000, 0x0000000082c00000, 0x0000000082d00000|  0%| F|  |TAMS 0x0000000082c00000, 0x0000000082c00000| Untracked 
|   5|0x0000000082d00000, 0x0000000082d00000, 0x0000000082e00000|  0%| F|  |TAMS 0x0000000082d00000, 0x0000000082d00000| Untracked 
|   6|0x0000000082e00000, 0x0000000082e00000, 0x0000000082f00000|  0%| F|  |TAMS 0x0000000082e00000, 0x0000000082e00000| Untracked 
|   7|0x0000000082f00000, 0x0000000082f00000, 0x0000000083000000|  0%| F|  |TAMS 0x0000000082f00000, 0x0000000082f00000| Untracked 
|   8|0x0000000083000000, 0x0000000083000000, 0x0000000083100000|  0%| F|  |TAMS 0x0000000083000000, 0x0000000083000000| Untracked 
|   9|0x0000000083100000, 0x0000000083100000, 0x0000000083200000|  0%| F|  |TAMS 0x0000000083100000, 0x0000000083100000| Untracked 
|  10|0x0000000083200000, 0x0000000083200000, 0x0000000083300000|  0%| F|  |TAMS 0x0000000083200000, 0x0000000083200000| Untracked 
|  11|0x0000000083300000, 0x0000000083300000, 0x0000000083400000|  0%| F|  |TAMS 0x0000000083300000, 0x0000000083300000| Untracked 
|  12|0x0000000083400000, 0x0000000083400000, 0x0000000083500000|  0%| F|  |TAMS 0x0000000083400000, 0x0000000083400000| Untracked 
|  13|0x0000000083500000, 0x0000000083500000, 0x0000000083600000|  0%| F|  |TAMS 0x0000000083500000, 0x0000000083500000| Untracked 
|  14|0x0000000083600000, 0x0000000083600000, 0x0000000083700000|  0%| F|  |TAMS 0x0000000083600000, 0x0000000083600000| Untracked 
|  15|0x0000000083700000, 0x0000000083700000, 0x0000000083800000|  0%| F|  |TAMS 0x0000000083700000, 0x0000000083700000| Untracked 
|  16|0x0000000083800000, 0x0000000083800000, 0x0000000083900000|  0%| F|  |TAMS 0x0000000083800000, 0x0000000083800000| Untracked 
|  17|0x0000000083900000, 0x0000000083900000, 0x0000000083a00000|  0%| F|  |TAMS 0x0000000083900000, 0x0000000083900000| Untracked 
|  18|0x0000000083a00000, 0x0000000083a00000, 0x0000000083b00000|  0%| F|  |TAMS 0x0000000083a00000, 0x0000000083a00000| Untracked 
|  19|0x0000000083b00000, 0x0000000083b00000, 0x0000000083c00000|  0%| F|  |TAMS 0x0000000083b00000, 0x0000000083b00000| Untracked 
|  20|0x0000000083c00000, 0x0000000083c00000, 0x0000000083d00000|  0%| F|  |TAMS 0x0000000083c00000, 0x0000000083c00000| Untracked 
|  21|0x0000000083d00000, 0x0000000083d00000, 0x0000000083e00000|  0%| F|  |TAMS 0x0000000083d00000, 0x0000000083d00000| Untracked 
|  22|0x0000000083e00000, 0x0000000083e00000, 0x0000000083f00000|  0%| F|  |TAMS 0x0000000083e00000, 0x0000000083e00000| Untracked 
|  23|0x0000000083f00000, 0x0000000083f00000, 0x0000000084000000|  0%| F|  |TAMS 0x0000000083f00000, 0x0000000083f00000| Untracked 
|  24|0x0000000084000000, 0x0000000084000000, 0x0000000084100000|  0%| F|  |TAMS 0x0000000084000000, 0x0000000084000000| Untracked 
|  25|0x0000000084100000, 0x0000000084100000, 0x0000000084200000|  0%| F|  |TAMS 0x0000000084100000, 0x0000000084100000| Untracked 
|  26|0x0000000084200000, 0x0000000084200000, 0x0000000084300000|  0%| F|  |TAMS 0x0000000084200000, 0x0000000084200000| Untracked 
|  27|0x0000000084300000, 0x0000000084300000, 0x0000000084400000|  0%| F|  |TAMS 0x0000000084300000, 0x0000000084300000| Untracked 
|  28|0x0000000084400000, 0x0000000084400000, 0x0000000084500000|  0%| F|  |TAMS 0x0000000084400000, 0x0000000084400000| Untracked 
|  29|0x0000000084500000, 0x0000000084500000, 0x0000000084600000|  0%| F|  |TAMS 0x0000000084500000, 0x0000000084500000| Untracked 
|  30|0x0000000084600000, 0x0000000084600000, 0x0000000084700000|  0%| F|  |TAMS 0x0000000084600000, 0x0000000084600000| Untracked 
|  31|0x0000000084700000, 0x0000000084700000, 0x0000000084800000|  0%| F|  |TAMS 0x0000000084700000, 0x0000000084700000| Untracked 
|  32|0x0000000084800000, 0x0000000084800000, 0x0000000084900000|  0%| F|  |TAMS 0x0000000084800000, 0x0000000084800000| Untracked 
|  33|0x0000000084900000, 0x0000000084900000, 0x0000000084a00000|  0%| F|  |TAMS 0x0000000084900000, 0x0000000084900000| Untracked 
|  34|0x0000000084a00000, 0x0000000084a00000, 0x0000000084b00000|  0%| F|  |TAMS 0x0000000084a00000, 0x0000000084a00000| Untracked 
|  35|0x0000000084b00000, 0x0000000084b00000, 0x0000000084c00000|  0%| F|  |TAMS 0x0000000084b00000, 0x0000000084b00000| Untracked 
|  36|0x0000000084c00000, 0x0000000084c00000, 0x0000000084d00000|  0%| F|  |TAMS 0x0000000084c00000, 0x0000000084c00000| Untracked 
|  37|0x0000000084d00000, 0x0000000084d00000, 0x0000000084e00000|  0%| F|  |TAMS 0x0000000084d00000, 0x0000000084d00000| Untracked 
|  38|0x0000000084e00000, 0x0000000084e00000, 0x0000000084f00000|  0%| F|  |TAMS 0x0000000084e00000, 0x0000000084e00000| Untracked 
|  39|0x0000000084f00000, 0x0000000084f00000, 0x0000000085000000|  0%| F|  |TAMS 0x0000000084f00000, 0x0000000084f00000| Untracked 
|  40|0x0000000085000000, 0x0000000085000000, 0x0000000085100000|  0%| F|  |TAMS 0x0000000085000000, 0x0000000085000000| Untracked 
|  41|0x0000000085100000, 0x0000000085100000, 0x0000000085200000|  0%| F|  |TAMS 0x0000000085100000, 0x0000000085100000| Untracked 
|  42|0x0000000085200000, 0x0000000085200000, 0x0000000085300000|  0%| F|  |TAMS 0x0000000085200000, 0x0000000085200000| Untracked 
|  43|0x0000000085300000, 0x0000000085300000, 0x0000000085400000|  0%| F|  |TAMS 0x0000000085300000, 0x0000000085300000| Untracked 
|  44|0x0000000085400000, 0x0000000085400000, 0x0000000085500000|  0%| F|  |TAMS 0x0000000085400000, 0x0000000085400000| Untracked 
|  45|0x0000000085500000, 0x0000000085500000, 0x0000000085600000|  0%| F|  |TAMS 0x0000000085500000, 0x0000000085500000| Untracked 
|  46|0x0000000085600000, 0x0000000085600000, 0x0000000085700000|  0%| F|  |TAMS 0x0000000085600000, 0x0000000085600000| Untracked 
|  47|0x0000000085700000, 0x0000000085700000, 0x0000000085800000|  0%| F|  |TAMS 0x0000000085700000, 0x0000000085700000| Untracked 
|  48|0x0000000085800000, 0x0000000085800000, 0x0000000085900000|  0%| F|  |TAMS 0x0000000085800000, 0x0000000085800000| Untracked 
|  49|0x0000000085900000, 0x0000000085900000, 0x0000000085a00000|  0%| F|  |TAMS 0x0000000085900000, 0x0000000085900000| Untracked 
|  50|0x0000000085a00000, 0x0000000085a00000, 0x0000000085b00000|  0%| F|  |TAMS 0x0000000085a00000, 0x0000000085a00000| Untracked 
|  51|0x0000000085b00000, 0x0000000085b00000, 0x0000000085c00000|  0%| F|  |TAMS 0x0000000085b00000, 0x0000000085b00000| Untracked 
|  52|0x0000000085c00000, 0x0000000085c00000, 0x0000000085d00000|  0%| F|  |TAMS 0x0000000085c00000, 0x0000000085c00000| Untracked 
|  53|0x0000000085d00000, 0x0000000085d00000, 0x0000000085e00000|  0%| F|  |TAMS 0x0000000085d00000, 0x0000000085d00000| Untracked 
|  54|0x0000000085e00000, 0x0000000085e00000, 0x0000000085f00000|  0%| F|  |TAMS 0x0000000085e00000, 0x0000000085e00000| Untracked 
|  55|0x0000000085f00000, 0x0000000085f00000, 0x0000000086000000|  0%| F|  |TAMS 0x0000000085f00000, 0x0000000085f00000| Untracked 
|  56|0x0000000086000000, 0x0000000086000000, 0x0000000086100000|  0%| F|  |TAMS 0x0000000086000000, 0x0000000086000000| Untracked 
|  57|0x0000000086100000, 0x0000000086100000, 0x0000000086200000|  0%| F|  |TAMS 0x0000000086100000, 0x0000000086100000| Untracked 
|  58|0x0000000086200000, 0x0000000086200000, 0x0000000086300000|  0%| F|  |TAMS 0x0000000086200000, 0x0000000086200000| Untracked 
|  59|0x0000000086300000, 0x0000000086300000, 0x0000000086400000|  0%| F|  |TAMS 0x0000000086300000, 0x0000000086300000| Untracked 
|  60|0x0000000086400000, 0x0000000086400000, 0x0000000086500000|  0%| F|  |TAMS 0x0000000086400000, 0x0000000086400000| Untracked 
|  61|0x0000000086500000, 0x0000000086500000, 0x0000000086600000|  0%| F|  |TAMS 0x0000000086500000, 0x0000000086500000| Untracked 
|  62|0x0000000086600000, 0x0000000086600000, 0x0000000086700000|  0%| F|  |TAMS 0x0000000086600000, 0x0000000086600000| Untracked 
|  63|0x0000000086700000, 0x0000000086700000, 0x0000000086800000|  0%| F|  |TAMS 0x0000000086700000, 0x0000000086700000| Untracked 
|  64|0x0000000086800000, 0x0000000086800000, 0x0000000086900000|  0%| F|  |TAMS 0x0000000086800000, 0x0000000086800000| Untracked 
|  65|0x0000000086900000, 0x0000000086900000, 0x0000000086a00000|  0%| F|  |TAMS 0x0000000086900000, 0x0000000086900000| Untracked 
|  66|0x0000000086a00000, 0x0000000086a00000, 0x0000000086b00000|  0%| F|  |TAMS 0x0000000086a00000, 0x0000000086a00000| Untracked 
|  67|0x0000000086b00000, 0x0000000086b00000, 0x0000000086c00000|  0%| F|  |TAMS 0x0000000086b00000, 0x0000000086b00000| Untracked 
|  68|0x0000000086c00000, 0x0000000086c00000, 0x0000000086d00000|  0%| F|  |TAMS 0x0000000086c00000, 0x0000000086c00000| Untracked 
|  69|0x0000000086d00000, 0x0000000086d00000, 0x0000000086e00000|  0%| F|  |TAMS 0x0000000086d00000, 0x0000000086d00000| Untracked 
|  70|0x0000000086e00000, 0x0000000086e00000, 0x0000000086f00000|  0%| F|  |TAMS 0x0000000086e00000, 0x0000000086e00000| Untracked 
|  71|0x0000000086f00000, 0x0000000086f00000, 0x0000000087000000|  0%| F|  |TAMS 0x0000000086f00000, 0x0000000086f00000| Untracked 
|  72|0x0000000087000000, 0x0000000087000000, 0x0000000087100000|  0%| F|  |TAMS 0x0000000087000000, 0x0000000087000000| Untracked 
|  73|0x0000000087100000, 0x0000000087100000, 0x0000000087200000|  0%| F|  |TAMS 0x0000000087100000, 0x0000000087100000| Untracked 
|  74|0x0000000087200000, 0x0000000087200000, 0x0000000087300000|  0%| F|  |TAMS 0x0000000087200000, 0x0000000087200000| Untracked 
|  75|0x0000000087300000, 0x0000000087300000, 0x0000000087400000|  0%| F|  |TAMS 0x0000000087300000, 0x0000000087300000| Untracked 
|  76|0x0000000087400000, 0x0000000087400000, 0x0000000087500000|  0%| F|  |TAMS 0x0000000087400000, 0x0000000087400000| Untracked 
|  77|0x0000000087500000, 0x0000000087500000, 0x0000000087600000|  0%| F|  |TAMS 0x0000000087500000, 0x0000000087500000| Untracked 
|  78|0x0000000087600000, 0x0000000087600000, 0x0000000087700000|  0%| F|  |TAMS 0x0000000087600000, 0x0000000087600000| Untracked 
|  79|0x0000000087700000, 0x0000000087700000, 0x0000000087800000|  0%| F|  |TAMS 0x0000000087700000, 0x0000000087700000| Untracked 
|  80|0x0000000087800000, 0x0000000087800000, 0x0000000087900000|  0%| F|  |TAMS 0x0000000087800000, 0x0000000087800000| Untracked 
|  81|0x0000000087900000, 0x0000000087900000, 0x0000000087a00000|  0%| F|  |TAMS 0x0000000087900000, 0x0000000087900000| Untracked 
|  82|0x0000000087a00000, 0x0000000087a00000, 0x0000000087b00000|  0%| F|  |TAMS 0x0000000087a00000, 0x0000000087a00000| Untracked 
|  83|0x0000000087b00000, 0x0000000087b00000, 0x0000000087c00000|  0%| F|  |TAMS 0x0000000087b00000, 0x0000000087b00000| Untracked 
|  84|0x0000000087c00000, 0x0000000087c00000, 0x0000000087d00000|  0%| F|  |TAMS 0x0000000087c00000, 0x0000000087c00000| Untracked 
|  85|0x0000000087d00000, 0x0000000087d00000, 0x0000000087e00000|  0%| F|  |TAMS 0x0000000087d00000, 0x0000000087d00000| Untracked 
|  86|0x0000000087e00000, 0x0000000087e00000, 0x0000000087f00000|  0%| F|  |TAMS 0x0000000087e00000, 0x0000000087e00000| Untracked 
|  87|0x0000000087f00000, 0x0000000087f00000, 0x0000000088000000|  0%| F|  |TAMS 0x0000000087f00000, 0x0000000087f00000| Untracked 
|  88|0x0000000088000000, 0x0000000088000000, 0x0000000088100000|  0%| F|  |TAMS 0x0000000088000000, 0x0000000088000000| Untracked 
|  89|0x0000000088100000, 0x0000000088100000, 0x0000000088200000|  0%| F|  |TAMS 0x0000000088100000, 0x0000000088100000| Untracked 
|  90|0x0000000088200000, 0x0000000088200000, 0x0000000088300000|  0%| F|  |TAMS 0x0000000088200000, 0x0000000088200000| Untracked 
|  91|0x0000000088300000, 0x0000000088300000, 0x0000000088400000|  0%| F|  |TAMS 0x0000000088300000, 0x0000000088300000| Untracked 
|  92|0x0000000088400000, 0x0000000088400000, 0x0000000088500000|  0%| F|  |TAMS 0x0000000088400000, 0x0000000088400000| Untracked 
|  93|0x0000000088500000, 0x0000000088500000, 0x0000000088600000|  0%| F|  |TAMS 0x0000000088500000, 0x0000000088500000| Untracked 
|  94|0x0000000088600000, 0x0000000088600000, 0x0000000088700000|  0%| F|  |TAMS 0x0000000088600000, 0x0000000088600000| Untracked 
|  95|0x0000000088700000, 0x0000000088700000, 0x0000000088800000|  0%| F|  |TAMS 0x0000000088700000, 0x0000000088700000| Untracked 
|  96|0x0000000088800000, 0x0000000088800000, 0x0000000088900000|  0%| F|  |TAMS 0x0000000088800000, 0x0000000088800000| Untracked 
|  97|0x0000000088900000, 0x0000000088900000, 0x0000000088a00000|  0%| F|  |TAMS 0x0000000088900000, 0x0000000088900000| Untracked 
|  98|0x0000000088a00000, 0x0000000088a00000, 0x0000000088b00000|  0%| F|  |TAMS 0x0000000088a00000, 0x0000000088a00000| Untracked 
|  99|0x0000000088b00000, 0x0000000088b00000, 0x0000000088c00000|  0%| F|  |TAMS 0x0000000088b00000, 0x0000000088b00000| Untracked 
| 100|0x0000000088c00000, 0x0000000088c00000, 0x0000000088d00000|  0%| F|  |TAMS 0x0000000088c00000, 0x0000000088c00000| Untracked 
| 101|0x0000000088d00000, 0x0000000088d00000, 0x0000000088e00000|  0%| F|  |TAMS 0x0000000088d00000, 0x0000000088d00000| Untracked 
| 102|0x0000000088e00000, 0x0000000088e00000, 0x0000000088f00000|  0%| F|  |TAMS 0x0000000088e00000, 0x0000000088e00000| Untracked 
| 103|0x0000000088f00000, 0x0000000088f00000, 0x0000000089000000|  0%| F|  |TAMS 0x0000000088f00000, 0x0000000088f00000| Untracked 
| 104|0x0000000089000000, 0x0000000089000000, 0x0000000089100000|  0%| F|  |TAMS 0x0000000089000000, 0x0000000089000000| Untracked 
| 105|0x0000000089100000, 0x0000000089100000, 0x0000000089200000|  0%| F|  |TAMS 0x0000000089100000, 0x0000000089100000| Untracked 
| 106|0x0000000089200000, 0x0000000089200000, 0x0000000089300000|  0%| F|  |TAMS 0x0000000089200000, 0x0000000089200000| Untracked 
| 107|0x0000000089300000, 0x0000000089300000, 0x0000000089400000|  0%| F|  |TAMS 0x0000000089300000, 0x0000000089300000| Untracked 
| 108|0x0000000089400000, 0x0000000089400000, 0x0000000089500000|  0%| F|  |TAMS 0x0000000089400000, 0x0000000089400000| Untracked 
| 109|0x0000000089500000, 0x0000000089500000, 0x0000000089600000|  0%| F|  |TAMS 0x0000000089500000, 0x0000000089500000| Untracked 
| 110|0x0000000089600000, 0x0000000089600000, 0x0000000089700000|  0%| F|  |TAMS 0x0000000089600000, 0x0000000089600000| Untracked 
| 111|0x0000000089700000, 0x0000000089700000, 0x0000000089800000|  0%| F|  |TAMS 0x0000000089700000, 0x0000000089700000| Untracked 
| 112|0x0000000089800000, 0x0000000089800000, 0x0000000089900000|  0%| F|  |TAMS 0x0000000089800000, 0x0000000089800000| Untracked 
| 113|0x0000000089900000, 0x0000000089900000, 0x0000000089a00000|  0%| F|  |TAMS 0x0000000089900000, 0x0000000089900000| Untracked 
| 114|0x0000000089a00000, 0x0000000089a00000, 0x0000000089b00000|  0%| F|  |TAMS 0x0000000089a00000, 0x0000000089a00000| Untracked 
| 115|0x0000000089b00000, 0x0000000089b00000, 0x0000000089c00000|  0%| F|  |TAMS 0x0000000089b00000, 0x0000000089b00000| Untracked 
| 116|0x0000000089c00000, 0x0000000089c00000, 0x0000000089d00000|  0%| F|  |TAMS 0x0000000089c00000, 0x0000000089c00000| Untracked 
| 117|0x0000000089d00000, 0x0000000089d00000, 0x0000000089e00000|  0%| F|  |TAMS 0x0000000089d00000, 0x0000000089d00000| Untracked 
| 118|0x0000000089e00000, 0x0000000089e00000, 0x0000000089f00000|  0%| F|  |TAMS 0x0000000089e00000, 0x0000000089e00000| Untracked 
| 119|0x0000000089f00000, 0x0000000089f00000, 0x000000008a000000|  0%| F|  |TAMS 0x0000000089f00000, 0x0000000089f00000| Untracked 
| 120|0x000000008a000000, 0x000000008a000000, 0x000000008a100000|  0%| F|  |TAMS 0x000000008a000000, 0x000000008a000000| Untracked 
| 121|0x000000008a100000, 0x000000008a176480, 0x000000008a200000| 46%| E|  |TAMS 0x000000008a100000, 0x000000008a100000| Complete 
| 122|0x000000008a200000, 0x000000008a300000, 0x000000008a300000|100%| E|CS|TAMS 0x000000008a200000, 0x000000008a200000| Complete 
| 123|0x000000008a300000, 0x000000008a400000, 0x000000008a400000|100%| E|CS|TAMS 0x000000008a300000, 0x000000008a300000| Complete 
| 124|0x000000008a400000, 0x000000008a500000, 0x000000008a500000|100%| E|CS|TAMS 0x000000008a400000, 0x000000008a400000| Complete 
| 125|0x000000008a500000, 0x000000008a600000, 0x000000008a600000|100%| E|CS|TAMS 0x000000008a500000, 0x000000008a500000| Complete 

Card table byte_map: [0x0000022d56600000,0x0000022d569f0000] _byte_map_base: 0x0000022d561ec000

Marking Bits (Prev, Next): (CMBitMap*) 0x0000022d3f4516a0, (CMBitMap*) 0x0000022d3f4516e0
 Prev Bits: [0x0000022d56de0000, 0x0000022d58d40000)
 Next Bits: [0x0000022d58d40000, 0x0000022d5aca0000)

Polling page: 0x0000022d3ebf0000

Metaspace:

Usage:
  Non-class:      1.86 MB used.
      Class:    138.48 KB used.
       Both:      2.00 MB used.

Virtual space:
  Non-class space:        8.00 MB reserved,       1.94 MB ( 24%) committed,  1 nodes.
      Class space:        1.00 GB reserved,     256.00 KB ( <1%) committed,  1 nodes.
             Both:        1.01 GB reserved,       2.19 MB ( <1%) committed. 

Chunk freelists:
   Non-Class:  3.08 MB
       Class:  3.67 MB
        Both:  6.75 MB

MaxMetaspaceSize: unlimited
CompressedClassSpaceSize: 1.00 GB
Initial GC threshold: 21.00 MB
Current GC threshold: 21.00 MB
CDS: on
MetaspaceReclaimPolicy: balanced
 - commit_granule_bytes: 65536.
 - commit_granule_words: 8192.
 - virtual_space_node_default_size: 1048576.
 - enlarge_chunks_in_place: 1.
 - new_chunks_are_fully_committed: 0.
 - uncommit_free_chunks: 1.
 - use_allocation_guard: 0.
 - handle_deallocations: 1.


Internal statistics:

num_allocs_failed_limit: 0.
num_arena_births: 60.
num_arena_deaths: 0.
num_vsnodes_births: 2.
num_vsnodes_deaths: 0.
num_space_committed: 35.
num_space_uncommitted: 0.
num_chunks_returned_to_freelist: 0.
num_chunks_taken_from_freelist: 111.
num_chunk_merges: 0.
num_chunk_splits: 73.
num_chunks_enlarged: 50.
num_purges: 0.
num_inconsistent_stats: 0.

CodeHeap 'non-profiled nmethods': size=120000Kb used=112Kb max_used=112Kb free=119887Kb
 bounds [0x0000022d4e9b0000, 0x0000022d4ec20000, 0x0000022d55ee0000]
CodeHeap 'profiled nmethods': size=120000Kb used=475Kb max_used=475Kb free=119524Kb
 bounds [0x0000022d47480000, 0x0000022d476f0000, 0x0000022d4e9b0000]
CodeHeap 'non-nmethods': size=5760Kb used=1608Kb max_used=1622Kb free=4151Kb
 bounds [0x0000022d46ee0000, 0x0000022d47150000, 0x0000022d47480000]
 total_blobs=1284 nmethods=349 adapters=848
 compilation: enabled
              stopped_count=0, restarted_count=0
 full_count=0

Compilation events (20 events):
Event: 0.713 Thread 0x0000022d5d690130  340       3       org.lwjgl.system.MemoryUtil::encodeASCIIUnsafe (53 bytes)
Event: 0.713 Thread 0x0000022d5d690130 nmethod 340 0x0000022d474f4f90 code [0x0000022d474f5160, 0x0000022d474f5578]
Event: 0.713 Thread 0x0000022d5d690130  341       3       sun.misc.Unsafe::getLong (9 bytes)
Event: 0.714 Thread 0x0000022d5d690130 nmethod 341 0x0000022d474f5710 code [0x0000022d474f58a0, 0x0000022d474f59b8]
Event: 0.714 Thread 0x0000022d5d690130  342       3       org.lwjgl.system.MemoryUtil::memAddress0 (11 bytes)
Event: 0.714 Thread 0x0000022d5d690130 nmethod 342 0x0000022d474f5a90 code [0x0000022d474f5c20, 0x0000022d474f5dd8]
Event: 0.714 Thread 0x0000022d5d690130  343       1       org.lwjgl.system.Pointer$Default::address (5 bytes)
Event: 0.714 Thread 0x0000022d5d690130 nmethod 343 0x0000022d4e9caf10 code [0x0000022d4e9cb0a0, 0x0000022d4e9cb178]
Event: 0.714 Thread 0x0000022d5d690130  344       3       java.nio.ByteOrder::nativeOrder (4 bytes)
Event: 0.714 Thread 0x0000022d5d690130 nmethod 344 0x0000022d474f5e90 code [0x0000022d474f6020, 0x0000022d474f6118]
Event: 0.715 Thread 0x0000022d5d690130  345       1       java.util.Collections$EmptySet::contains (2 bytes)
Event: 0.715 Thread 0x0000022d5d690130 nmethod 345 0x0000022d4e9cb210 code [0x0000022d4e9cb3a0, 0x0000022d4e9cb478]
Event: 2.426 Thread 0x0000022d5d687680  346       4       java.lang.StringLatin1::lastIndexOf (40 bytes)
Event: 2.429 Thread 0x0000022d5d687680 nmethod 346 0x0000022d4e9cb510 code [0x0000022d4e9cb680, 0x0000022d4e9cb878]
Event: 3.499 Thread 0x0000022d5d690130  347       3       java.lang.Integer::stringSize (47 bytes)
Event: 3.499 Thread 0x0000022d5d687680  348       4       java.lang.AbstractStringBuilder::ensureCapacityInternal (39 bytes)
Event: 3.499 Thread 0x0000022d5d690130 nmethod 347 0x0000022d474f6190 code [0x0000022d474f6340, 0x0000022d474f6598]
Event: 3.499 Thread 0x0000022d5d690130  349       3       java.lang.Integer::getChars (131 bytes)
Event: 3.500 Thread 0x0000022d5d690130 nmethod 349 0x0000022d474f6690 code [0x0000022d474f6860, 0x0000022d474f6c98]
Event: 3.503 Thread 0x0000022d5d687680 nmethod 348 0x0000022d4e9cb990 code [0x0000022d4e9cbb20, 0x0000022d4e9cbf68]

GC Heap History (0 events):
No events

Deoptimization events (0 events):
No events

Classes unloaded (0 events):
No events

Classes redefined (0 events):
No events

Internal exceptions (17 events):
Event: 0.453 Thread 0x0000022d3f4116c0 Exception <a 'java/lang/NoSuchMethodError'{0x000000008a342b48}: 'java.lang.Object java.lang.invoke.DirectMethodHandle$Holder.invokeStaticInit(java.lang.Object)'> (0x000000008a342b48) 
thrown [e:\jenkins\tmp\workspace\build\src\src\hotspot\share\interpreter\linkResolver.cpp, line 766]
Event: 0.468 Thread 0x0000022d3f4116c0 Exception <a 'java/lang/NoSuchMethodError'{0x000000008a38d8f0}: 'void java.lang.invoke.DirectMethodHandle$Holder.invokeStatic(java.lang.Object, java.lang.Object)'> (0x000000008a38d8f0) 
thrown [e:\jenkins\tmp\workspace\build\src\src\hotspot\share\interpreter\linkResolver.cpp, line 766]
Event: 0.470 Thread 0x0000022d3f4116c0 Exception <a 'java/lang/NoSuchMethodError'{0x000000008a393138}: 'void java.lang.invoke.DirectMethodHandle$Holder.invokeSpecial(java.lang.Object, java.lang.Object, java.lang.Object)'> (0x000000008a393138) 
thrown [e:\jenkins\tmp\workspace\build\src\src\hotspot\share\interpreter\linkResolver.cpp, line 766]
Event: 0.473 Thread 0x0000022d3f4116c0 Exception <a 'java/lang/NoSuchMethodError'{0x000000008a3a64c0}: 'java.lang.Object java.lang.invoke.DirectMethodHandle$Holder.invokeStatic(java.lang.Object, java.lang.Object, int)'> (0x000000008a3a64c0) 
thrown [e:\jenkins\tmp\workspace\build\src\src\hotspot\share\interpreter\linkResolver.cpp, line 766]
Event: 0.475 Thread 0x0000022d3f4116c0 Exception <a 'java/lang/NoSuchMethodError'{0x000000008a3b2230}: 'void java.lang.invoke.DelegatingMethodHandle$Holder.delegate(java.lang.Object, java.lang.Object, int, java.lang.Object)'> (0x000000008a3b2230) 
thrown [e:\jenkins\tmp\workspace\build\src\src\hotspot\share\interpreter\linkResolver.cpp, line 766]
Event: 0.475 Thread 0x0000022d3f4116c0 Exception <a 'java/lang/NoSuchMethodError'{0x000000008a3b6470}: 'int java.lang.invoke.DirectMethodHandle$Holder.invokeSpecial(java.lang.Object, java.lang.Object, java.lang.Object)'> (0x000000008a3b6470) 
thrown [e:\jenkins\tmp\workspace\build\src\src\hotspot\share\interpreter\linkResolver.cpp, line 766]
Event: 0.516 Thread 0x0000022d3f4116c0 Exception <a 'sun/nio/fs/WindowsException'{0x000000008a22aeb8}> (0x000000008a22aeb8) 
thrown [e:\jenkins\tmp\workspace\build\src\src\hotspot\share\prims\jni.cpp, line 516]
Event: 0.517 Thread 0x0000022d3f4116c0 Exception <a 'sun/nio/fs/WindowsException'{0x000000008a22b3f8}> (0x000000008a22b3f8) 
thrown [e:\jenkins\tmp\workspace\build\src\src\hotspot\share\prims\jni.cpp, line 516]
Event: 0.529 Thread 0x0000022d3f4116c0 Exception <a 'java/lang/NoSuchMethodError'{0x000000008a259b50}: 'int java.lang.invoke.DirectMethodHandle$Holder.invokeStaticInit(java.lang.Object, java.lang.Object, int, long)'> (0x000000008a259b50) 
thrown [e:\jenkins\tmp\workspace\build\src\src\hotspot\share\interpreter\linkResolver.cpp, line 766]
Event: 0.530 Thread 0x0000022d3f4116c0 Exception <a 'java/lang/NoSuchMethodError'{0x000000008a25f418}: 'java.lang.Object java.lang.invoke.DirectMethodHandle$Holder.newInvokeSpecial(java.lang.Object, java.lang.Object, int)'> (0x000000008a25f418) 
thrown [e:\jenkins\tmp\workspace\build\src\src\hotspot\share\interpreter\linkResolver.cpp, line 766]
Event: 0.533 Thread 0x0000022d3f4116c0 Exception <a 'java/lang/NoSuchMethodError'{0x000000008a26e428}: 'int java.lang.invoke.DirectMethodHandle$Holder.invokeStaticInit(java.lang.Object, java.lang.Object, long, long)'> (0x000000008a26e428) 
thrown [e:\jenkins\tmp\workspace\build\src\src\hotspot\share\interpreter\linkResolver.cpp, line 766]
Event: 0.534 Thread 0x0000022d3f4116c0 Exception <a 'java/lang/NoSuchMethodError'{0x000000008a274538}: 'java.lang.Object java.lang.invoke.DirectMethodHandle$Holder.newInvokeSpecial(java.lang.Object, java.lang.Object, long)'> (0x000000008a274538) 
thrown [e:\jenkins\tmp\workspace\build\src\src\hotspot\share\interpreter\linkResolver.cpp, line 766]
Event: 0.534 Thread 0x0000022d3f4116c0 Exception <a 'java/lang/NoSuchMethodError'{0x000000008a278580}: 'java.lang.Object java.lang.invoke.Invokers$Holder.linkToTargetMethod(java.lang.Object, long, java.lang.Object)'> (0x000000008a278580) 
thrown [e:\jenkins\tmp\workspace\build\src\src\hotspot\share\interpreter\linkResolver.cpp, line 766]
Event: 0.535 Thread 0x0000022d3f4116c0 Exception <a 'java/lang/NoSuchMethodError'{0x000000008a27ff50}: 'int java.lang.invoke.DirectMethodHandle$Holder.invokeStaticInit(java.lang.Object, java.lang.Object, java.lang.Object, long)'> (0x000000008a27ff50) 
thrown [e:\jenkins\tmp\workspace\build\src\src\hotspot\share\interpreter\linkResolver.cpp, line 766]
Event: 0.544 Thread 0x0000022d3f4116c0 Exception <a 'sun/nio/fs/WindowsException'{0x000000008a2e5e18}> (0x000000008a2e5e18) 
thrown [e:\jenkins\tmp\workspace\build\src\src\hotspot\share\prims\jni.cpp, line 516]
Event: 0.544 Thread 0x0000022d3f4116c0 Exception <a 'sun/nio/fs/WindowsException'{0x000000008a2e60d8}> (0x000000008a2e60d8) 
thrown [e:\jenkins\tmp\workspace\build\src\src\hotspot\share\prims\jni.cpp, line 516]
Event: 6.137 Thread 0x0000022d3f4116c0 Implicit null exception at 0x0000022d474ea6ae to 0x0000000000000000

VM Operations (20 events):
Event: 0.420 Executing VM operation: HandshakeAllThreads
Event: 0.420 Executing VM operation: HandshakeAllThreads done
Event: 1.424 Executing VM operation: Cleanup
Event: 1.424 Executing VM operation: Cleanup done
Event: 1.828 Executing VM operation: get/set locals
Event: 1.828 Executing VM operation: get/set locals done
Event: 1.828 Executing VM operation: get/set locals
Event: 1.828 Executing VM operation: get/set locals done
Event: 1.828 Executing VM operation: get/set locals
Event: 1.828 Executing VM operation: get/set locals done
Event: 1.828 Executing VM operation: get/set locals
Event: 1.828 Executing VM operation: get/set locals done
Event: 3.410 Executing VM operation: get/set locals
Event: 3.410 Executing VM operation: get/set locals done
Event: 3.410 Executing VM operation: get/set locals
Event: 3.410 Executing VM operation: get/set locals done
Event: 3.410 Executing VM operation: get/set locals
Event: 3.410 Executing VM operation: get/set locals done
Event: 3.410 Executing VM operation: get/set locals
Event: 3.410 Executing VM operation: get/set locals done

Events (20 events):
Event: 0.525 loading class java/nio/DirectDoubleBufferU
Event: 0.525 loading class java/nio/DirectDoubleBufferU done
Event: 0.525 loading class sun/misc/Unsafe
Event: 0.526 loading class sun/misc/Unsafe done
Event: 0.526 loading class jdk/internal/reflect/UnsafeFieldAccessorFactory
Event: 0.526 loading class jdk/internal/reflect/UnsafeFieldAccessorFactory done
Event: 0.526 loading class jdk/internal/reflect/UnsafeQualifiedStaticObjectFieldAccessorImpl
Event: 0.526 loading class jdk/internal/reflect/UnsafeQualifiedStaticFieldAccessorImpl
Event: 0.526 loading class jdk/internal/reflect/UnsafeQualifiedStaticFieldAccessorImpl done
Event: 0.526 loading class jdk/internal/reflect/UnsafeQualifiedStaticObjectFieldAccessorImpl done
Event: 0.529 loading class java/util/function/LongPredicate
Event: 0.529 loading class java/util/function/LongPredicate done
Event: 0.531 loading class jdk/internal/access/foreign/MemorySegmentProxy
Event: 0.531 loading class jdk/internal/access/foreign/MemorySegmentProxy done
Event: 0.536 loading class java/nio/InvalidMarkException
Event: 0.536 loading class java/nio/InvalidMarkException done
Event: 0.536 loading class java/nio/BufferUnderflowException
Event: 0.536 loading class java/nio/BufferUnderflowException done
Event: 0.544 loading class java/lang/NoSuchFieldError
Event: 0.544 loading class java/lang/NoSuchFieldError done


Dynamic libraries:
0x00007ff6a2c40000 - 0x00007ff6a2c4e000 	C:\Program Files\Eclipse Adoptium\jdk-17.0.1.12-hotspot\bin\java.exe
0x00007ff883220000 - 0x00007ff883429000 	C:\windows\SYSTEM32\ntdll.dll
0x00007ff8813e0000 - 0x00007ff88149d000 	C:\windows\System32\KERNEL32.DLL
0x00007ff880aa0000 - 0x00007ff880e1c000 	C:\windows\System32\KERNELBASE.dll
0x00007ff880f90000 - 0x00007ff8810a1000 	C:\windows\System32\ucrtbase.dll
0x00007ff875240000 - 0x00007ff875258000 	C:\Program Files\Eclipse Adoptium\jdk-17.0.1.12-hotspot\bin\jli.dll
0x00007ff874f20000 - 0x00007ff874f39000 	C:\Program Files\Eclipse Adoptium\jdk-17.0.1.12-hotspot\bin\VCRUNTIME140.dll
0x00007ff8822a0000 - 0x00007ff88244d000 	C:\windows\System32\USER32.dll
0x00007ff86e6e0000 - 0x00007ff86e985000 	C:\windows\WinSxS\amd64_microsoft.windows.common-controls_6595b64144ccf1df_6.0.22000.120_none_9d947278b86cc467\COMCTL32.dll
0x00007ff880e20000 - 0x00007ff880e46000 	C:\windows\System32\win32u.dll
0x00007ff882140000 - 0x00007ff882169000 	C:\windows\System32\GDI32.dll
0x00007ff880810000 - 0x00007ff880929000 	C:\windows\System32\gdi32full.dll
0x00007ff880700000 - 0x00007ff88079d000 	C:\windows\System32\msvcp_win.dll
0x00007ff881e60000 - 0x00007ff881f03000 	C:\windows\System32\msvcrt.dll
0x00007ff881130000 - 0x00007ff881161000 	C:\windows\System32\IMM32.DLL
0x00007ff875460000 - 0x00007ff87546c000 	C:\Program Files\Eclipse Adoptium\jdk-17.0.1.12-hotspot\bin\vcruntime140_1.dll
0x00007ff86ae00000 - 0x00007ff86ae91000 	C:\Program Files\Eclipse Adoptium\jdk-17.0.1.12-hotspot\bin\msvcp140.dll
0x00007fffe9fc0000 - 0x00007fffeac06000 	C:\Program Files\Eclipse Adoptium\jdk-17.0.1.12-hotspot\bin\server\jvm.dll
0x00007ff8821e0000 - 0x00007ff88228e000 	C:\windows\System32\ADVAPI32.dll
0x00007ff881830000 - 0x00007ff8818ce000 	C:\windows\System32\sechost.dll
0x00007ff881710000 - 0x00007ff881830000 	C:\windows\System32\RPCRT4.dll
0x00007ff8825a0000 - 0x00007ff8825a8000 	C:\windows\System32\PSAPI.DLL
0x00007ff878010000 - 0x00007ff878019000 	C:\windows\SYSTEM32\WSOCK32.dll
0x00007ff882170000 - 0x00007ff8821df000 	C:\windows\System32\WS2_32.dll
0x00007ff8778e0000 - 0x00007ff877913000 	C:\windows\SYSTEM32\WINMM.dll
0x00007ff87b950000 - 0x00007ff87b95a000 	C:\windows\SYSTEM32\VERSION.dll
0x00007ff87f8b0000 - 0x00007ff87f8c8000 	C:\windows\SYSTEM32\kernel.appcore.dll
0x00007ff8752f0000 - 0x00007ff8752fa000 	C:\Program Files\Eclipse Adoptium\jdk-17.0.1.12-hotspot\bin\jimage.dll
0x00007ff87a9f0000 - 0x00007ff87ac11000 	C:\windows\SYSTEM32\DBGHELP.DLL
0x00007ff87a900000 - 0x00007ff87a931000 	C:\windows\SYSTEM32\dbgcore.DLL
0x00007ff880e50000 - 0x00007ff880ecf000 	C:\windows\System32\bcryptPrimitives.dll
0x00007ff875350000 - 0x00007ff87538b000 	C:\Program Files\Eclipse Adoptium\jdk-17.0.1.12-hotspot\bin\jdwp.dll
0x00007ff874ce0000 - 0x00007ff874d05000 	C:\Program Files\Eclipse Adoptium\jdk-17.0.1.12-hotspot\bin\java.dll
0x00007ff8686c0000 - 0x00007ff868796000 	C:\Program Files\Eclipse Adoptium\jdk-17.0.1.12-hotspot\bin\svml.dll
0x00007ff8825b0000 - 0x00007ff882d68000 	C:\windows\System32\SHELL32.dll
0x00007ff87e830000 - 0x00007ff87f098000 	C:\windows\SYSTEM32\windows.storage.dll
0x00007ff881ae0000 - 0x00007ff881e59000 	C:\windows\System32\combase.dll
0x00007ff87e6c0000 - 0x00007ff87e826000 	C:\windows\SYSTEM32\wintypes.dll
0x00007ff882450000 - 0x00007ff88253a000 	C:\windows\System32\SHCORE.dll
0x00007ff882540000 - 0x00007ff88259d000 	C:\windows\System32\shlwapi.dll
0x00007ff880630000 - 0x00007ff880651000 	C:\windows\SYSTEM32\profapi.dll
0x00007ff8753b0000 - 0x00007ff8753bc000 	C:\Program Files\Eclipse Adoptium\jdk-17.0.1.12-hotspot\bin\dt_socket.dll
0x00007ff87f350000 - 0x00007ff87f37d000 	C:\windows\SYSTEM32\IPHLPAPI.DLL
0x00007ff87fcf0000 - 0x00007ff87fd57000 	C:\windows\system32\mswsock.dll
0x00007ff874740000 - 0x00007ff874759000 	C:\Program Files\Eclipse Adoptium\jdk-17.0.1.12-hotspot\bin\net.dll
0x00007ff87c8d0000 - 0x00007ff87c9dc000 	C:\windows\SYSTEM32\WINHTTP.dll
0x00007ff872b40000 - 0x00007ff872b55000 	C:\Program Files\Eclipse Adoptium\jdk-17.0.1.12-hotspot\bin\nio.dll
0x00007ff870b00000 - 0x00007ff870b18000 	C:\Program Files\Eclipse Adoptium\jdk-17.0.1.12-hotspot\bin\zip.dll
0x00007ff853fc0000 - 0x00007ff854035000 	C:\Users\gwch3\AppData\Local\Temp\lwjglhi\3.3.1-build-7\lwjgl.dll
0x00007ff868fd0000 - 0x00007ff868fec000 	C:\windows\SYSTEM32\OpenCL.dll
0x00007ff880400000 - 0x00007ff88044c000 	C:\windows\SYSTEM32\cfgmgr32.dll
0x00007ff87dfd0000 - 0x00007ff87e008000 	C:\windows\SYSTEM32\dxcore.dll
0x00007ff881310000 - 0x00007ff8813bf000 	C:\windows\System32\clbcatq.dll
0x00007ff87de90000 - 0x00007ff87df83000 	C:\windows\SYSTEM32\dxgi.dll
0x00007ff878ca0000 - 0x00007ff878ce4000 	C:\windows\SYSTEM32\directxdatabasehelper.dll
0x00007ff87e040000 - 0x00007ff87e074000 	C:\windows\SYSTEM32\ntmarta.dll
0x00007fffe8720000 - 0x00007fffe8c3b000 	C:\windows\System32\DriverStore\FileRepository\iigd_dch.inf_amd64_b33c1fe20b4e97b0\igdrcl64.dll
0x00007ff85b480000 - 0x00007ff85b7b1000 	C:\windows\System32\DriverStore\FileRepository\iigd_dch.inf_amd64_b33c1fe20b4e97b0\igdgmm64.dll

dbghelp: loaded successfully - version: 4.0.5 - missing functions: none
symbol engine: initialized successfully - sym options: 0x614 - pdb path: .;C:\Program Files\Eclipse Adoptium\jdk-17.0.1.12-hotspot\bin;C:\windows\SYSTEM32;C:\windows\WinSxS\amd64_microsoft.windows.common-controls_6595b64144ccf1df_6.0.22000.120_none_9d947278b86cc467;C:\Program Files\Eclipse Adoptium\jdk-17.0.1.12-hotspot\bin\server;C:\Users\gwch3\AppData\Local\Temp\lwjglhi\3.3.1-build-7;C:\windows\System32\DriverStore\FileRepository\iigd_dch.inf_amd64_b33c1fe20b4e97b0

VM Arguments:
jvm_args: -agentlib:jdwp=transport=dt_socket,server=n,suspend=y,address=127.0.0.1:11874 -Dfile.encoding=windows-1252 -Duser.country=US -Duser.language=en -Duser.variant 
java_command: FastPrime.Main
java_class_path (initial): C:\Users\gwch3\IdeaProjects\FastPrime\app\build\classes\java\main;C:\Users\gwch3\IdeaProjects\FastPrime\app\build\resources\main;C:\Users\gwch3\.gradle\caches\modules-2\files-2.1\org.lwjgl\lwjgl-opencl\3.3.1\8e9b00d310ef80ec4343ed709efb2ae77386014d\lwjgl-opencl-3.3.1.jar;C:\Users\gwch3\.gradle\caches\modules-2\files-2.1\org.lwjgl\lwjgl\3.3.1\ae58664f88e18a9bb2c77b063833ca7aaec484cb\lwjgl-3.3.1.jar;C:\Users\gwch3\.gradle\caches\modules-2\files-2.1\org.lwjgl\lwjgl\3.3.1\36c37f16ab611b3aa11f3bcf80b1d509b4ce6b\lwjgl-3.3.1-natives-windows.jar;C:\Users\gwch3\.gradle\caches\modules-2\files-2.1\org.joml\joml\1.10.5\22566d58af70ad3d72308bab63b8339906deb649\joml-1.10.5.jar
Launcher Type: SUN_STANDARD

[Global flags]
     intx CICompilerCount                          = 4                                         {product} {ergonomic}
     uint ConcGCThreads                            = 2                                         {product} {ergonomic}
     uint G1ConcRefinementThreads                  = 8                                         {product} {ergonomic}
   size_t G1HeapRegionSize                         = 1048576                                   {product} {ergonomic}
    uintx GCDrainStackTargetSize                   = 64                                        {product} {ergonomic}
   size_t InitialHeapSize                          = 132120576                                 {product} {ergonomic}
   size_t MarkStackSize                            = 4194304                                   {product} {ergonomic}
   size_t MaxHeapSize                              = 2105540608                                {product} {ergonomic}
   size_t MaxNewSize                               = 1262485504                                {product} {ergonomic}
   size_t MinHeapDeltaBytes                        = 1048576                                   {product} {ergonomic}
   size_t MinHeapSize                              = 8388608                                   {product} {ergonomic}
    uintx NonNMethodCodeHeapSize                   = 5839372                                {pd product} {ergonomic}
    uintx NonProfiledCodeHeapSize                  = 122909434                              {pd product} {ergonomic}
    uintx ProfiledCodeHeapSize                     = 122909434                              {pd product} {ergonomic}
    uintx ReservedCodeCacheSize                    = 251658240                              {pd product} {ergonomic}
     bool SegmentedCodeCache                       = true                                      {product} {ergonomic}
   size_t SoftMaxHeapSize                          = 2105540608                             {manageable} {ergonomic}
     bool UseCompressedClassPointers               = true                           {product lp64_product} {ergonomic}
     bool UseCompressedOops                        = true                           {product lp64_product} {ergonomic}
     bool UseG1GC                                  = true                                      {product} {ergonomic}
     bool UseLargePagesIndividualAllocation        = false                                  {pd product} {ergonomic}

Logging:
Log output configuration:
 #0: stdout all=warning uptime,level,tags
 #1: stderr all=off uptime,level,tags

Environment Variables:
JAVA_HOME=C:\Program Files\Eclipse Adoptium\jdk-17.0.1.12-hotspot\
PATH=C:\VulkanSDK\1.3.216.0\Bin;C:\Program Files\Eclipse Adoptium\jdk-17.0.1.12-hotspot\bin;C:\windows\system32;C:\windows;C:\windows\System32\Wbem;C:\windows\System32\WindowsPowerShell\v1.0\;C:\windows\System32\OpenSSH\;C:\Program Files\MongoDB\Server\5.0\bin;C:\Gradle\gradle-7.4.2\bin;C:\Program Files\Git\cmd;C:\Program Files\dotnet\;C:\QuickCMD;C:\Users\gwch3\AppData\Local\Programs\Python\Python310;C:\Users\gwch3\AppData\Local\Microsoft\WindowsApps;;C:\Program Files\JetBrains\IntelliJ IDEA Community Edition 2021.3\bin;;C:\Users\gwch3\AppData\Local\Programs\Microsoft VS Code\bin;C:\Users\gwch3\.dotnet\tools;C:\Program Files\JetBrains\CLion 2021.3.2\bin;;C:\Users\gwch3\AppData\Local\JetBrains\Toolbox\scripts
USERNAME=hi
OS=Windows_NT
PROCESSOR_IDENTIFIER=Intel64 Family 6 Model 140 Stepping 1, GenuineIntel



---------------  S Y S T E M  ---------------

OS:
 Windows 10 , 64 bit Build 22000 (10.0.22000.708)
OS uptime: 1 days 13:20 hours
Hyper-V role detected

CPU: total 8 (initial active 8) (4 cores per cpu, 2 threads per core) family 6 model 140 stepping 1 microcode 0x9a, cx8, cmov, fxsr, ht, mmx, 3dnowpref, sse, sse2, sse3, ssse3, sse4.1, sse4.2, popcnt, lzcnt, tsc, tscinvbit, avx, avx2, aes, erms, clmul, bmi1, bmi2, adx, avx512f, avx512dq, avx512cd, avx512bw, avx512vl, sha, fma, vzeroupper, avx512_vpopcntdq, avx512_vpclmulqdq, avx512_vaes, avx512_vnni, clflush, clflushopt, clwb, avx512_vbmi2, avx512_vbmi, hv

Memory: 4k page, system-wide physical 8026M (323M free)
TotalPageFile size 22390M (AvailPageFile size 3661M)
current process WorkingSet (physical memory assigned to process): 46M, peak: 47M
current process commit charge ("private bytes"): 215M, peak: 216M

vm_info: OpenJDK 64-Bit Server VM (17.0.1+12) for windows-amd64 JRE (17.0.1+12), built on Oct 20 2021 07:42:55 by "" with MS VC++ 16.7 (VS2019)

END.
